2024-10-18 20:37:58.388 [main] WARN  com.alibaba.nacos.client.logging.NacosLogging - Load Logback Configuration of Nacos fail, message: Could not initialize Logback Nacos logging from classpath:nacos-logback.xml
2024-10-18 20:37:58.433 [main] WARN  com.alibaba.nacos.client.logging.NacosLogging - Load Logback Configuration of Nacos fail, message: Could not initialize Logback Nacos logging from classpath:nacos-logback.xml
2024-10-18 20:37:58.588 [main] WARN  com.alibaba.nacos.client.logging.NacosLogging - Load Logback Configuration of Nacos fail, message: Could not initialize Logback Nacos logging from classpath:nacos-logback.xml
2024-10-18 20:37:58.589 [main] INFO  com.alibaba.nacos.client.utils.ParamUtil - [settings] [req-serv] nacos-server port:8848
2024-10-18 20:37:58.589 [main] INFO  com.alibaba.nacos.client.utils.ParamUtil - [settings] [http-client] connect timeout:1000
2024-10-18 20:37:58.590 [main] INFO  com.alibaba.nacos.client.utils.ParamUtil - PER_TASK_CONFIG_SIZE: 3000.0
2024-10-18 20:37:58.607 [main] INFO  c.a.n.p.auth.spi.client.ClientAuthPluginManager - [ClientAuthPluginManager] Load ClientAuthService com.alibaba.nacos.client.auth.impl.NacosClientAuthServiceImpl success.
2024-10-18 20:37:58.607 [main] INFO  c.a.n.p.auth.spi.client.ClientAuthPluginManager - [ClientAuthPluginManager] Load ClientAuthService com.alibaba.nacos.client.auth.ram.RamClientAuthServiceImpl success.
2024-10-18 20:37:58.609 [main] INFO  c.a.n.client.auth.ram.identify.CredentialWatcher - null No credential found
2024-10-18 20:37:59.855 [main] WARN  com.alibaba.nacos.client.logging.NacosLogging - Load Logback Configuration of Nacos fail, message: Could not initialize Logback Nacos logging from classpath:nacos-logback.xml
2024-10-18 20:37:59.864 [main] INFO  c.a.n.client.config.impl.LocalConfigInfoProcessor - LOCAL_SNAPSHOT_PATH:C:\Users\xzf\nacos\config
2024-10-18 20:37:59.867 [main] INFO  com.alibaba.nacos.common.remote.client - [RpcClientFactory] create a new rpc client of b77bb130-2bc4-4fb2-a7d9-8ebd164a9047_config-0
2024-10-18 20:37:59.878 [main] INFO  com.alibaba.nacos.common.remote.client - [b77bb130-2bc4-4fb2-a7d9-8ebd164a9047_config-0] Register server push request handler:com.alibaba.nacos.client.config.impl.ClientWorker$ConfigRpcTransportClient$$Lambda$589/0x00000264143701f8
2024-10-18 20:37:59.878 [main] INFO  com.alibaba.nacos.common.remote.client - [b77bb130-2bc4-4fb2-a7d9-8ebd164a9047_config-0] Register server push request handler:com.alibaba.nacos.client.config.impl.ClientWorker$ConfigRpcTransportClient$$Lambda$590/0x0000026414370618
2024-10-18 20:37:59.878 [main] INFO  com.alibaba.nacos.common.remote.client - [b77bb130-2bc4-4fb2-a7d9-8ebd164a9047_config-0] Registry connection listener to current client:com.alibaba.nacos.client.config.impl.ClientWorker$ConfigRpcTransportClient$1
2024-10-18 20:37:59.879 [main] INFO  com.alibaba.nacos.common.remote.client - [b77bb130-2bc4-4fb2-a7d9-8ebd164a9047_config-0] RpcClient init, ServerListFactory = com.alibaba.nacos.client.config.impl.ClientWorker$ConfigRpcTransportClient$2
2024-10-18 20:37:59.884 [main] INFO  com.alibaba.nacos.common.remote.client - [b77bb130-2bc4-4fb2-a7d9-8ebd164a9047_config-0] Try to connect to server on start up, server: {serverIp = '127.0.0.1', server main port = 8848}
2024-10-18 20:37:59.913 [main] INFO  c.a.nacos.common.remote.client.grpc.GrpcClient - grpc client connection server:127.0.0.1 ip,serverPort:9848,grpcTslConfig:{"sslProvider":"OPENSSL","enableTls":false,"mutualAuthEnable":false,"trustAll":false}
2024-10-18 20:38:00.530 [main] INFO  com.alibaba.nacos.common.remote.client - [b77bb130-2bc4-4fb2-a7d9-8ebd164a9047_config-0] Success to connect to server [127.0.0.1:8848] on start up, connectionId = 1729255080352_127.0.0.1_65055
2024-10-18 20:38:00.530 [com.alibaba.nacos.client.remote.worker] INFO  com.alibaba.nacos.common.remote.client - [b77bb130-2bc4-4fb2-a7d9-8ebd164a9047_config-0] Notify connected event to listeners.
2024-10-18 20:38:00.530 [com.alibaba.nacos.client.remote.worker] INFO  com.alibaba.nacos.client.config.impl.ClientWorker - [b77bb130-2bc4-4fb2-a7d9-8ebd164a9047_config-0] Connected,notify listen context...
2024-10-18 20:38:00.531 [main] INFO  com.alibaba.nacos.common.remote.client - [b77bb130-2bc4-4fb2-a7d9-8ebd164a9047_config-0] Register server push request handler:com.alibaba.nacos.common.remote.client.RpcClient$ConnectResetRequestHandler
2024-10-18 20:38:00.531 [main] INFO  com.alibaba.nacos.common.remote.client - [b77bb130-2bc4-4fb2-a7d9-8ebd164a9047_config-0] Register server push request handler:com.alibaba.nacos.common.remote.client.RpcClient$$Lambda$610/0x00000264144f76d8
2024-10-18 20:38:00.558 [main] INFO  com.alibaba.nacos.client.config.impl.Limiter - limitTime:5.0
2024-10-18 20:38:00.606 [main] INFO  com.alibaba.nacos.client.config.utils.JvmUtil - isMultiInstance:false
2024-10-18 20:38:00.616 [main] WARN  c.a.cloud.nacos.client.NacosPropertySourceBuilder - Ignore the empty nacos configuration and get it based on dataId[LittleRedBook-auth.yaml] & group[DEFAULT_GROUP]
2024-10-18 20:38:00.626 [main] INFO  o.s.c.b.c.PropertySourceBootstrapConfiguration - Located property source: [BootstrapPropertySource {name='bootstrapProperties-LittleRedBook-auth-dev.yaml,DEFAULT_GROUP'}, BootstrapPropertySource {name='bootstrapProperties-LittleRedBook-auth.yaml,DEFAULT_GROUP'}, BootstrapPropertySource {name='bootstrapProperties-LittleRedBook-auth,DEFAULT_GROUP'}]
2024-10-18 20:38:00.639 [main] WARN  com.alibaba.nacos.client.logging.NacosLogging - Load Logback Configuration of Nacos fail, message: Could not initialize Logback Nacos logging from classpath:nacos-logback.xml
2024-10-18 20:38:00.640 [main] INFO  c.h.littleredbookauth.LittleRedBookAuthApplication - The following 1 profile is active: "dev"
2024-10-18 20:38:01.070 [main] INFO  o.s.d.r.config.RepositoryConfigurationDelegate - Multiple Spring Data modules found, entering strict repository configuration mode
2024-10-18 20:38:01.071 [main] INFO  o.s.d.r.config.RepositoryConfigurationDelegate - Bootstrapping Spring Data Redis repositories in DEFAULT mode.
2024-10-18 20:38:01.088 [main] INFO  o.s.d.r.config.RepositoryConfigurationDelegate - Finished Spring Data repository scanning in 6 ms. Found 0 Redis repository interfaces.
2024-10-18 20:38:01.170 [main] INFO  o.springframework.cloud.context.scope.GenericScope - BeanFactory id=2c601d5e-dab6-31f8-86c0-e6380f4c2f80
2024-10-18 20:38:01.546 [main] INFO  o.s.boot.web.embedded.tomcat.TomcatWebServer - Tomcat initialized with port(s): 8080 (http)
2024-10-18 20:38:01.554 [main] INFO  org.apache.catalina.core.StandardService - Starting service [Tomcat]
2024-10-18 20:38:01.554 [main] INFO  org.apache.catalina.core.StandardEngine - Starting Servlet engine: [Apache Tomcat/10.1.5]
2024-10-18 20:38:01.605 [main] INFO  o.a.c.core.ContainerBase.[Tomcat].[localhost].[/] - Initializing Spring embedded WebApplicationContext
2024-10-18 20:38:01.605 [main] INFO  o.s.b.w.s.c.ServletWebServerApplicationContext - Root WebApplicationContext: initialization completed in 957 ms
2024-10-18 20:38:01.671 [main] INFO  c.a.d.s.b.a.DruidDataSourceAutoConfigure - Init DruidDataSource
2024-10-18 20:38:01.952 [main] INFO  com.alibaba.druid.pool.DruidDataSource - {dataSource-1} inited
2024-10-18 20:38:03.633 [main] INFO  org.springframework.cloud.commons.util.InetUtils - Cannot determine local hostname
2024-10-18 20:38:11.710 [main] INFO  org.springframework.cloud.commons.util.InetUtils - Cannot determine local hostname
2024-10-18 20:38:11.785 [main] INFO  o.s.boot.web.embedded.tomcat.TomcatWebServer - Tomcat started on port(s): 8080 (http) with context path ''
2024-10-18 20:38:11.789 [main] INFO  com.alibaba.nacos.client.naming - initializer namespace from ans.namespace attribute : null
2024-10-18 20:38:11.789 [main] INFO  com.alibaba.nacos.client.naming - initializer namespace from ALIBABA_ALIWARE_NAMESPACE attribute :null
2024-10-18 20:38:11.790 [main] INFO  com.alibaba.nacos.client.naming - initializer namespace from namespace attribute :null
2024-10-18 20:38:11.800 [main] INFO  c.a.n.p.auth.spi.client.ClientAuthPluginManager - [ClientAuthPluginManager] Load ClientAuthService com.alibaba.nacos.client.auth.impl.NacosClientAuthServiceImpl success.
2024-10-18 20:38:11.800 [main] INFO  c.a.n.p.auth.spi.client.ClientAuthPluginManager - [ClientAuthPluginManager] Load ClientAuthService com.alibaba.nacos.client.auth.ram.RamClientAuthServiceImpl success.
2024-10-18 20:38:11.803 [main] INFO  com.alibaba.nacos.common.remote.client - [RpcClientFactory] create a new rpc client of 264f00d4-2cdb-46b2-a25e-e8188037c351
2024-10-18 20:38:11.805 [main] INFO  com.alibaba.nacos.common.remote.client - [264f00d4-2cdb-46b2-a25e-e8188037c351] RpcClient init, ServerListFactory = com.alibaba.nacos.client.naming.core.ServerListManager
2024-10-18 20:38:11.805 [main] INFO  com.alibaba.nacos.common.remote.client - [264f00d4-2cdb-46b2-a25e-e8188037c351] Registry connection listener to current client:com.alibaba.nacos.client.naming.remote.gprc.redo.NamingGrpcRedoService
2024-10-18 20:38:11.805 [main] INFO  com.alibaba.nacos.common.remote.client - [264f00d4-2cdb-46b2-a25e-e8188037c351] Register server push request handler:com.alibaba.nacos.client.naming.remote.gprc.NamingPushRequestHandler
2024-10-18 20:38:11.805 [main] INFO  com.alibaba.nacos.common.remote.client - [264f00d4-2cdb-46b2-a25e-e8188037c351] Try to connect to server on start up, server: {serverIp = '127.0.0.1', server main port = 8848}
2024-10-18 20:38:11.805 [main] INFO  c.a.nacos.common.remote.client.grpc.GrpcClient - grpc client connection server:127.0.0.1 ip,serverPort:9848,grpcTslConfig:{"sslProvider":"OPENSSL","enableTls":false,"mutualAuthEnable":false,"trustAll":false}
2024-10-18 20:38:11.929 [main] INFO  com.alibaba.nacos.common.remote.client - [264f00d4-2cdb-46b2-a25e-e8188037c351] Success to connect to server [127.0.0.1:8848] on start up, connectionId = 1729255091809_127.0.0.1_65131
2024-10-18 20:38:11.929 [main] INFO  com.alibaba.nacos.common.remote.client - [264f00d4-2cdb-46b2-a25e-e8188037c351] Register server push request handler:com.alibaba.nacos.common.remote.client.RpcClient$ConnectResetRequestHandler
2024-10-18 20:38:11.929 [main] INFO  com.alibaba.nacos.common.remote.client - [264f00d4-2cdb-46b2-a25e-e8188037c351] Register server push request handler:com.alibaba.nacos.common.remote.client.RpcClient$$Lambda$610/0x00000264144f76d8
2024-10-18 20:38:11.929 [com.alibaba.nacos.client.remote.worker] INFO  com.alibaba.nacos.common.remote.client - [264f00d4-2cdb-46b2-a25e-e8188037c351] Notify connected event to listeners.
2024-10-18 20:38:11.929 [com.alibaba.nacos.client.remote.worker] INFO  com.alibaba.nacos.client.naming - Grpc connection connect
2024-10-18 20:38:11.930 [main] INFO  com.alibaba.nacos.client.naming - [REGISTER-SERVICE] Little-Red-Book registering service LittleRedBook-auth with instance Instance{instanceId='null', ip='192.168.94.1', port=8080, weight=1.0, healthy=true, enabled=true, ephemeral=true, clusterName='DEFAULT', serviceName='null', metadata={IPv6=[2409:8a1e:53a7:1b20:9965:1661:3f68:a262], preserved.register.source=SPRING_CLOUD}}
2024-10-18 20:38:11.951 [main] INFO  c.a.cloud.nacos.registry.NacosServiceRegistry - nacos registry, DEFAULT_GROUP LittleRedBook-auth 192.168.94.1:8080 register finished
2024-10-18 20:38:13.071 [main] INFO  org.springframework.cloud.commons.util.InetUtils - Cannot determine local hostname
2024-10-18 20:38:13.085 [main] INFO  c.h.littleredbookauth.LittleRedBookAuthApplication - Started LittleRedBookAuthApplication in 16.128 seconds (process running for 16.56)
2024-10-18 20:38:13.086 [main] INFO  c.h.l.runner.PushRolePermissions2RedisRunner - ==> 服务启动，开始同步角色权限数据到 Redis 中...
2024-10-18 20:38:13.108 [main] DEBUG c.h.l.domain.mapper.RoleDOMapper.selectEnabledList - ==>  Preparing: select id, role_key, role_name from t_role where status = 0 and is_deleted = 0
2024-10-18 20:38:13.249 [main] DEBUG c.h.l.domain.mapper.RoleDOMapper.selectEnabledList - ==> Parameters: 
2024-10-18 20:38:13.315 [main] DEBUG c.h.l.domain.mapper.RoleDOMapper.selectEnabledList - <==      Total: 1
2024-10-18 20:38:13.333 [main] DEBUG c.h.l.d.m.RolePermissionDOMapper.selectByRoleIds - ==>  Preparing: select role_id, permission_id from t_role_permission_rel where role_id in ( ? )
2024-10-18 20:38:13.335 [main] DEBUG c.h.l.d.m.RolePermissionDOMapper.selectByRoleIds - ==> Parameters: 1(Long)
2024-10-18 20:38:13.343 [main] DEBUG c.h.l.d.m.RolePermissionDOMapper.selectByRoleIds - <==      Total: 2
2024-10-18 20:38:13.344 [main] DEBUG c.h.l.d.m.PermissionDOMapper.selectAppEnabledList - ==>  Preparing: select id, name, permission_key from t_permission where status = 0 and type = 3 and is_deleted = 0
2024-10-18 20:38:13.345 [main] DEBUG c.h.l.d.m.PermissionDOMapper.selectAppEnabledList - ==> Parameters: 
2024-10-18 20:38:13.352 [main] DEBUG c.h.l.d.m.PermissionDOMapper.selectAppEnabledList - <==      Total: 2
2024-10-18 20:38:13.774 [main] INFO  c.h.l.runner.PushRolePermissions2RedisRunner - ==> 服务启动，成功同步角色权限数据到 Redis 中...
2024-10-18 20:38:13.779 [main] INFO  com.alibaba.nacos.client.config.impl.CacheData - nacos.cache.data.init.snapshot = true 
2024-10-18 20:38:13.779 [main] INFO  com.alibaba.nacos.client.config.impl.ClientWorker - [fixed-Little-Red-Book-127.0.0.1_8848] [subscribe] LittleRedBook-auth-dev.yaml+DEFAULT_GROUP+Little-Red-Book
2024-10-18 20:38:13.785 [main] INFO  com.alibaba.nacos.client.config.impl.CacheData - [fixed-Little-Red-Book-127.0.0.1_8848] [add-listener] ok, tenant=Little-Red-Book, dataId=LittleRedBook-auth-dev.yaml, group=DEFAULT_GROUP, cnt=1
2024-10-18 20:38:13.785 [main] INFO  c.a.cloud.nacos.refresh.NacosContextRefresher - [Nacos Config] Listening config: dataId=LittleRedBook-auth-dev.yaml, group=DEFAULT_GROUP
2024-10-18 20:38:13.785 [main] INFO  com.alibaba.nacos.client.config.impl.ClientWorker - [fixed-Little-Red-Book-127.0.0.1_8848] [subscribe] LittleRedBook-auth.yaml+DEFAULT_GROUP+Little-Red-Book
2024-10-18 20:38:13.785 [main] INFO  com.alibaba.nacos.client.config.impl.CacheData - [fixed-Little-Red-Book-127.0.0.1_8848] [add-listener] ok, tenant=Little-Red-Book, dataId=LittleRedBook-auth.yaml, group=DEFAULT_GROUP, cnt=1
2024-10-18 20:38:13.785 [main] INFO  c.a.cloud.nacos.refresh.NacosContextRefresher - [Nacos Config] Listening config: dataId=LittleRedBook-auth.yaml, group=DEFAULT_GROUP
2024-10-18 20:38:13.785 [main] INFO  com.alibaba.nacos.client.config.impl.ClientWorker - [fixed-Little-Red-Book-127.0.0.1_8848] [subscribe] LittleRedBook-auth+DEFAULT_GROUP+Little-Red-Book
2024-10-18 20:38:13.785 [main] INFO  com.alibaba.nacos.client.config.impl.CacheData - [fixed-Little-Red-Book-127.0.0.1_8848] [add-listener] ok, tenant=Little-Red-Book, dataId=LittleRedBook-auth, group=DEFAULT_GROUP, cnt=1
2024-10-18 20:38:13.785 [main] INFO  c.a.cloud.nacos.refresh.NacosContextRefresher - [Nacos Config] Listening config: dataId=LittleRedBook-auth, group=DEFAULT_GROUP
2024-10-18 20:39:30.119 [http-nio-8080-exec-3] INFO  o.a.c.core.ContainerBase.[Tomcat].[localhost].[/] - Initializing Spring DispatcherServlet 'dispatcherServlet'
2024-10-18 20:39:30.119 [http-nio-8080-exec-3] INFO  org.springframework.web.servlet.DispatcherServlet - Initializing Servlet 'dispatcherServlet'
2024-10-18 20:39:30.120 [http-nio-8080-exec-3] INFO  org.springframework.web.servlet.DispatcherServlet - Completed initialization in 1 ms
2024-10-18 20:40:28.469 [http-nio-8080-exec-4] INFO  c.h.f.b.operationlog.aspect.ApiOperationLogAspect - ====== 请求开始: [账号登出], 入参: "3", 请求类: UserController, 请求方法: logout =================================== 
2024-10-18 20:40:28.533 [http-nio-8080-exec-4] INFO  c.h.f.b.operationlog.aspect.ApiOperationLogAspect - ====== 请求结束: [账号登出], 耗时: 64ms, 出参: {"success":true,"message":null,"errorCode":null,"data":null} =================================== 
2024-10-18 21:20:43.673 [Thread-2] WARN  c.alibaba.nacos.common.http.HttpClientBeanHolder - [HttpClientBeanHolder] Start destroying common HttpClient
2024-10-18 21:20:43.673 [Thread-9] WARN  com.alibaba.nacos.common.notify.NotifyCenter - [NotifyCenter] Start destroying Publisher
2024-10-18 21:20:43.680 [Thread-9] WARN  com.alibaba.nacos.common.notify.NotifyCenter - [NotifyCenter] Destruction of the end
2024-10-18 21:20:43.684 [Thread-2] WARN  c.alibaba.nacos.common.http.HttpClientBeanHolder - [HttpClientBeanHolder] Destruction of the end
2024-10-18 21:20:43.801 [SpringApplicationShutdownHook] INFO  c.a.cloud.nacos.registry.NacosServiceRegistry - De-registering from Nacos Server now...
2024-10-18 21:20:43.801 [SpringApplicationShutdownHook] INFO  com.alibaba.nacos.client.naming - [DEREGISTER-SERVICE] Little-Red-Book deregistering service LittleRedBook-auth with instance: Instance{instanceId='null', ip='192.168.94.1', port=8080, weight=1.0, healthy=true, enabled=true, ephemeral=true, clusterName='DEFAULT', serviceName='null', metadata={}}
2024-10-18 21:20:43.822 [SpringApplicationShutdownHook] INFO  c.a.cloud.nacos.registry.NacosServiceRegistry - De-registration finished.
2024-10-18 21:20:43.822 [SpringApplicationShutdownHook] INFO  com.alibaba.nacos.client.naming - com.alibaba.nacos.client.naming.cache.ServiceInfoHolder do shutdown begin
2024-10-18 21:20:43.823 [SpringApplicationShutdownHook] INFO  com.alibaba.nacos.client.naming - com.alibaba.nacos.client.naming.backups.FailoverReactor do shutdown begin
2024-10-18 21:20:43.823 [SpringApplicationShutdownHook] INFO  com.alibaba.nacos.client.naming - com.alibaba.nacos.client.naming.backups.FailoverReactor do shutdown stop
2024-10-18 21:20:43.823 [SpringApplicationShutdownHook] INFO  com.alibaba.nacos.client.naming - com.alibaba.nacos.client.naming.cache.ServiceInfoHolder do shutdown stop
2024-10-18 21:20:43.823 [SpringApplicationShutdownHook] INFO  com.alibaba.nacos.client.naming - com.alibaba.nacos.client.naming.remote.NamingClientProxyDelegate do shutdown begin
2024-10-18 21:20:43.823 [SpringApplicationShutdownHook] INFO  com.alibaba.nacos.client.naming - com.alibaba.nacos.client.naming.core.ServiceInfoUpdateService do shutdown begin
2024-10-18 21:20:43.823 [SpringApplicationShutdownHook] INFO  com.alibaba.nacos.client.naming - com.alibaba.nacos.client.naming.core.ServiceInfoUpdateService do shutdown stop
2024-10-18 21:20:43.823 [SpringApplicationShutdownHook] INFO  com.alibaba.nacos.client.naming - com.alibaba.nacos.client.naming.core.ServerListManager do shutdown begin
2024-10-18 21:20:43.823 [SpringApplicationShutdownHook] WARN  com.alibaba.nacos.client.naming - [NamingHttpClientManager] Start destroying NacosRestTemplate
2024-10-18 21:20:43.823 [SpringApplicationShutdownHook] WARN  com.alibaba.nacos.client.naming - [NamingHttpClientManager] Destruction of the end
2024-10-18 21:20:43.823 [SpringApplicationShutdownHook] INFO  com.alibaba.nacos.client.naming - com.alibaba.nacos.client.naming.core.ServerListManager do shutdown stop
2024-10-18 21:20:43.823 [SpringApplicationShutdownHook] INFO  com.alibaba.nacos.client.naming - com.alibaba.nacos.client.naming.remote.http.NamingHttpClientProxy do shutdown begin
2024-10-18 21:20:43.823 [SpringApplicationShutdownHook] WARN  com.alibaba.nacos.client.naming - [NamingHttpClientManager] Start destroying NacosRestTemplate
2024-10-18 21:20:43.823 [SpringApplicationShutdownHook] WARN  com.alibaba.nacos.client.naming - [NamingHttpClientManager] Destruction of the end
2024-10-18 21:20:43.823 [SpringApplicationShutdownHook] INFO  com.alibaba.nacos.client.naming - com.alibaba.nacos.client.naming.remote.http.NamingHttpClientProxy do shutdown stop
2024-10-18 21:20:43.824 [SpringApplicationShutdownHook] INFO  com.alibaba.nacos.common.remote.client - Shutdown rpc client, set status to shutdown
2024-10-18 21:20:43.824 [SpringApplicationShutdownHook] INFO  com.alibaba.nacos.common.remote.client - Shutdown client event executor java.util.concurrent.ScheduledThreadPoolExecutor@3e153dce[Running, pool size = 2, active threads = 2, queued tasks = 0, completed tasks = 0]
2024-10-18 21:20:43.824 [SpringApplicationShutdownHook] INFO  com.alibaba.nacos.common.remote.client - Close current connection 1729255091809_127.0.0.1_65131
2024-10-18 21:20:43.826 [nacos-grpc-client-executor-127.0.0.1-552] INFO  c.a.nacos.common.remote.client.grpc.GrpcClient - [1729255091809_127.0.0.1_65131]Ignore complete event,isRunning:false,isAbandon=false
2024-10-18 21:20:43.835 [SpringApplicationShutdownHook] INFO  c.a.nacos.common.remote.client.grpc.GrpcClient - Shutdown grpc executor java.util.concurrent.ThreadPoolExecutor@77798c15[Running, pool size = 4, active threads = 0, queued tasks = 0, completed tasks = 553]
2024-10-18 21:20:43.835 [SpringApplicationShutdownHook] INFO  com.alibaba.nacos.client.naming - Shutdown grpc redo service executor java.util.concurrent.ScheduledThreadPoolExecutor@1263dd24[Running, pool size = 1, active threads = 0, queued tasks = 1, completed tasks = 848]
2024-10-18 21:20:43.835 [SpringApplicationShutdownHook] INFO  c.a.n.client.auth.ram.identify.CredentialWatcher - [null] CredentialWatcher is stopped
2024-10-18 21:20:43.835 [SpringApplicationShutdownHook] INFO  c.a.n.client.auth.ram.identify.CredentialService - [null] CredentialService is freed
2024-10-18 21:20:43.835 [SpringApplicationShutdownHook] INFO  com.alibaba.nacos.client.naming - com.alibaba.nacos.client.naming.remote.NamingClientProxyDelegate do shutdown stop
2024-10-18 21:20:44.011 [SpringApplicationShutdownHook] INFO  com.alibaba.druid.pool.DruidDataSource - {dataSource-1} closing ...
2024-10-18 21:20:44.016 [SpringApplicationShutdownHook] INFO  com.alibaba.druid.pool.DruidDataSource - {dataSource-1} closed
2024-10-18 21:20:50.422 [main] WARN  com.alibaba.nacos.client.logging.NacosLogging - Load Logback Configuration of Nacos fail, message: Could not initialize Logback Nacos logging from classpath:nacos-logback.xml
2024-10-18 21:20:50.464 [main] WARN  com.alibaba.nacos.client.logging.NacosLogging - Load Logback Configuration of Nacos fail, message: Could not initialize Logback Nacos logging from classpath:nacos-logback.xml
2024-10-18 21:20:50.599 [main] WARN  com.alibaba.nacos.client.logging.NacosLogging - Load Logback Configuration of Nacos fail, message: Could not initialize Logback Nacos logging from classpath:nacos-logback.xml
2024-10-18 21:20:50.600 [main] INFO  com.alibaba.nacos.client.utils.ParamUtil - [settings] [req-serv] nacos-server port:8848
2024-10-18 21:20:50.600 [main] INFO  com.alibaba.nacos.client.utils.ParamUtil - [settings] [http-client] connect timeout:1000
2024-10-18 21:20:50.600 [main] INFO  com.alibaba.nacos.client.utils.ParamUtil - PER_TASK_CONFIG_SIZE: 3000.0
2024-10-18 21:20:50.615 [main] INFO  c.a.n.p.auth.spi.client.ClientAuthPluginManager - [ClientAuthPluginManager] Load ClientAuthService com.alibaba.nacos.client.auth.impl.NacosClientAuthServiceImpl success.
2024-10-18 21:20:50.615 [main] INFO  c.a.n.p.auth.spi.client.ClientAuthPluginManager - [ClientAuthPluginManager] Load ClientAuthService com.alibaba.nacos.client.auth.ram.RamClientAuthServiceImpl success.
2024-10-18 21:20:50.617 [main] INFO  c.a.n.client.auth.ram.identify.CredentialWatcher - null No credential found
2024-10-18 21:20:51.842 [main] WARN  com.alibaba.nacos.client.logging.NacosLogging - Load Logback Configuration of Nacos fail, message: Could not initialize Logback Nacos logging from classpath:nacos-logback.xml
2024-10-18 21:20:51.849 [main] INFO  c.a.n.client.config.impl.LocalConfigInfoProcessor - LOCAL_SNAPSHOT_PATH:C:\Users\xzf\nacos\config
2024-10-18 21:20:51.852 [main] INFO  com.alibaba.nacos.common.remote.client - [RpcClientFactory] create a new rpc client of c61f4c55-f4ce-4c44-b369-6f53b5df1770_config-0
2024-10-18 21:20:51.863 [main] INFO  com.alibaba.nacos.common.remote.client - [c61f4c55-f4ce-4c44-b369-6f53b5df1770_config-0] Register server push request handler:com.alibaba.nacos.client.config.impl.ClientWorker$ConfigRpcTransportClient$$Lambda$589/0x0000021cc738f5a8
2024-10-18 21:20:51.863 [main] INFO  com.alibaba.nacos.common.remote.client - [c61f4c55-f4ce-4c44-b369-6f53b5df1770_config-0] Register server push request handler:com.alibaba.nacos.client.config.impl.ClientWorker$ConfigRpcTransportClient$$Lambda$590/0x0000021cc738f9c8
2024-10-18 21:20:51.863 [main] INFO  com.alibaba.nacos.common.remote.client - [c61f4c55-f4ce-4c44-b369-6f53b5df1770_config-0] Registry connection listener to current client:com.alibaba.nacos.client.config.impl.ClientWorker$ConfigRpcTransportClient$1
2024-10-18 21:20:51.863 [main] INFO  com.alibaba.nacos.common.remote.client - [c61f4c55-f4ce-4c44-b369-6f53b5df1770_config-0] RpcClient init, ServerListFactory = com.alibaba.nacos.client.config.impl.ClientWorker$ConfigRpcTransportClient$2
2024-10-18 21:20:51.868 [main] INFO  com.alibaba.nacos.common.remote.client - [c61f4c55-f4ce-4c44-b369-6f53b5df1770_config-0] Try to connect to server on start up, server: {serverIp = '127.0.0.1', server main port = 8848}
2024-10-18 21:20:51.890 [main] INFO  c.a.nacos.common.remote.client.grpc.GrpcClient - grpc client connection server:127.0.0.1 ip,serverPort:9848,grpcTslConfig:{"sslProvider":"OPENSSL","enableTls":false,"mutualAuthEnable":false,"trustAll":false}
2024-10-18 21:20:52.477 [main] INFO  com.alibaba.nacos.common.remote.client - [c61f4c55-f4ce-4c44-b369-6f53b5df1770_config-0] Success to connect to server [127.0.0.1:8848] on start up, connectionId = 1729257652318_127.0.0.1_51379
2024-10-18 21:20:52.477 [com.alibaba.nacos.client.remote.worker] INFO  com.alibaba.nacos.common.remote.client - [c61f4c55-f4ce-4c44-b369-6f53b5df1770_config-0] Notify connected event to listeners.
2024-10-18 21:20:52.478 [main] INFO  com.alibaba.nacos.common.remote.client - [c61f4c55-f4ce-4c44-b369-6f53b5df1770_config-0] Register server push request handler:com.alibaba.nacos.common.remote.client.RpcClient$ConnectResetRequestHandler
2024-10-18 21:20:52.478 [com.alibaba.nacos.client.remote.worker] INFO  com.alibaba.nacos.client.config.impl.ClientWorker - [c61f4c55-f4ce-4c44-b369-6f53b5df1770_config-0] Connected,notify listen context...
2024-10-18 21:20:52.478 [main] INFO  com.alibaba.nacos.common.remote.client - [c61f4c55-f4ce-4c44-b369-6f53b5df1770_config-0] Register server push request handler:com.alibaba.nacos.common.remote.client.RpcClient$$Lambda$610/0x0000021cc74d7140
2024-10-18 21:20:52.507 [main] INFO  com.alibaba.nacos.client.config.impl.Limiter - limitTime:5.0
2024-10-18 21:20:52.522 [main] INFO  com.alibaba.nacos.client.config.utils.JvmUtil - isMultiInstance:false
2024-10-18 21:20:52.530 [main] WARN  c.a.cloud.nacos.client.NacosPropertySourceBuilder - Ignore the empty nacos configuration and get it based on dataId[LittleRedBook-auth.yaml] & group[DEFAULT_GROUP]
2024-10-18 21:20:52.544 [main] INFO  o.s.c.b.c.PropertySourceBootstrapConfiguration - Located property source: [BootstrapPropertySource {name='bootstrapProperties-LittleRedBook-auth-dev.yaml,DEFAULT_GROUP'}, BootstrapPropertySource {name='bootstrapProperties-LittleRedBook-auth.yaml,DEFAULT_GROUP'}, BootstrapPropertySource {name='bootstrapProperties-LittleRedBook-auth,DEFAULT_GROUP'}]
2024-10-18 21:20:52.556 [main] WARN  com.alibaba.nacos.client.logging.NacosLogging - Load Logback Configuration of Nacos fail, message: Could not initialize Logback Nacos logging from classpath:nacos-logback.xml
2024-10-18 21:20:52.556 [main] INFO  c.h.littleredbookauth.LittleRedBookAuthApplication - The following 1 profile is active: "dev"
2024-10-18 21:20:52.972 [main] INFO  o.s.d.r.config.RepositoryConfigurationDelegate - Multiple Spring Data modules found, entering strict repository configuration mode
2024-10-18 21:20:52.974 [main] INFO  o.s.d.r.config.RepositoryConfigurationDelegate - Bootstrapping Spring Data Redis repositories in DEFAULT mode.
2024-10-18 21:20:52.993 [main] INFO  o.s.d.r.config.RepositoryConfigurationDelegate - Finished Spring Data repository scanning in 7 ms. Found 0 Redis repository interfaces.
2024-10-18 21:20:53.076 [main] INFO  o.springframework.cloud.context.scope.GenericScope - BeanFactory id=3d895e19-e212-3514-9c1d-93d85df0e7b5
2024-10-18 21:20:53.462 [main] INFO  o.s.boot.web.embedded.tomcat.TomcatWebServer - Tomcat initialized with port(s): 8080 (http)
2024-10-18 21:20:53.470 [main] INFO  org.apache.catalina.core.StandardService - Starting service [Tomcat]
2024-10-18 21:20:53.470 [main] INFO  org.apache.catalina.core.StandardEngine - Starting Servlet engine: [Apache Tomcat/10.1.5]
2024-10-18 21:20:53.520 [main] INFO  o.a.c.core.ContainerBase.[Tomcat].[localhost].[/] - Initializing Spring embedded WebApplicationContext
2024-10-18 21:20:53.521 [main] INFO  o.s.b.w.s.c.ServletWebServerApplicationContext - Root WebApplicationContext: initialization completed in 955 ms
2024-10-18 21:20:53.591 [main] INFO  c.a.d.s.b.a.DruidDataSourceAutoConfigure - Init DruidDataSource
2024-10-18 21:20:53.835 [main] INFO  com.alibaba.druid.pool.DruidDataSource - {dataSource-1} inited
2024-10-18 21:20:55.506 [main] INFO  org.springframework.cloud.commons.util.InetUtils - Cannot determine local hostname
2024-10-18 21:20:59.230 [main] INFO  org.springframework.cloud.commons.util.InetUtils - Cannot determine local hostname
2024-10-18 21:20:59.278 [main] INFO  o.s.boot.web.embedded.tomcat.TomcatWebServer - Tomcat started on port(s): 8080 (http) with context path ''
2024-10-18 21:20:59.280 [main] INFO  com.alibaba.nacos.client.naming - initializer namespace from ans.namespace attribute : null
2024-10-18 21:20:59.280 [main] INFO  com.alibaba.nacos.client.naming - initializer namespace from ALIBABA_ALIWARE_NAMESPACE attribute :null
2024-10-18 21:20:59.280 [main] INFO  com.alibaba.nacos.client.naming - initializer namespace from namespace attribute :null
2024-10-18 21:20:59.285 [main] INFO  c.a.n.p.auth.spi.client.ClientAuthPluginManager - [ClientAuthPluginManager] Load ClientAuthService com.alibaba.nacos.client.auth.impl.NacosClientAuthServiceImpl success.
2024-10-18 21:20:59.285 [main] INFO  c.a.n.p.auth.spi.client.ClientAuthPluginManager - [ClientAuthPluginManager] Load ClientAuthService com.alibaba.nacos.client.auth.ram.RamClientAuthServiceImpl success.
2024-10-18 21:20:59.287 [main] INFO  com.alibaba.nacos.common.remote.client - [RpcClientFactory] create a new rpc client of 5363625d-bae6-46e2-8812-260571d65a4b
2024-10-18 21:20:59.288 [main] INFO  com.alibaba.nacos.common.remote.client - [5363625d-bae6-46e2-8812-260571d65a4b] RpcClient init, ServerListFactory = com.alibaba.nacos.client.naming.core.ServerListManager
2024-10-18 21:20:59.288 [main] INFO  com.alibaba.nacos.common.remote.client - [5363625d-bae6-46e2-8812-260571d65a4b] Registry connection listener to current client:com.alibaba.nacos.client.naming.remote.gprc.redo.NamingGrpcRedoService
2024-10-18 21:20:59.288 [main] INFO  com.alibaba.nacos.common.remote.client - [5363625d-bae6-46e2-8812-260571d65a4b] Register server push request handler:com.alibaba.nacos.client.naming.remote.gprc.NamingPushRequestHandler
2024-10-18 21:20:59.289 [main] INFO  com.alibaba.nacos.common.remote.client - [5363625d-bae6-46e2-8812-260571d65a4b] Try to connect to server on start up, server: {serverIp = '127.0.0.1', server main port = 8848}
2024-10-18 21:20:59.289 [main] INFO  c.a.nacos.common.remote.client.grpc.GrpcClient - grpc client connection server:127.0.0.1 ip,serverPort:9848,grpcTslConfig:{"sslProvider":"OPENSSL","enableTls":false,"mutualAuthEnable":false,"trustAll":false}
2024-10-18 21:20:59.417 [main] INFO  com.alibaba.nacos.common.remote.client - [5363625d-bae6-46e2-8812-260571d65a4b] Success to connect to server [127.0.0.1:8848] on start up, connectionId = 1729257659297_127.0.0.1_51388
2024-10-18 21:20:59.417 [main] INFO  com.alibaba.nacos.common.remote.client - [5363625d-bae6-46e2-8812-260571d65a4b] Register server push request handler:com.alibaba.nacos.common.remote.client.RpcClient$ConnectResetRequestHandler
2024-10-18 21:20:59.417 [main] INFO  com.alibaba.nacos.common.remote.client - [5363625d-bae6-46e2-8812-260571d65a4b] Register server push request handler:com.alibaba.nacos.common.remote.client.RpcClient$$Lambda$610/0x0000021cc74d7140
2024-10-18 21:20:59.417 [com.alibaba.nacos.client.remote.worker] INFO  com.alibaba.nacos.common.remote.client - [5363625d-bae6-46e2-8812-260571d65a4b] Notify connected event to listeners.
2024-10-18 21:20:59.417 [com.alibaba.nacos.client.remote.worker] INFO  com.alibaba.nacos.client.naming - Grpc connection connect
2024-10-18 21:20:59.418 [main] INFO  com.alibaba.nacos.client.naming - [REGISTER-SERVICE] Little-Red-Book registering service LittleRedBook-auth with instance Instance{instanceId='null', ip='192.168.94.1', port=8080, weight=1.0, healthy=true, enabled=true, ephemeral=true, clusterName='DEFAULT', serviceName='null', metadata={IPv6=[2409:8a1e:53a7:1b20:9965:1661:3f68:a262], preserved.register.source=SPRING_CLOUD}}
2024-10-18 21:20:59.427 [main] INFO  c.a.cloud.nacos.registry.NacosServiceRegistry - nacos registry, DEFAULT_GROUP LittleRedBook-auth 192.168.94.1:8080 register finished
2024-10-18 21:21:00.523 [main] INFO  org.springframework.cloud.commons.util.InetUtils - Cannot determine local hostname
2024-10-18 21:21:00.537 [main] INFO  c.h.littleredbookauth.LittleRedBookAuthApplication - Started LittleRedBookAuthApplication in 11.522 seconds (process running for 11.926)
2024-10-18 21:21:00.538 [main] INFO  c.h.l.runner.PushRolePermissions2RedisRunner - ==> 服务启动，开始同步角色权限数据到 Redis 中...
2024-10-18 21:21:00.553 [main] DEBUG c.h.l.domain.mapper.RoleDOMapper.selectEnabledList - ==>  Preparing: select id, role_key, role_name from t_role where status = 0 and is_deleted = 0
2024-10-18 21:21:00.664 [main] DEBUG c.h.l.domain.mapper.RoleDOMapper.selectEnabledList - ==> Parameters: 
2024-10-18 21:21:00.689 [main] DEBUG c.h.l.domain.mapper.RoleDOMapper.selectEnabledList - <==      Total: 1
2024-10-18 21:21:00.702 [main] DEBUG c.h.l.d.m.RolePermissionDOMapper.selectByRoleIds - ==>  Preparing: select role_id, permission_id from t_role_permission_rel where role_id in ( ? )
2024-10-18 21:21:00.703 [main] DEBUG c.h.l.d.m.RolePermissionDOMapper.selectByRoleIds - ==> Parameters: 1(Long)
2024-10-18 21:21:00.705 [main] DEBUG c.h.l.d.m.RolePermissionDOMapper.selectByRoleIds - <==      Total: 2
2024-10-18 21:21:00.705 [main] DEBUG c.h.l.d.m.PermissionDOMapper.selectAppEnabledList - ==>  Preparing: select id, name, permission_key from t_permission where status = 0 and type = 3 and is_deleted = 0
2024-10-18 21:21:00.706 [main] DEBUG c.h.l.d.m.PermissionDOMapper.selectAppEnabledList - ==> Parameters: 
2024-10-18 21:21:00.707 [main] DEBUG c.h.l.d.m.PermissionDOMapper.selectAppEnabledList - <==      Total: 2
2024-10-18 21:21:00.999 [main] INFO  c.h.l.runner.PushRolePermissions2RedisRunner - ==> 服务启动，成功同步角色权限数据到 Redis 中...
2024-10-18 21:21:01.001 [main] INFO  com.alibaba.nacos.client.config.impl.CacheData - nacos.cache.data.init.snapshot = true 
2024-10-18 21:21:01.002 [main] INFO  com.alibaba.nacos.client.config.impl.ClientWorker - [fixed-Little-Red-Book-127.0.0.1_8848] [subscribe] LittleRedBook-auth-dev.yaml+DEFAULT_GROUP+Little-Red-Book
2024-10-18 21:21:01.007 [main] INFO  com.alibaba.nacos.client.config.impl.CacheData - [fixed-Little-Red-Book-127.0.0.1_8848] [add-listener] ok, tenant=Little-Red-Book, dataId=LittleRedBook-auth-dev.yaml, group=DEFAULT_GROUP, cnt=1
2024-10-18 21:21:01.007 [main] INFO  c.a.cloud.nacos.refresh.NacosContextRefresher - [Nacos Config] Listening config: dataId=LittleRedBook-auth-dev.yaml, group=DEFAULT_GROUP
2024-10-18 21:21:01.007 [main] INFO  com.alibaba.nacos.client.config.impl.ClientWorker - [fixed-Little-Red-Book-127.0.0.1_8848] [subscribe] LittleRedBook-auth.yaml+DEFAULT_GROUP+Little-Red-Book
2024-10-18 21:21:01.007 [main] INFO  com.alibaba.nacos.client.config.impl.CacheData - [fixed-Little-Red-Book-127.0.0.1_8848] [add-listener] ok, tenant=Little-Red-Book, dataId=LittleRedBook-auth.yaml, group=DEFAULT_GROUP, cnt=1
2024-10-18 21:21:01.007 [main] INFO  c.a.cloud.nacos.refresh.NacosContextRefresher - [Nacos Config] Listening config: dataId=LittleRedBook-auth.yaml, group=DEFAULT_GROUP
2024-10-18 21:21:01.008 [main] INFO  com.alibaba.nacos.client.config.impl.ClientWorker - [fixed-Little-Red-Book-127.0.0.1_8848] [subscribe] LittleRedBook-auth+DEFAULT_GROUP+Little-Red-Book
2024-10-18 21:21:01.008 [main] INFO  com.alibaba.nacos.client.config.impl.CacheData - [fixed-Little-Red-Book-127.0.0.1_8848] [add-listener] ok, tenant=Little-Red-Book, dataId=LittleRedBook-auth, group=DEFAULT_GROUP, cnt=1
2024-10-18 21:21:01.008 [main] INFO  c.a.cloud.nacos.refresh.NacosContextRefresher - [Nacos Config] Listening config: dataId=LittleRedBook-auth, group=DEFAULT_GROUP
2024-10-18 21:24:31.157 [http-nio-8080-exec-2] INFO  o.a.c.core.ContainerBase.[Tomcat].[localhost].[/] - Initializing Spring DispatcherServlet 'dispatcherServlet'
2024-10-18 21:24:31.157 [http-nio-8080-exec-2] INFO  org.springframework.web.servlet.DispatcherServlet - Initializing Servlet 'dispatcherServlet'
2024-10-18 21:24:31.158 [http-nio-8080-exec-2] INFO  org.springframework.web.servlet.DispatcherServlet - Completed initialization in 1 ms
2024-10-18 21:24:31.164 [http-nio-8080-exec-2] INFO  c.h.l.filter.HeaderUserId2ContextFilter - ## HeaderUserId2ContextFilter, 用户 ID: null
2024-10-18 21:24:51.356 [http-nio-8080-exec-3] INFO  c.h.l.filter.HeaderUserId2ContextFilter - ## HeaderUserId2ContextFilter, 用户 ID: null
2024-10-18 21:24:57.408 [http-nio-8080-exec-4] INFO  c.h.l.filter.HeaderUserId2ContextFilter - ## HeaderUserId2ContextFilter, 用户 ID: null
2024-10-18 21:25:27.414 [http-nio-8080-exec-5] INFO  c.h.l.filter.HeaderUserId2ContextFilter - ## HeaderUserId2ContextFilter, 用户 ID: null
2024-10-18 21:28:22.844 [Thread-2] WARN  c.alibaba.nacos.common.http.HttpClientBeanHolder - [HttpClientBeanHolder] Start destroying common HttpClient
2024-10-18 21:28:22.844 [Thread-9] WARN  com.alibaba.nacos.common.notify.NotifyCenter - [NotifyCenter] Start destroying Publisher
2024-10-18 21:28:22.844 [Thread-9] WARN  com.alibaba.nacos.common.notify.NotifyCenter - [NotifyCenter] Destruction of the end
2024-10-18 21:28:22.845 [Thread-2] WARN  c.alibaba.nacos.common.http.HttpClientBeanHolder - [HttpClientBeanHolder] Destruction of the end
2024-10-18 21:28:22.863 [SpringApplicationShutdownHook] INFO  c.a.cloud.nacos.registry.NacosServiceRegistry - De-registering from Nacos Server now...
2024-10-18 21:28:22.863 [SpringApplicationShutdownHook] INFO  com.alibaba.nacos.client.naming - [DEREGISTER-SERVICE] Little-Red-Book deregistering service LittleRedBook-auth with instance: Instance{instanceId='null', ip='192.168.94.1', port=8080, weight=1.0, healthy=true, enabled=true, ephemeral=true, clusterName='DEFAULT', serviceName='null', metadata={}}
2024-10-18 21:28:22.867 [SpringApplicationShutdownHook] INFO  c.a.cloud.nacos.registry.NacosServiceRegistry - De-registration finished.
2024-10-18 21:28:22.867 [SpringApplicationShutdownHook] INFO  com.alibaba.nacos.client.naming - com.alibaba.nacos.client.naming.cache.ServiceInfoHolder do shutdown begin
2024-10-18 21:28:22.867 [SpringApplicationShutdownHook] INFO  com.alibaba.nacos.client.naming - com.alibaba.nacos.client.naming.backups.FailoverReactor do shutdown begin
2024-10-18 21:28:22.867 [SpringApplicationShutdownHook] INFO  com.alibaba.nacos.client.naming - com.alibaba.nacos.client.naming.backups.FailoverReactor do shutdown stop
2024-10-18 21:28:22.867 [SpringApplicationShutdownHook] INFO  com.alibaba.nacos.client.naming - com.alibaba.nacos.client.naming.cache.ServiceInfoHolder do shutdown stop
2024-10-18 21:28:22.867 [SpringApplicationShutdownHook] INFO  com.alibaba.nacos.client.naming - com.alibaba.nacos.client.naming.remote.NamingClientProxyDelegate do shutdown begin
2024-10-18 21:28:22.868 [SpringApplicationShutdownHook] INFO  com.alibaba.nacos.client.naming - com.alibaba.nacos.client.naming.core.ServiceInfoUpdateService do shutdown begin
2024-10-18 21:28:22.868 [SpringApplicationShutdownHook] INFO  com.alibaba.nacos.client.naming - com.alibaba.nacos.client.naming.core.ServiceInfoUpdateService do shutdown stop
2024-10-18 21:28:22.868 [SpringApplicationShutdownHook] INFO  com.alibaba.nacos.client.naming - com.alibaba.nacos.client.naming.core.ServerListManager do shutdown begin
2024-10-18 21:28:22.868 [SpringApplicationShutdownHook] WARN  com.alibaba.nacos.client.naming - [NamingHttpClientManager] Start destroying NacosRestTemplate
2024-10-18 21:28:22.868 [SpringApplicationShutdownHook] WARN  com.alibaba.nacos.client.naming - [NamingHttpClientManager] Destruction of the end
2024-10-18 21:28:22.868 [SpringApplicationShutdownHook] INFO  com.alibaba.nacos.client.naming - com.alibaba.nacos.client.naming.core.ServerListManager do shutdown stop
2024-10-18 21:28:22.868 [SpringApplicationShutdownHook] INFO  com.alibaba.nacos.client.naming - com.alibaba.nacos.client.naming.remote.http.NamingHttpClientProxy do shutdown begin
2024-10-18 21:28:22.868 [SpringApplicationShutdownHook] WARN  com.alibaba.nacos.client.naming - [NamingHttpClientManager] Start destroying NacosRestTemplate
2024-10-18 21:28:22.868 [SpringApplicationShutdownHook] WARN  com.alibaba.nacos.client.naming - [NamingHttpClientManager] Destruction of the end
2024-10-18 21:28:22.868 [SpringApplicationShutdownHook] INFO  com.alibaba.nacos.client.naming - com.alibaba.nacos.client.naming.remote.http.NamingHttpClientProxy do shutdown stop
2024-10-18 21:28:22.868 [SpringApplicationShutdownHook] INFO  com.alibaba.nacos.common.remote.client - Shutdown rpc client, set status to shutdown
2024-10-18 21:28:22.868 [SpringApplicationShutdownHook] INFO  com.alibaba.nacos.common.remote.client - Shutdown client event executor java.util.concurrent.ScheduledThreadPoolExecutor@7fb9b635[Running, pool size = 2, active threads = 2, queued tasks = 0, completed tasks = 0]
2024-10-18 21:28:22.868 [SpringApplicationShutdownHook] INFO  com.alibaba.nacos.common.remote.client - Close current connection 1729257659297_127.0.0.1_51388
2024-10-18 21:28:22.870 [SpringApplicationShutdownHook] INFO  c.a.nacos.common.remote.client.grpc.GrpcClient - Shutdown grpc executor java.util.concurrent.ThreadPoolExecutor@131351d0[Running, pool size = 3, active threads = 0, queued tasks = 0, completed tasks = 100]
2024-10-18 21:28:22.871 [SpringApplicationShutdownHook] INFO  com.alibaba.nacos.client.naming - Shutdown grpc redo service executor java.util.concurrent.ScheduledThreadPoolExecutor@3c02174e[Running, pool size = 1, active threads = 0, queued tasks = 1, completed tasks = 142]
2024-10-18 21:28:22.871 [SpringApplicationShutdownHook] INFO  c.a.n.client.auth.ram.identify.CredentialWatcher - [null] CredentialWatcher is stopped
2024-10-18 21:28:22.871 [SpringApplicationShutdownHook] INFO  c.a.n.client.auth.ram.identify.CredentialService - [null] CredentialService is freed
2024-10-18 21:28:22.871 [SpringApplicationShutdownHook] INFO  com.alibaba.nacos.client.naming - com.alibaba.nacos.client.naming.remote.NamingClientProxyDelegate do shutdown stop
2024-10-18 21:28:22.986 [SpringApplicationShutdownHook] INFO  com.alibaba.druid.pool.DruidDataSource - {dataSource-1} closing ...
2024-10-18 21:28:22.993 [SpringApplicationShutdownHook] INFO  com.alibaba.druid.pool.DruidDataSource - {dataSource-1} closed
2024-10-18 21:28:30.512 [main] WARN  com.alibaba.nacos.client.logging.NacosLogging - Load Logback Configuration of Nacos fail, message: Could not initialize Logback Nacos logging from classpath:nacos-logback.xml
2024-10-18 21:28:30.575 [main] WARN  com.alibaba.nacos.client.logging.NacosLogging - Load Logback Configuration of Nacos fail, message: Could not initialize Logback Nacos logging from classpath:nacos-logback.xml
2024-10-18 21:28:30.734 [main] WARN  com.alibaba.nacos.client.logging.NacosLogging - Load Logback Configuration of Nacos fail, message: Could not initialize Logback Nacos logging from classpath:nacos-logback.xml
2024-10-18 21:28:30.736 [main] INFO  com.alibaba.nacos.client.utils.ParamUtil - [settings] [req-serv] nacos-server port:8848
2024-10-18 21:28:30.736 [main] INFO  com.alibaba.nacos.client.utils.ParamUtil - [settings] [http-client] connect timeout:1000
2024-10-18 21:28:30.736 [main] INFO  com.alibaba.nacos.client.utils.ParamUtil - PER_TASK_CONFIG_SIZE: 3000.0
2024-10-18 21:28:30.761 [main] INFO  c.a.n.p.auth.spi.client.ClientAuthPluginManager - [ClientAuthPluginManager] Load ClientAuthService com.alibaba.nacos.client.auth.impl.NacosClientAuthServiceImpl success.
2024-10-18 21:28:30.761 [main] INFO  c.a.n.p.auth.spi.client.ClientAuthPluginManager - [ClientAuthPluginManager] Load ClientAuthService com.alibaba.nacos.client.auth.ram.RamClientAuthServiceImpl success.
2024-10-18 21:28:30.764 [main] INFO  c.a.n.client.auth.ram.identify.CredentialWatcher - null No credential found
2024-10-18 21:28:31.959 [main] WARN  com.alibaba.nacos.client.logging.NacosLogging - Load Logback Configuration of Nacos fail, message: Could not initialize Logback Nacos logging from classpath:nacos-logback.xml
2024-10-18 21:28:31.968 [main] INFO  c.a.n.client.config.impl.LocalConfigInfoProcessor - LOCAL_SNAPSHOT_PATH:C:\Users\xzf\nacos\config
2024-10-18 21:28:31.971 [main] INFO  com.alibaba.nacos.common.remote.client - [RpcClientFactory] create a new rpc client of 7be4e64c-5610-442b-a080-649fe0853351_config-0
2024-10-18 21:28:31.985 [main] INFO  com.alibaba.nacos.common.remote.client - [7be4e64c-5610-442b-a080-649fe0853351_config-0] Register server push request handler:com.alibaba.nacos.client.config.impl.ClientWorker$ConfigRpcTransportClient$$Lambda$589/0x00000153a338dd10
2024-10-18 21:28:31.985 [main] INFO  com.alibaba.nacos.common.remote.client - [7be4e64c-5610-442b-a080-649fe0853351_config-0] Register server push request handler:com.alibaba.nacos.client.config.impl.ClientWorker$ConfigRpcTransportClient$$Lambda$590/0x00000153a338e130
2024-10-18 21:28:31.986 [main] INFO  com.alibaba.nacos.common.remote.client - [7be4e64c-5610-442b-a080-649fe0853351_config-0] Registry connection listener to current client:com.alibaba.nacos.client.config.impl.ClientWorker$ConfigRpcTransportClient$1
2024-10-18 21:28:31.986 [main] INFO  com.alibaba.nacos.common.remote.client - [7be4e64c-5610-442b-a080-649fe0853351_config-0] RpcClient init, ServerListFactory = com.alibaba.nacos.client.config.impl.ClientWorker$ConfigRpcTransportClient$2
2024-10-18 21:28:31.991 [main] INFO  com.alibaba.nacos.common.remote.client - [7be4e64c-5610-442b-a080-649fe0853351_config-0] Try to connect to server on start up, server: {serverIp = '127.0.0.1', server main port = 8848}
2024-10-18 21:28:32.019 [main] INFO  c.a.nacos.common.remote.client.grpc.GrpcClient - grpc client connection server:127.0.0.1 ip,serverPort:9848,grpcTslConfig:{"sslProvider":"OPENSSL","enableTls":false,"mutualAuthEnable":false,"trustAll":false}
2024-10-18 21:28:32.665 [main] INFO  com.alibaba.nacos.common.remote.client - [7be4e64c-5610-442b-a080-649fe0853351_config-0] Success to connect to server [127.0.0.1:8848] on start up, connectionId = 1729258112485_127.0.0.1_52401
2024-10-18 21:28:32.666 [com.alibaba.nacos.client.remote.worker] INFO  com.alibaba.nacos.common.remote.client - [7be4e64c-5610-442b-a080-649fe0853351_config-0] Notify connected event to listeners.
2024-10-18 21:28:32.666 [com.alibaba.nacos.client.remote.worker] INFO  com.alibaba.nacos.client.config.impl.ClientWorker - [7be4e64c-5610-442b-a080-649fe0853351_config-0] Connected,notify listen context...
2024-10-18 21:28:32.666 [main] INFO  com.alibaba.nacos.common.remote.client - [7be4e64c-5610-442b-a080-649fe0853351_config-0] Register server push request handler:com.alibaba.nacos.common.remote.client.RpcClient$ConnectResetRequestHandler
2024-10-18 21:28:32.667 [main] INFO  com.alibaba.nacos.common.remote.client - [7be4e64c-5610-442b-a080-649fe0853351_config-0] Register server push request handler:com.alibaba.nacos.common.remote.client.RpcClient$$Lambda$610/0x00000153a34d58a8
2024-10-18 21:28:32.696 [main] INFO  com.alibaba.nacos.client.config.impl.Limiter - limitTime:5.0
2024-10-18 21:28:32.707 [main] INFO  com.alibaba.nacos.client.config.utils.JvmUtil - isMultiInstance:false
2024-10-18 21:28:32.717 [main] WARN  c.a.cloud.nacos.client.NacosPropertySourceBuilder - Ignore the empty nacos configuration and get it based on dataId[LittleRedBook-auth.yaml] & group[DEFAULT_GROUP]
2024-10-18 21:28:32.730 [main] INFO  o.s.c.b.c.PropertySourceBootstrapConfiguration - Located property source: [BootstrapPropertySource {name='bootstrapProperties-LittleRedBook-auth-dev.yaml,DEFAULT_GROUP'}, BootstrapPropertySource {name='bootstrapProperties-LittleRedBook-auth.yaml,DEFAULT_GROUP'}, BootstrapPropertySource {name='bootstrapProperties-LittleRedBook-auth,DEFAULT_GROUP'}]
2024-10-18 21:28:32.744 [main] WARN  com.alibaba.nacos.client.logging.NacosLogging - Load Logback Configuration of Nacos fail, message: Could not initialize Logback Nacos logging from classpath:nacos-logback.xml
2024-10-18 21:28:32.744 [main] INFO  c.h.littleredbookauth.LittleRedBookAuthApplication - The following 1 profile is active: "dev"
2024-10-18 21:28:33.172 [main] INFO  o.s.d.r.config.RepositoryConfigurationDelegate - Multiple Spring Data modules found, entering strict repository configuration mode
2024-10-18 21:28:33.174 [main] INFO  o.s.d.r.config.RepositoryConfigurationDelegate - Bootstrapping Spring Data Redis repositories in DEFAULT mode.
2024-10-18 21:28:33.189 [main] INFO  o.s.d.r.config.RepositoryConfigurationDelegate - Finished Spring Data repository scanning in 6 ms. Found 0 Redis repository interfaces.
2024-10-18 21:28:33.288 [main] INFO  o.springframework.cloud.context.scope.GenericScope - BeanFactory id=3d895e19-e212-3514-9c1d-93d85df0e7b5
2024-10-18 21:28:33.681 [main] INFO  o.s.boot.web.embedded.tomcat.TomcatWebServer - Tomcat initialized with port(s): 8080 (http)
2024-10-18 21:28:33.688 [main] INFO  org.apache.catalina.core.StandardService - Starting service [Tomcat]
2024-10-18 21:28:33.689 [main] INFO  org.apache.catalina.core.StandardEngine - Starting Servlet engine: [Apache Tomcat/10.1.5]
2024-10-18 21:28:33.740 [main] INFO  o.a.c.core.ContainerBase.[Tomcat].[localhost].[/] - Initializing Spring embedded WebApplicationContext
2024-10-18 21:28:33.740 [main] INFO  o.s.b.w.s.c.ServletWebServerApplicationContext - Root WebApplicationContext: initialization completed in 988 ms
2024-10-18 21:28:33.819 [main] INFO  c.a.d.s.b.a.DruidDataSourceAutoConfigure - Init DruidDataSource
2024-10-18 21:28:34.042 [main] INFO  com.alibaba.druid.pool.DruidDataSource - {dataSource-1} inited
2024-10-18 21:28:35.731 [main] INFO  org.springframework.cloud.commons.util.InetUtils - Cannot determine local hostname
2024-10-18 21:28:40.903 [main] INFO  org.springframework.cloud.commons.util.InetUtils - Cannot determine local hostname
2024-10-18 21:28:40.953 [main] INFO  o.s.boot.web.embedded.tomcat.TomcatWebServer - Tomcat started on port(s): 8080 (http) with context path ''
2024-10-18 21:28:40.956 [main] INFO  com.alibaba.nacos.client.naming - initializer namespace from ans.namespace attribute : null
2024-10-18 21:28:40.956 [main] INFO  com.alibaba.nacos.client.naming - initializer namespace from ALIBABA_ALIWARE_NAMESPACE attribute :null
2024-10-18 21:28:40.957 [main] INFO  com.alibaba.nacos.client.naming - initializer namespace from namespace attribute :null
2024-10-18 21:28:40.962 [main] INFO  c.a.n.p.auth.spi.client.ClientAuthPluginManager - [ClientAuthPluginManager] Load ClientAuthService com.alibaba.nacos.client.auth.impl.NacosClientAuthServiceImpl success.
2024-10-18 21:28:40.962 [main] INFO  c.a.n.p.auth.spi.client.ClientAuthPluginManager - [ClientAuthPluginManager] Load ClientAuthService com.alibaba.nacos.client.auth.ram.RamClientAuthServiceImpl success.
2024-10-18 21:28:40.963 [main] INFO  com.alibaba.nacos.common.remote.client - [RpcClientFactory] create a new rpc client of 6bf1e698-2d41-4e36-9760-52a569be7a17
2024-10-18 21:28:40.964 [main] INFO  com.alibaba.nacos.common.remote.client - [6bf1e698-2d41-4e36-9760-52a569be7a17] RpcClient init, ServerListFactory = com.alibaba.nacos.client.naming.core.ServerListManager
2024-10-18 21:28:40.964 [main] INFO  com.alibaba.nacos.common.remote.client - [6bf1e698-2d41-4e36-9760-52a569be7a17] Registry connection listener to current client:com.alibaba.nacos.client.naming.remote.gprc.redo.NamingGrpcRedoService
2024-10-18 21:28:40.965 [main] INFO  com.alibaba.nacos.common.remote.client - [6bf1e698-2d41-4e36-9760-52a569be7a17] Register server push request handler:com.alibaba.nacos.client.naming.remote.gprc.NamingPushRequestHandler
2024-10-18 21:28:40.965 [main] INFO  com.alibaba.nacos.common.remote.client - [6bf1e698-2d41-4e36-9760-52a569be7a17] Try to connect to server on start up, server: {serverIp = '127.0.0.1', server main port = 8848}
2024-10-18 21:28:40.965 [main] INFO  c.a.nacos.common.remote.client.grpc.GrpcClient - grpc client connection server:127.0.0.1 ip,serverPort:9848,grpcTslConfig:{"sslProvider":"OPENSSL","enableTls":false,"mutualAuthEnable":false,"trustAll":false}
2024-10-18 21:28:41.075 [main] INFO  com.alibaba.nacos.common.remote.client - [6bf1e698-2d41-4e36-9760-52a569be7a17] Success to connect to server [127.0.0.1:8848] on start up, connectionId = 1729258120970_127.0.0.1_52411
2024-10-18 21:28:41.075 [com.alibaba.nacos.client.remote.worker] INFO  com.alibaba.nacos.common.remote.client - [6bf1e698-2d41-4e36-9760-52a569be7a17] Notify connected event to listeners.
2024-10-18 21:28:41.075 [main] INFO  com.alibaba.nacos.common.remote.client - [6bf1e698-2d41-4e36-9760-52a569be7a17] Register server push request handler:com.alibaba.nacos.common.remote.client.RpcClient$ConnectResetRequestHandler
2024-10-18 21:28:41.075 [com.alibaba.nacos.client.remote.worker] INFO  com.alibaba.nacos.client.naming - Grpc connection connect
2024-10-18 21:28:41.075 [main] INFO  com.alibaba.nacos.common.remote.client - [6bf1e698-2d41-4e36-9760-52a569be7a17] Register server push request handler:com.alibaba.nacos.common.remote.client.RpcClient$$Lambda$610/0x00000153a34d58a8
2024-10-18 21:28:41.077 [main] INFO  com.alibaba.nacos.client.naming - [REGISTER-SERVICE] Little-Red-Book registering service LittleRedBook-auth with instance Instance{instanceId='null', ip='192.168.94.1', port=8080, weight=1.0, healthy=true, enabled=true, ephemeral=true, clusterName='DEFAULT', serviceName='null', metadata={IPv6=[2409:8a1e:53a7:1b20:9965:1661:3f68:a262], preserved.register.source=SPRING_CLOUD}}
2024-10-18 21:28:41.087 [main] INFO  c.a.cloud.nacos.registry.NacosServiceRegistry - nacos registry, DEFAULT_GROUP LittleRedBook-auth 192.168.94.1:8080 register finished
2024-10-18 21:28:42.180 [main] INFO  org.springframework.cloud.commons.util.InetUtils - Cannot determine local hostname
2024-10-18 21:28:42.193 [main] INFO  c.h.littleredbookauth.LittleRedBookAuthApplication - Started LittleRedBookAuthApplication in 13.12 seconds (process running for 13.659)
2024-10-18 21:28:42.194 [main] INFO  c.h.l.runner.PushRolePermissions2RedisRunner - ==> 服务启动，开始同步角色权限数据到 Redis 中...
2024-10-18 21:28:42.212 [main] DEBUG c.h.l.domain.mapper.RoleDOMapper.selectEnabledList - ==>  Preparing: select id, role_key, role_name from t_role where status = 0 and is_deleted = 0
2024-10-18 21:28:42.327 [main] DEBUG c.h.l.domain.mapper.RoleDOMapper.selectEnabledList - ==> Parameters: 
2024-10-18 21:28:42.337 [main] DEBUG c.h.l.domain.mapper.RoleDOMapper.selectEnabledList - <==      Total: 1
2024-10-18 21:28:42.350 [main] DEBUG c.h.l.d.m.RolePermissionDOMapper.selectByRoleIds - ==>  Preparing: select role_id, permission_id from t_role_permission_rel where role_id in ( ? )
2024-10-18 21:28:42.351 [main] DEBUG c.h.l.d.m.RolePermissionDOMapper.selectByRoleIds - ==> Parameters: 1(Long)
2024-10-18 21:28:42.352 [main] DEBUG c.h.l.d.m.RolePermissionDOMapper.selectByRoleIds - <==      Total: 2
2024-10-18 21:28:42.353 [main] DEBUG c.h.l.d.m.PermissionDOMapper.selectAppEnabledList - ==>  Preparing: select id, name, permission_key from t_permission where status = 0 and type = 3 and is_deleted = 0
2024-10-18 21:28:42.353 [main] DEBUG c.h.l.d.m.PermissionDOMapper.selectAppEnabledList - ==> Parameters: 
2024-10-18 21:28:42.354 [main] DEBUG c.h.l.d.m.PermissionDOMapper.selectAppEnabledList - <==      Total: 2
2024-10-18 21:28:42.651 [main] INFO  c.h.l.runner.PushRolePermissions2RedisRunner - ==> 服务启动，成功同步角色权限数据到 Redis 中...
2024-10-18 21:28:42.653 [main] INFO  com.alibaba.nacos.client.config.impl.CacheData - nacos.cache.data.init.snapshot = true 
2024-10-18 21:28:42.654 [main] INFO  com.alibaba.nacos.client.config.impl.ClientWorker - [fixed-Little-Red-Book-127.0.0.1_8848] [subscribe] LittleRedBook-auth-dev.yaml+DEFAULT_GROUP+Little-Red-Book
2024-10-18 21:28:42.658 [main] INFO  com.alibaba.nacos.client.config.impl.CacheData - [fixed-Little-Red-Book-127.0.0.1_8848] [add-listener] ok, tenant=Little-Red-Book, dataId=LittleRedBook-auth-dev.yaml, group=DEFAULT_GROUP, cnt=1
2024-10-18 21:28:42.658 [main] INFO  c.a.cloud.nacos.refresh.NacosContextRefresher - [Nacos Config] Listening config: dataId=LittleRedBook-auth-dev.yaml, group=DEFAULT_GROUP
2024-10-18 21:28:42.658 [main] INFO  com.alibaba.nacos.client.config.impl.ClientWorker - [fixed-Little-Red-Book-127.0.0.1_8848] [subscribe] LittleRedBook-auth.yaml+DEFAULT_GROUP+Little-Red-Book
2024-10-18 21:28:42.658 [main] INFO  com.alibaba.nacos.client.config.impl.CacheData - [fixed-Little-Red-Book-127.0.0.1_8848] [add-listener] ok, tenant=Little-Red-Book, dataId=LittleRedBook-auth.yaml, group=DEFAULT_GROUP, cnt=1
2024-10-18 21:28:42.658 [main] INFO  c.a.cloud.nacos.refresh.NacosContextRefresher - [Nacos Config] Listening config: dataId=LittleRedBook-auth.yaml, group=DEFAULT_GROUP
2024-10-18 21:28:42.659 [main] INFO  com.alibaba.nacos.client.config.impl.ClientWorker - [fixed-Little-Red-Book-127.0.0.1_8848] [subscribe] LittleRedBook-auth+DEFAULT_GROUP+Little-Red-Book
2024-10-18 21:28:42.659 [main] INFO  com.alibaba.nacos.client.config.impl.CacheData - [fixed-Little-Red-Book-127.0.0.1_8848] [add-listener] ok, tenant=Little-Red-Book, dataId=LittleRedBook-auth, group=DEFAULT_GROUP, cnt=1
2024-10-18 21:28:42.659 [main] INFO  c.a.cloud.nacos.refresh.NacosContextRefresher - [Nacos Config] Listening config: dataId=LittleRedBook-auth, group=DEFAULT_GROUP
2024-10-18 21:28:42.682 [http-nio-8080-exec-3] INFO  o.a.c.core.ContainerBase.[Tomcat].[localhost].[/] - Initializing Spring DispatcherServlet 'dispatcherServlet'
2024-10-18 21:28:42.683 [http-nio-8080-exec-3] INFO  org.springframework.web.servlet.DispatcherServlet - Initializing Servlet 'dispatcherServlet'
2024-10-18 21:28:42.684 [http-nio-8080-exec-3] INFO  org.springframework.web.servlet.DispatcherServlet - Completed initialization in 1 ms
2024-10-18 21:28:42.690 [http-nio-8080-exec-3] INFO  c.h.l.filter.HeaderUserId2ContextFilter - ## HeaderUserId2ContextFilter, 用户 ID: null
2024-10-18 21:29:24.508 [http-nio-8080-exec-4] INFO  c.h.l.filter.HeaderUserId2ContextFilter - ## HeaderUserId2ContextFilter, 用户 ID: null
2024-10-18 21:35:37.725 [Thread-9] WARN  com.alibaba.nacos.common.notify.NotifyCenter - [NotifyCenter] Start destroying Publisher
2024-10-18 21:35:37.725 [Thread-2] WARN  c.alibaba.nacos.common.http.HttpClientBeanHolder - [HttpClientBeanHolder] Start destroying common HttpClient
2024-10-18 21:35:37.725 [Thread-9] WARN  com.alibaba.nacos.common.notify.NotifyCenter - [NotifyCenter] Destruction of the end
2024-10-18 21:35:37.725 [Thread-2] WARN  c.alibaba.nacos.common.http.HttpClientBeanHolder - [HttpClientBeanHolder] Destruction of the end
2024-10-18 21:35:37.740 [SpringApplicationShutdownHook] INFO  c.a.cloud.nacos.registry.NacosServiceRegistry - De-registering from Nacos Server now...
2024-10-18 21:35:37.740 [SpringApplicationShutdownHook] INFO  com.alibaba.nacos.client.naming - [DEREGISTER-SERVICE] Little-Red-Book deregistering service LittleRedBook-auth with instance: Instance{instanceId='null', ip='192.168.94.1', port=8080, weight=1.0, healthy=true, enabled=true, ephemeral=true, clusterName='DEFAULT', serviceName='null', metadata={}}
2024-10-18 21:35:37.743 [SpringApplicationShutdownHook] INFO  c.a.cloud.nacos.registry.NacosServiceRegistry - De-registration finished.
2024-10-18 21:35:37.743 [SpringApplicationShutdownHook] INFO  com.alibaba.nacos.client.naming - com.alibaba.nacos.client.naming.cache.ServiceInfoHolder do shutdown begin
2024-10-18 21:35:37.743 [SpringApplicationShutdownHook] INFO  com.alibaba.nacos.client.naming - com.alibaba.nacos.client.naming.backups.FailoverReactor do shutdown begin
2024-10-18 21:35:37.743 [SpringApplicationShutdownHook] INFO  com.alibaba.nacos.client.naming - com.alibaba.nacos.client.naming.backups.FailoverReactor do shutdown stop
2024-10-18 21:35:37.743 [SpringApplicationShutdownHook] INFO  com.alibaba.nacos.client.naming - com.alibaba.nacos.client.naming.cache.ServiceInfoHolder do shutdown stop
2024-10-18 21:35:37.743 [SpringApplicationShutdownHook] INFO  com.alibaba.nacos.client.naming - com.alibaba.nacos.client.naming.remote.NamingClientProxyDelegate do shutdown begin
2024-10-18 21:35:37.743 [SpringApplicationShutdownHook] INFO  com.alibaba.nacos.client.naming - com.alibaba.nacos.client.naming.core.ServiceInfoUpdateService do shutdown begin
2024-10-18 21:35:37.744 [SpringApplicationShutdownHook] INFO  com.alibaba.nacos.client.naming - com.alibaba.nacos.client.naming.core.ServiceInfoUpdateService do shutdown stop
2024-10-18 21:35:37.744 [SpringApplicationShutdownHook] INFO  com.alibaba.nacos.client.naming - com.alibaba.nacos.client.naming.core.ServerListManager do shutdown begin
2024-10-18 21:35:37.744 [SpringApplicationShutdownHook] WARN  com.alibaba.nacos.client.naming - [NamingHttpClientManager] Start destroying NacosRestTemplate
2024-10-18 21:35:37.744 [SpringApplicationShutdownHook] WARN  com.alibaba.nacos.client.naming - [NamingHttpClientManager] Destruction of the end
2024-10-18 21:35:37.744 [SpringApplicationShutdownHook] INFO  com.alibaba.nacos.client.naming - com.alibaba.nacos.client.naming.core.ServerListManager do shutdown stop
2024-10-18 21:35:37.744 [SpringApplicationShutdownHook] INFO  com.alibaba.nacos.client.naming - com.alibaba.nacos.client.naming.remote.http.NamingHttpClientProxy do shutdown begin
2024-10-18 21:35:37.744 [SpringApplicationShutdownHook] WARN  com.alibaba.nacos.client.naming - [NamingHttpClientManager] Start destroying NacosRestTemplate
2024-10-18 21:35:37.744 [SpringApplicationShutdownHook] WARN  com.alibaba.nacos.client.naming - [NamingHttpClientManager] Destruction of the end
2024-10-18 21:35:37.744 [SpringApplicationShutdownHook] INFO  com.alibaba.nacos.client.naming - com.alibaba.nacos.client.naming.remote.http.NamingHttpClientProxy do shutdown stop
2024-10-18 21:35:37.744 [SpringApplicationShutdownHook] INFO  com.alibaba.nacos.common.remote.client - Shutdown rpc client, set status to shutdown
2024-10-18 21:35:37.744 [SpringApplicationShutdownHook] INFO  com.alibaba.nacos.common.remote.client - Shutdown client event executor java.util.concurrent.ScheduledThreadPoolExecutor@7addc7dc[Running, pool size = 2, active threads = 2, queued tasks = 0, completed tasks = 0]
2024-10-18 21:35:37.744 [SpringApplicationShutdownHook] INFO  com.alibaba.nacos.common.remote.client - Close current connection 1729258120970_127.0.0.1_52411
2024-10-18 21:35:37.746 [nacos-grpc-client-executor-127.0.0.1-91] WARN  c.a.nacos.common.remote.client.grpc.GrpcClient - [1729258120970_127.0.0.1_52411]Ignore error event,isRunning:false,isAbandon=false
2024-10-18 21:35:37.746 [SpringApplicationShutdownHook] INFO  c.a.nacos.common.remote.client.grpc.GrpcClient - Shutdown grpc executor java.util.concurrent.ThreadPoolExecutor@1f2d47cb[Running, pool size = 4, active threads = 0, queued tasks = 0, completed tasks = 92]
2024-10-18 21:35:37.746 [SpringApplicationShutdownHook] INFO  com.alibaba.nacos.client.naming - Shutdown grpc redo service executor java.util.concurrent.ScheduledThreadPoolExecutor@7a11010a[Running, pool size = 1, active threads = 0, queued tasks = 1, completed tasks = 134]
2024-10-18 21:35:37.747 [SpringApplicationShutdownHook] INFO  c.a.n.client.auth.ram.identify.CredentialWatcher - [null] CredentialWatcher is stopped
2024-10-18 21:35:37.747 [SpringApplicationShutdownHook] INFO  c.a.n.client.auth.ram.identify.CredentialService - [null] CredentialService is freed
2024-10-18 21:35:37.747 [SpringApplicationShutdownHook] INFO  com.alibaba.nacos.client.naming - com.alibaba.nacos.client.naming.remote.NamingClientProxyDelegate do shutdown stop
2024-10-18 21:35:37.866 [SpringApplicationShutdownHook] INFO  com.alibaba.druid.pool.DruidDataSource - {dataSource-1} closing ...
2024-10-18 21:35:37.870 [SpringApplicationShutdownHook] INFO  com.alibaba.druid.pool.DruidDataSource - {dataSource-1} closed
2024-10-18 22:05:28.848 [main] WARN  com.alibaba.nacos.client.logging.NacosLogging - Load Logback Configuration of Nacos fail, message: Could not initialize Logback Nacos logging from classpath:nacos-logback.xml
2024-10-18 22:05:28.894 [main] WARN  com.alibaba.nacos.client.logging.NacosLogging - Load Logback Configuration of Nacos fail, message: Could not initialize Logback Nacos logging from classpath:nacos-logback.xml
2024-10-18 22:05:29.022 [main] WARN  com.alibaba.nacos.client.logging.NacosLogging - Load Logback Configuration of Nacos fail, message: Could not initialize Logback Nacos logging from classpath:nacos-logback.xml
2024-10-18 22:05:29.023 [main] INFO  com.alibaba.nacos.client.utils.ParamUtil - [settings] [req-serv] nacos-server port:8848
2024-10-18 22:05:29.023 [main] INFO  com.alibaba.nacos.client.utils.ParamUtil - [settings] [http-client] connect timeout:1000
2024-10-18 22:05:29.024 [main] INFO  com.alibaba.nacos.client.utils.ParamUtil - PER_TASK_CONFIG_SIZE: 3000.0
2024-10-18 22:05:29.042 [main] INFO  c.a.n.p.auth.spi.client.ClientAuthPluginManager - [ClientAuthPluginManager] Load ClientAuthService com.alibaba.nacos.client.auth.impl.NacosClientAuthServiceImpl success.
2024-10-18 22:05:29.042 [main] INFO  c.a.n.p.auth.spi.client.ClientAuthPluginManager - [ClientAuthPluginManager] Load ClientAuthService com.alibaba.nacos.client.auth.ram.RamClientAuthServiceImpl success.
2024-10-18 22:05:29.044 [main] INFO  c.a.n.client.auth.ram.identify.CredentialWatcher - null No credential found
2024-10-18 22:05:30.228 [main] WARN  com.alibaba.nacos.client.logging.NacosLogging - Load Logback Configuration of Nacos fail, message: Could not initialize Logback Nacos logging from classpath:nacos-logback.xml
2024-10-18 22:05:30.237 [main] INFO  c.a.n.client.config.impl.LocalConfigInfoProcessor - LOCAL_SNAPSHOT_PATH:C:\Users\xzf\nacos\config
2024-10-18 22:05:30.239 [main] INFO  com.alibaba.nacos.common.remote.client - [RpcClientFactory] create a new rpc client of cafb7076-f988-44b8-9e02-291b20e6383f_config-0
2024-10-18 22:05:30.252 [main] INFO  com.alibaba.nacos.common.remote.client - [cafb7076-f988-44b8-9e02-291b20e6383f_config-0] Register server push request handler:com.alibaba.nacos.client.config.impl.ClientWorker$ConfigRpcTransportClient$$Lambda$588/0x000002280338fa10
2024-10-18 22:05:30.252 [main] INFO  com.alibaba.nacos.common.remote.client - [cafb7076-f988-44b8-9e02-291b20e6383f_config-0] Register server push request handler:com.alibaba.nacos.client.config.impl.ClientWorker$ConfigRpcTransportClient$$Lambda$589/0x000002280337c400
2024-10-18 22:05:30.252 [main] INFO  com.alibaba.nacos.common.remote.client - [cafb7076-f988-44b8-9e02-291b20e6383f_config-0] Registry connection listener to current client:com.alibaba.nacos.client.config.impl.ClientWorker$ConfigRpcTransportClient$1
2024-10-18 22:05:30.252 [main] INFO  com.alibaba.nacos.common.remote.client - [cafb7076-f988-44b8-9e02-291b20e6383f_config-0] RpcClient init, ServerListFactory = com.alibaba.nacos.client.config.impl.ClientWorker$ConfigRpcTransportClient$2
2024-10-18 22:05:30.261 [main] INFO  com.alibaba.nacos.common.remote.client - [cafb7076-f988-44b8-9e02-291b20e6383f_config-0] Try to connect to server on start up, server: {serverIp = '127.0.0.1', server main port = 8848}
2024-10-18 22:05:30.289 [main] INFO  c.a.nacos.common.remote.client.grpc.GrpcClient - grpc client connection server:127.0.0.1 ip,serverPort:9848,grpcTslConfig:{"sslProvider":"OPENSSL","enableTls":false,"mutualAuthEnable":false,"trustAll":false}
2024-10-18 22:05:30.917 [main] INFO  com.alibaba.nacos.common.remote.client - [cafb7076-f988-44b8-9e02-291b20e6383f_config-0] Success to connect to server [127.0.0.1:8848] on start up, connectionId = 1729260330737_127.0.0.1_58611
2024-10-18 22:05:30.918 [com.alibaba.nacos.client.remote.worker] INFO  com.alibaba.nacos.common.remote.client - [cafb7076-f988-44b8-9e02-291b20e6383f_config-0] Notify connected event to listeners.
2024-10-18 22:05:30.918 [com.alibaba.nacos.client.remote.worker] INFO  com.alibaba.nacos.client.config.impl.ClientWorker - [cafb7076-f988-44b8-9e02-291b20e6383f_config-0] Connected,notify listen context...
2024-10-18 22:05:30.918 [main] INFO  com.alibaba.nacos.common.remote.client - [cafb7076-f988-44b8-9e02-291b20e6383f_config-0] Register server push request handler:com.alibaba.nacos.common.remote.client.RpcClient$ConnectResetRequestHandler
2024-10-18 22:05:30.919 [main] INFO  com.alibaba.nacos.common.remote.client - [cafb7076-f988-44b8-9e02-291b20e6383f_config-0] Register server push request handler:com.alibaba.nacos.common.remote.client.RpcClient$$Lambda$609/0x00000228034d76d8
2024-10-18 22:05:30.950 [main] INFO  com.alibaba.nacos.client.config.impl.Limiter - limitTime:5.0
2024-10-18 22:05:30.990 [main] INFO  com.alibaba.nacos.client.config.utils.JvmUtil - isMultiInstance:false
2024-10-18 22:05:31.001 [main] WARN  c.a.cloud.nacos.client.NacosPropertySourceBuilder - Ignore the empty nacos configuration and get it based on dataId[LittleRedBook-auth.yaml] & group[DEFAULT_GROUP]
2024-10-18 22:05:31.011 [main] INFO  o.s.c.b.c.PropertySourceBootstrapConfiguration - Located property source: [BootstrapPropertySource {name='bootstrapProperties-LittleRedBook-auth-dev.yaml,DEFAULT_GROUP'}, BootstrapPropertySource {name='bootstrapProperties-LittleRedBook-auth.yaml,DEFAULT_GROUP'}, BootstrapPropertySource {name='bootstrapProperties-LittleRedBook-auth,DEFAULT_GROUP'}]
2024-10-18 22:05:31.030 [main] WARN  com.alibaba.nacos.client.logging.NacosLogging - Load Logback Configuration of Nacos fail, message: Could not initialize Logback Nacos logging from classpath:nacos-logback.xml
2024-10-18 22:05:31.030 [main] INFO  c.h.littleredbookauth.LittleRedBookAuthApplication - The following 1 profile is active: "dev"
2024-10-18 22:05:31.493 [main] INFO  o.s.d.r.config.RepositoryConfigurationDelegate - Multiple Spring Data modules found, entering strict repository configuration mode
2024-10-18 22:05:31.496 [main] INFO  o.s.d.r.config.RepositoryConfigurationDelegate - Bootstrapping Spring Data Redis repositories in DEFAULT mode.
2024-10-18 22:05:31.513 [main] INFO  o.s.d.r.config.RepositoryConfigurationDelegate - Finished Spring Data repository scanning in 7 ms. Found 0 Redis repository interfaces.
2024-10-18 22:05:31.616 [main] INFO  o.springframework.cloud.context.scope.GenericScope - BeanFactory id=21646105-58ee-329c-bd43-e6cd9e4299da
2024-10-18 22:05:32.007 [main] INFO  o.s.boot.web.embedded.tomcat.TomcatWebServer - Tomcat initialized with port(s): 8080 (http)
2024-10-18 22:05:32.013 [main] INFO  org.apache.catalina.core.StandardService - Starting service [Tomcat]
2024-10-18 22:05:32.014 [main] INFO  org.apache.catalina.core.StandardEngine - Starting Servlet engine: [Apache Tomcat/10.1.5]
2024-10-18 22:05:32.068 [main] INFO  o.a.c.core.ContainerBase.[Tomcat].[localhost].[/] - Initializing Spring embedded WebApplicationContext
2024-10-18 22:05:32.068 [main] INFO  o.s.b.w.s.c.ServletWebServerApplicationContext - Root WebApplicationContext: initialization completed in 1027 ms
2024-10-18 22:05:32.138 [main] INFO  c.a.d.s.b.a.DruidDataSourceAutoConfigure - Init DruidDataSource
2024-10-18 22:05:32.352 [main] INFO  com.alibaba.druid.pool.DruidDataSource - {dataSource-1} inited
2024-10-18 22:05:34.008 [main] INFO  org.springframework.cloud.commons.util.InetUtils - Cannot determine local hostname
2024-10-18 22:05:36.047 [main] INFO  org.springframework.cloud.commons.util.InetUtils - Cannot determine local hostname
2024-10-18 22:05:36.099 [main] INFO  o.s.boot.web.embedded.tomcat.TomcatWebServer - Tomcat started on port(s): 8080 (http) with context path ''
2024-10-18 22:05:36.102 [main] INFO  com.alibaba.nacos.client.naming - initializer namespace from ans.namespace attribute : null
2024-10-18 22:05:36.102 [main] INFO  com.alibaba.nacos.client.naming - initializer namespace from ALIBABA_ALIWARE_NAMESPACE attribute :null
2024-10-18 22:05:36.102 [main] INFO  com.alibaba.nacos.client.naming - initializer namespace from namespace attribute :null
2024-10-18 22:05:36.107 [main] INFO  c.a.n.p.auth.spi.client.ClientAuthPluginManager - [ClientAuthPluginManager] Load ClientAuthService com.alibaba.nacos.client.auth.impl.NacosClientAuthServiceImpl success.
2024-10-18 22:05:36.107 [main] INFO  c.a.n.p.auth.spi.client.ClientAuthPluginManager - [ClientAuthPluginManager] Load ClientAuthService com.alibaba.nacos.client.auth.ram.RamClientAuthServiceImpl success.
2024-10-18 22:05:36.110 [main] INFO  com.alibaba.nacos.common.remote.client - [RpcClientFactory] create a new rpc client of 0066cd2b-e0d3-4d20-9721-3154f62350a0
2024-10-18 22:05:36.111 [main] INFO  com.alibaba.nacos.common.remote.client - [0066cd2b-e0d3-4d20-9721-3154f62350a0] RpcClient init, ServerListFactory = com.alibaba.nacos.client.naming.core.ServerListManager
2024-10-18 22:05:36.111 [main] INFO  com.alibaba.nacos.common.remote.client - [0066cd2b-e0d3-4d20-9721-3154f62350a0] Registry connection listener to current client:com.alibaba.nacos.client.naming.remote.gprc.redo.NamingGrpcRedoService
2024-10-18 22:05:36.112 [main] INFO  com.alibaba.nacos.common.remote.client - [0066cd2b-e0d3-4d20-9721-3154f62350a0] Register server push request handler:com.alibaba.nacos.client.naming.remote.gprc.NamingPushRequestHandler
2024-10-18 22:05:36.112 [main] INFO  com.alibaba.nacos.common.remote.client - [0066cd2b-e0d3-4d20-9721-3154f62350a0] Try to connect to server on start up, server: {serverIp = '127.0.0.1', server main port = 8848}
2024-10-18 22:05:36.112 [main] INFO  c.a.nacos.common.remote.client.grpc.GrpcClient - grpc client connection server:127.0.0.1 ip,serverPort:9848,grpcTslConfig:{"sslProvider":"OPENSSL","enableTls":false,"mutualAuthEnable":false,"trustAll":false}
2024-10-18 22:05:36.234 [main] INFO  com.alibaba.nacos.common.remote.client - [0066cd2b-e0d3-4d20-9721-3154f62350a0] Success to connect to server [127.0.0.1:8848] on start up, connectionId = 1729260336118_127.0.0.1_58622
2024-10-18 22:05:36.234 [main] INFO  com.alibaba.nacos.common.remote.client - [0066cd2b-e0d3-4d20-9721-3154f62350a0] Register server push request handler:com.alibaba.nacos.common.remote.client.RpcClient$ConnectResetRequestHandler
2024-10-18 22:05:36.234 [com.alibaba.nacos.client.remote.worker] INFO  com.alibaba.nacos.common.remote.client - [0066cd2b-e0d3-4d20-9721-3154f62350a0] Notify connected event to listeners.
2024-10-18 22:05:36.234 [main] INFO  com.alibaba.nacos.common.remote.client - [0066cd2b-e0d3-4d20-9721-3154f62350a0] Register server push request handler:com.alibaba.nacos.common.remote.client.RpcClient$$Lambda$609/0x00000228034d76d8
2024-10-18 22:05:36.235 [com.alibaba.nacos.client.remote.worker] INFO  com.alibaba.nacos.client.naming - Grpc connection connect
2024-10-18 22:05:36.236 [main] INFO  com.alibaba.nacos.client.naming - [REGISTER-SERVICE] Little-Red-Book registering service LittleRedBook-auth with instance Instance{instanceId='null', ip='192.168.94.1', port=8080, weight=1.0, healthy=true, enabled=true, ephemeral=true, clusterName='DEFAULT', serviceName='null', metadata={IPv6=[2409:8a1e:53a7:1b20:9965:1661:3f68:a262], preserved.register.source=SPRING_CLOUD}}
2024-10-18 22:05:36.256 [main] INFO  c.a.cloud.nacos.registry.NacosServiceRegistry - nacos registry, DEFAULT_GROUP LittleRedBook-auth 192.168.94.1:8080 register finished
2024-10-18 22:05:37.324 [main] INFO  org.springframework.cloud.commons.util.InetUtils - Cannot determine local hostname
2024-10-18 22:05:37.335 [main] INFO  c.h.littleredbookauth.LittleRedBookAuthApplication - Started LittleRedBookAuthApplication in 9.864 seconds (process running for 10.229)
2024-10-18 22:05:37.335 [main] INFO  c.h.l.runner.PushRolePermissions2RedisRunner - ==> 服务启动，开始同步角色权限数据到 Redis 中...
2024-10-18 22:05:37.354 [main] DEBUG c.h.l.domain.mapper.RoleDOMapper.selectEnabledList - ==>  Preparing: select id, role_key, role_name from t_role where status = 0 and is_deleted = 0
2024-10-18 22:05:37.484 [main] DEBUG c.h.l.domain.mapper.RoleDOMapper.selectEnabledList - ==> Parameters: 
2024-10-18 22:05:37.497 [main] DEBUG c.h.l.domain.mapper.RoleDOMapper.selectEnabledList - <==      Total: 1
2024-10-18 22:05:37.509 [main] DEBUG c.h.l.d.m.RolePermissionDOMapper.selectByRoleIds - ==>  Preparing: select role_id, permission_id from t_role_permission_rel where role_id in ( ? )
2024-10-18 22:05:37.511 [main] DEBUG c.h.l.d.m.RolePermissionDOMapper.selectByRoleIds - ==> Parameters: 1(Long)
2024-10-18 22:05:37.512 [main] DEBUG c.h.l.d.m.RolePermissionDOMapper.selectByRoleIds - <==      Total: 2
2024-10-18 22:05:37.513 [main] DEBUG c.h.l.d.m.PermissionDOMapper.selectAppEnabledList - ==>  Preparing: select id, name, permission_key from t_permission where status = 0 and type = 3 and is_deleted = 0
2024-10-18 22:05:37.513 [main] DEBUG c.h.l.d.m.PermissionDOMapper.selectAppEnabledList - ==> Parameters: 
2024-10-18 22:05:37.515 [main] DEBUG c.h.l.d.m.PermissionDOMapper.selectAppEnabledList - <==      Total: 2
2024-10-18 22:05:37.839 [main] INFO  c.h.l.runner.PushRolePermissions2RedisRunner - ==> 服务启动，成功同步角色权限数据到 Redis 中...
2024-10-18 22:05:37.841 [main] INFO  com.alibaba.nacos.client.config.impl.CacheData - nacos.cache.data.init.snapshot = true 
2024-10-18 22:05:37.842 [main] INFO  com.alibaba.nacos.client.config.impl.ClientWorker - [fixed-Little-Red-Book-127.0.0.1_8848] [subscribe] LittleRedBook-auth-dev.yaml+DEFAULT_GROUP+Little-Red-Book
2024-10-18 22:05:37.847 [main] INFO  com.alibaba.nacos.client.config.impl.CacheData - [fixed-Little-Red-Book-127.0.0.1_8848] [add-listener] ok, tenant=Little-Red-Book, dataId=LittleRedBook-auth-dev.yaml, group=DEFAULT_GROUP, cnt=1
2024-10-18 22:05:37.847 [main] INFO  c.a.cloud.nacos.refresh.NacosContextRefresher - [Nacos Config] Listening config: dataId=LittleRedBook-auth-dev.yaml, group=DEFAULT_GROUP
2024-10-18 22:05:37.847 [main] INFO  com.alibaba.nacos.client.config.impl.ClientWorker - [fixed-Little-Red-Book-127.0.0.1_8848] [subscribe] LittleRedBook-auth.yaml+DEFAULT_GROUP+Little-Red-Book
2024-10-18 22:05:37.847 [main] INFO  com.alibaba.nacos.client.config.impl.CacheData - [fixed-Little-Red-Book-127.0.0.1_8848] [add-listener] ok, tenant=Little-Red-Book, dataId=LittleRedBook-auth.yaml, group=DEFAULT_GROUP, cnt=1
2024-10-18 22:05:37.847 [main] INFO  c.a.cloud.nacos.refresh.NacosContextRefresher - [Nacos Config] Listening config: dataId=LittleRedBook-auth.yaml, group=DEFAULT_GROUP
2024-10-18 22:05:37.848 [main] INFO  com.alibaba.nacos.client.config.impl.ClientWorker - [fixed-Little-Red-Book-127.0.0.1_8848] [subscribe] LittleRedBook-auth+DEFAULT_GROUP+Little-Red-Book
2024-10-18 22:05:37.848 [main] INFO  com.alibaba.nacos.client.config.impl.CacheData - [fixed-Little-Red-Book-127.0.0.1_8848] [add-listener] ok, tenant=Little-Red-Book, dataId=LittleRedBook-auth, group=DEFAULT_GROUP, cnt=1
2024-10-18 22:05:37.848 [main] INFO  c.a.cloud.nacos.refresh.NacosContextRefresher - [Nacos Config] Listening config: dataId=LittleRedBook-auth, group=DEFAULT_GROUP
2024-10-18 22:06:12.800 [http-nio-8080-exec-2] INFO  o.a.c.core.ContainerBase.[Tomcat].[localhost].[/] - Initializing Spring DispatcherServlet 'dispatcherServlet'
2024-10-18 22:06:12.800 [http-nio-8080-exec-2] INFO  org.springframework.web.servlet.DispatcherServlet - Initializing Servlet 'dispatcherServlet'
2024-10-18 22:06:12.802 [http-nio-8080-exec-2] INFO  org.springframework.web.servlet.DispatcherServlet - Completed initialization in 1 ms
2024-10-18 22:06:36.243 [http-nio-8080-exec-3] INFO  c.h.f.b.operationlog.aspect.ApiOperationLogAspect - ====== 请求开始: [用户登录/注册], 入参: {"phone":"17891997260","code":"701876","password":"","type":1}, 请求类: UserController, 请求方法: loginAndRegister =================================== 
2024-10-18 22:06:36.254 [http-nio-8080-exec-3] DEBUG c.h.l.domain.mapper.UserDOMapper.selectByPhone - ==>  Preparing: select id, password from t_user where phone = ?
2024-10-18 22:06:36.255 [http-nio-8080-exec-3] DEBUG c.h.l.domain.mapper.UserDOMapper.selectByPhone - ==> Parameters: 17891997260(String)
2024-10-18 22:06:36.263 [http-nio-8080-exec-3] DEBUG c.h.l.domain.mapper.UserDOMapper.selectByPhone - <==      Total: 1
2024-10-18 22:06:36.267 [http-nio-8080-exec-3] INFO  c.h.littleredbookauth.service.impl.UserServiceImpl - ==> 用户是否注册, phone: 17891997260, userDO: {"id":3,"accountId":null,"password":null,"nickname":null,"avatar":null,"birthday":null,"backgroundImg":null,"phone":null,"sex":null,"status":null,"introduction":null,"createTime":null,"updateTime":null,"isDeleted":null}
2024-10-18 22:06:36.414 [http-nio-8080-exec-3] INFO  c.h.f.b.operationlog.aspect.ApiOperationLogAspect - ====== 请求结束: [用户登录/注册], 耗时: 172ms, 出参: {"success":true,"message":null,"errorCode":null,"data":"74b4e2d9-ae5f-450c-951f-4bd27eb5d313"} =================================== 
2024-10-18 22:06:56.170 [http-nio-8080-exec-9] INFO  c.h.f.b.context.filter.HeaderUserId2ContextFilter - ===== 设置 userId 到 ThreadLocal 中， 用户 ID: 3
2024-10-18 22:06:56.175 [http-nio-8080-exec-9] INFO  c.h.f.b.operationlog.aspect.ApiOperationLogAspect - ====== 请求开始: [账号登出], 入参: , 请求类: UserController, 请求方法: logout =================================== 
2024-10-18 22:06:56.175 [http-nio-8080-exec-9] INFO  c.h.littleredbookauth.service.impl.UserServiceImpl - ==> 用户退出登录, userId: 3
2024-10-18 22:06:56.215 [http-nio-8080-exec-9] INFO  c.h.f.b.operationlog.aspect.ApiOperationLogAspect - ====== 请求结束: [账号登出], 耗时: 40ms, 出参: {"success":true,"message":null,"errorCode":null,"data":null} =================================== 
2024-10-18 22:06:56.217 [http-nio-8080-exec-9] INFO  c.h.f.b.context.filter.HeaderUserId2ContextFilter - ===== 删除 ThreadLocal， userId: 3
2024-10-18 22:07:12.780 [Thread-2] WARN  c.alibaba.nacos.common.http.HttpClientBeanHolder - [HttpClientBeanHolder] Start destroying common HttpClient
2024-10-18 22:07:12.780 [Thread-9] WARN  com.alibaba.nacos.common.notify.NotifyCenter - [NotifyCenter] Start destroying Publisher
2024-10-18 22:07:12.780 [Thread-9] WARN  com.alibaba.nacos.common.notify.NotifyCenter - [NotifyCenter] Destruction of the end
2024-10-18 22:07:12.780 [Thread-2] WARN  c.alibaba.nacos.common.http.HttpClientBeanHolder - [HttpClientBeanHolder] Destruction of the end
2024-10-18 22:07:12.802 [SpringApplicationShutdownHook] INFO  c.a.cloud.nacos.registry.NacosServiceRegistry - De-registering from Nacos Server now...
2024-10-18 22:07:12.802 [SpringApplicationShutdownHook] INFO  com.alibaba.nacos.client.naming - [DEREGISTER-SERVICE] Little-Red-Book deregistering service LittleRedBook-auth with instance: Instance{instanceId='null', ip='192.168.94.1', port=8080, weight=1.0, healthy=true, enabled=true, ephemeral=true, clusterName='DEFAULT', serviceName='null', metadata={}}
2024-10-18 22:07:12.806 [SpringApplicationShutdownHook] INFO  c.a.cloud.nacos.registry.NacosServiceRegistry - De-registration finished.
2024-10-18 22:07:12.807 [SpringApplicationShutdownHook] INFO  com.alibaba.nacos.client.naming - com.alibaba.nacos.client.naming.cache.ServiceInfoHolder do shutdown begin
2024-10-18 22:07:12.807 [SpringApplicationShutdownHook] INFO  com.alibaba.nacos.client.naming - com.alibaba.nacos.client.naming.backups.FailoverReactor do shutdown begin
2024-10-18 22:07:12.807 [SpringApplicationShutdownHook] INFO  com.alibaba.nacos.client.naming - com.alibaba.nacos.client.naming.backups.FailoverReactor do shutdown stop
2024-10-18 22:07:12.807 [SpringApplicationShutdownHook] INFO  com.alibaba.nacos.client.naming - com.alibaba.nacos.client.naming.cache.ServiceInfoHolder do shutdown stop
2024-10-18 22:07:12.807 [SpringApplicationShutdownHook] INFO  com.alibaba.nacos.client.naming - com.alibaba.nacos.client.naming.remote.NamingClientProxyDelegate do shutdown begin
2024-10-18 22:07:12.808 [SpringApplicationShutdownHook] INFO  com.alibaba.nacos.client.naming - com.alibaba.nacos.client.naming.core.ServiceInfoUpdateService do shutdown begin
2024-10-18 22:07:12.808 [SpringApplicationShutdownHook] INFO  com.alibaba.nacos.client.naming - com.alibaba.nacos.client.naming.core.ServiceInfoUpdateService do shutdown stop
2024-10-18 22:07:12.808 [SpringApplicationShutdownHook] INFO  com.alibaba.nacos.client.naming - com.alibaba.nacos.client.naming.core.ServerListManager do shutdown begin
2024-10-18 22:07:12.808 [SpringApplicationShutdownHook] WARN  com.alibaba.nacos.client.naming - [NamingHttpClientManager] Start destroying NacosRestTemplate
2024-10-18 22:07:12.808 [SpringApplicationShutdownHook] WARN  com.alibaba.nacos.client.naming - [NamingHttpClientManager] Destruction of the end
2024-10-18 22:07:12.808 [SpringApplicationShutdownHook] INFO  com.alibaba.nacos.client.naming - com.alibaba.nacos.client.naming.core.ServerListManager do shutdown stop
2024-10-18 22:07:12.808 [SpringApplicationShutdownHook] INFO  com.alibaba.nacos.client.naming - com.alibaba.nacos.client.naming.remote.http.NamingHttpClientProxy do shutdown begin
2024-10-18 22:07:12.808 [SpringApplicationShutdownHook] WARN  com.alibaba.nacos.client.naming - [NamingHttpClientManager] Start destroying NacosRestTemplate
2024-10-18 22:07:12.808 [SpringApplicationShutdownHook] WARN  com.alibaba.nacos.client.naming - [NamingHttpClientManager] Destruction of the end
2024-10-18 22:07:12.808 [SpringApplicationShutdownHook] INFO  com.alibaba.nacos.client.naming - com.alibaba.nacos.client.naming.remote.http.NamingHttpClientProxy do shutdown stop
2024-10-18 22:07:12.808 [SpringApplicationShutdownHook] INFO  com.alibaba.nacos.common.remote.client - Shutdown rpc client, set status to shutdown
2024-10-18 22:07:12.808 [SpringApplicationShutdownHook] INFO  com.alibaba.nacos.common.remote.client - Shutdown client event executor java.util.concurrent.ScheduledThreadPoolExecutor@50f6d93b[Running, pool size = 2, active threads = 2, queued tasks = 0, completed tasks = 0]
2024-10-18 22:07:12.808 [SpringApplicationShutdownHook] INFO  com.alibaba.nacos.common.remote.client - Close current connection 1729260336118_127.0.0.1_58622
2024-10-18 22:07:12.810 [nacos-grpc-client-executor-127.0.0.1-38] INFO  c.a.nacos.common.remote.client.grpc.GrpcClient - [1729260336118_127.0.0.1_58622]Ignore complete event,isRunning:false,isAbandon=false
2024-10-18 22:07:12.810 [SpringApplicationShutdownHook] INFO  c.a.nacos.common.remote.client.grpc.GrpcClient - Shutdown grpc executor java.util.concurrent.ThreadPoolExecutor@70298dab[Running, pool size = 7, active threads = 0, queued tasks = 0, completed tasks = 39]
2024-10-18 22:07:12.810 [SpringApplicationShutdownHook] INFO  com.alibaba.nacos.client.naming - Shutdown grpc redo service executor java.util.concurrent.ScheduledThreadPoolExecutor@3cd00581[Running, pool size = 1, active threads = 0, queued tasks = 1, completed tasks = 32]
2024-10-18 22:07:12.810 [SpringApplicationShutdownHook] INFO  c.a.n.client.auth.ram.identify.CredentialWatcher - [null] CredentialWatcher is stopped
2024-10-18 22:07:12.811 [SpringApplicationShutdownHook] INFO  c.a.n.client.auth.ram.identify.CredentialService - [null] CredentialService is freed
2024-10-18 22:07:12.811 [SpringApplicationShutdownHook] INFO  com.alibaba.nacos.client.naming - com.alibaba.nacos.client.naming.remote.NamingClientProxyDelegate do shutdown stop
2024-10-18 22:07:12.930 [SpringApplicationShutdownHook] INFO  com.alibaba.druid.pool.DruidDataSource - {dataSource-1} closing ...
2024-10-18 22:07:12.941 [SpringApplicationShutdownHook] INFO  com.alibaba.druid.pool.DruidDataSource - {dataSource-1} closed
