2024-10-08 22:14:34.881 [main] WARN  com.alibaba.nacos.client.logging.NacosLogging - Load Logback Configuration of Nacos fail, message: Could not initialize Logback Nacos logging from classpath:nacos-logback.xml
2024-10-08 22:14:34.924 [main] WARN  com.alibaba.nacos.client.logging.NacosLogging - Load Logback Configuration of Nacos fail, message: Could not initialize Logback Nacos logging from classpath:nacos-logback.xml
2024-10-08 22:14:35.059 [main] INFO  com.alibaba.cloud.nacos.NacosConfigProperties - set nacos config namespace 'public' to ''
2024-10-08 22:14:35.062 [main] WARN  com.alibaba.nacos.client.logging.NacosLogging - Load Logback Configuration of Nacos fail, message: Could not initialize Logback Nacos logging from classpath:nacos-logback.xml
2024-10-08 22:14:35.063 [main] INFO  com.alibaba.nacos.client.utils.ParamUtil - [settings] [req-serv] nacos-server port:8848
2024-10-08 22:14:35.063 [main] INFO  com.alibaba.nacos.client.utils.ParamUtil - [settings] [http-client] connect timeout:1000
2024-10-08 22:14:35.064 [main] INFO  com.alibaba.nacos.client.utils.ParamUtil - PER_TASK_CONFIG_SIZE: 3000.0
2024-10-08 22:14:35.078 [main] INFO  c.a.n.p.auth.spi.client.ClientAuthPluginManager - [ClientAuthPluginManager] Load ClientAuthService com.alibaba.nacos.client.auth.impl.NacosClientAuthServiceImpl success.
2024-10-08 22:14:35.078 [main] INFO  c.a.n.p.auth.spi.client.ClientAuthPluginManager - [ClientAuthPluginManager] Load ClientAuthService com.alibaba.nacos.client.auth.ram.RamClientAuthServiceImpl success.
2024-10-08 22:14:35.079 [main] INFO  c.a.n.client.auth.ram.identify.CredentialWatcher - null No credential found
2024-10-08 22:14:36.325 [main] WARN  com.alibaba.nacos.client.logging.NacosLogging - Load Logback Configuration of Nacos fail, message: Could not initialize Logback Nacos logging from classpath:nacos-logback.xml
2024-10-08 22:14:36.336 [main] INFO  c.a.n.client.config.impl.LocalConfigInfoProcessor - LOCAL_SNAPSHOT_PATH:C:\Users\xzf\nacos\config
2024-10-08 22:14:36.339 [main] INFO  com.alibaba.nacos.common.remote.client - [RpcClientFactory] create a new rpc client of f3e50733-1368-45d0-bf3b-f377970245e4_config-0
2024-10-08 22:14:36.350 [main] INFO  com.alibaba.nacos.common.remote.client - [f3e50733-1368-45d0-bf3b-f377970245e4_config-0] Register server push request handler:com.alibaba.nacos.client.config.impl.ClientWorker$ConfigRpcTransportClient$$Lambda$588/0x000001ee8138d928
2024-10-08 22:14:36.350 [main] INFO  com.alibaba.nacos.common.remote.client - [f3e50733-1368-45d0-bf3b-f377970245e4_config-0] Register server push request handler:com.alibaba.nacos.client.config.impl.ClientWorker$ConfigRpcTransportClient$$Lambda$589/0x000001ee8138dd48
2024-10-08 22:14:36.350 [main] INFO  com.alibaba.nacos.common.remote.client - [f3e50733-1368-45d0-bf3b-f377970245e4_config-0] Registry connection listener to current client:com.alibaba.nacos.client.config.impl.ClientWorker$ConfigRpcTransportClient$1
2024-10-08 22:14:36.350 [main] INFO  com.alibaba.nacos.common.remote.client - [f3e50733-1368-45d0-bf3b-f377970245e4_config-0] RpcClient init, ServerListFactory = com.alibaba.nacos.client.config.impl.ClientWorker$ConfigRpcTransportClient$2
2024-10-08 22:14:36.355 [main] INFO  com.alibaba.nacos.common.remote.client - [f3e50733-1368-45d0-bf3b-f377970245e4_config-0] Try to connect to server on start up, server: {serverIp = '127.0.0.1', server main port = 8848}
2024-10-08 22:14:36.383 [main] INFO  c.a.nacos.common.remote.client.grpc.GrpcClient - grpc client connection server:127.0.0.1 ip,serverPort:9848,grpcTslConfig:{"sslProvider":"OPENSSL","enableTls":false,"mutualAuthEnable":false,"trustAll":false}
2024-10-08 22:14:37.056 [main] INFO  com.alibaba.nacos.common.remote.client - [f3e50733-1368-45d0-bf3b-f377970245e4_config-0] Success to connect to server [127.0.0.1:8848] on start up, connectionId = 1728396876867_127.0.0.1_60917
2024-10-08 22:14:37.056 [com.alibaba.nacos.client.remote.worker] INFO  com.alibaba.nacos.common.remote.client - [f3e50733-1368-45d0-bf3b-f377970245e4_config-0] Notify connected event to listeners.
2024-10-08 22:14:37.057 [com.alibaba.nacos.client.remote.worker] INFO  com.alibaba.nacos.client.config.impl.ClientWorker - [f3e50733-1368-45d0-bf3b-f377970245e4_config-0] Connected,notify listen context...
2024-10-08 22:14:37.057 [main] INFO  com.alibaba.nacos.common.remote.client - [f3e50733-1368-45d0-bf3b-f377970245e4_config-0] Register server push request handler:com.alibaba.nacos.common.remote.client.RpcClient$ConnectResetRequestHandler
2024-10-08 22:14:37.057 [main] INFO  com.alibaba.nacos.common.remote.client - [f3e50733-1368-45d0-bf3b-f377970245e4_config-0] Register server push request handler:com.alibaba.nacos.common.remote.client.RpcClient$$Lambda$609/0x000001ee814d51f0
2024-10-08 22:14:37.139 [main] INFO  com.alibaba.nacos.client.config.impl.Limiter - limitTime:5.0
2024-10-08 22:14:37.163 [main] INFO  com.alibaba.nacos.client.config.utils.JvmUtil - isMultiInstance:false
2024-10-08 22:14:37.175 [main] WARN  c.a.cloud.nacos.client.NacosPropertySourceBuilder - Ignore the empty nacos configuration and get it based on dataId[LittleRedBook-auth.yaml] & group[DEFAULT_GROUP]
2024-10-08 22:14:37.183 [main] INFO  o.s.c.b.c.PropertySourceBootstrapConfiguration - Located property source: [BootstrapPropertySource {name='bootstrapProperties-LittleRedBook-auth-dev.yaml,DEFAULT_GROUP'}, BootstrapPropertySource {name='bootstrapProperties-LittleRedBook-auth.yaml,DEFAULT_GROUP'}, BootstrapPropertySource {name='bootstrapProperties-LittleRedBook-auth,DEFAULT_GROUP'}]
2024-10-08 22:14:37.198 [main] WARN  com.alibaba.nacos.client.logging.NacosLogging - Load Logback Configuration of Nacos fail, message: Could not initialize Logback Nacos logging from classpath:nacos-logback.xml
2024-10-08 22:14:37.199 [main] INFO  c.h.littleredbookauth.LittleRedBookAuthApplication - The following 1 profile is active: "dev"
2024-10-08 22:14:37.604 [main] INFO  o.s.d.r.config.RepositoryConfigurationDelegate - Multiple Spring Data modules found, entering strict repository configuration mode
2024-10-08 22:14:37.606 [main] INFO  o.s.d.r.config.RepositoryConfigurationDelegate - Bootstrapping Spring Data Redis repositories in DEFAULT mode.
2024-10-08 22:14:37.625 [main] INFO  o.s.d.r.config.RepositoryConfigurationDelegate - Finished Spring Data repository scanning in 7 ms. Found 0 Redis repository interfaces.
2024-10-08 22:14:37.765 [main] INFO  o.springframework.cloud.context.scope.GenericScope - BeanFactory id=39e240c7-5b0d-3bf2-b038-cd812b917634
2024-10-08 22:14:38.175 [main] INFO  o.s.boot.web.embedded.tomcat.TomcatWebServer - Tomcat initialized with port(s): 8080 (http)
2024-10-08 22:14:38.183 [main] INFO  org.apache.catalina.core.StandardService - Starting service [Tomcat]
2024-10-08 22:14:38.183 [main] INFO  org.apache.catalina.core.StandardEngine - Starting Servlet engine: [Apache Tomcat/10.1.5]
2024-10-08 22:14:38.241 [main] INFO  o.a.c.core.ContainerBase.[Tomcat].[localhost].[/] - Initializing Spring embedded WebApplicationContext
2024-10-08 22:14:38.242 [main] INFO  o.s.b.w.s.c.ServletWebServerApplicationContext - Root WebApplicationContext: initialization completed in 1033 ms
2024-10-08 22:14:38.319 [main] INFO  c.a.d.s.b.a.DruidDataSourceAutoConfigure - Init DruidDataSource
2024-10-08 22:14:38.644 [main] INFO  com.alibaba.druid.pool.DruidDataSource - {dataSource-1} inited
2024-10-08 22:14:40.454 [main] INFO  org.springframework.cloud.commons.util.InetUtils - Cannot determine local hostname
2024-10-08 22:14:40.518 [main] INFO  o.s.boot.web.embedded.tomcat.TomcatWebServer - Tomcat started on port(s): 8080 (http) with context path ''
2024-10-08 22:14:41.589 [main] INFO  org.springframework.cloud.commons.util.InetUtils - Cannot determine local hostname
2024-10-08 22:14:41.594 [main] INFO  c.h.littleredbookauth.LittleRedBookAuthApplication - Started LittleRedBookAuthApplication in 8.149 seconds (process running for 8.6)
2024-10-08 22:14:41.594 [main] INFO  c.h.l.runner.PushRolePermissions2RedisRunner - ==> 服务启动，开始同步角色权限数据到 Redis 中...
2024-10-08 22:14:41.614 [main] DEBUG c.h.l.domain.mapper.RoleDOMapper.selectEnabledList - ==>  Preparing: select id, role_key, role_name from t_role where status = 0 and is_deleted = 0
2024-10-08 22:14:41.732 [main] DEBUG c.h.l.domain.mapper.RoleDOMapper.selectEnabledList - ==> Parameters: 
2024-10-08 22:14:41.778 [main] DEBUG c.h.l.domain.mapper.RoleDOMapper.selectEnabledList - <==      Total: 1
2024-10-08 22:14:41.792 [main] DEBUG c.h.l.d.m.RolePermissionDOMapper.selectByRoleIds - ==>  Preparing: select role_id, permission_id from t_role_permission_rel where role_id in ( ? )
2024-10-08 22:14:41.794 [main] DEBUG c.h.l.d.m.RolePermissionDOMapper.selectByRoleIds - ==> Parameters: 1(Long)
2024-10-08 22:14:41.798 [main] DEBUG c.h.l.d.m.RolePermissionDOMapper.selectByRoleIds - <==      Total: 2
2024-10-08 22:14:41.799 [main] DEBUG c.h.l.d.m.PermissionDOMapper.selectAppEnabledList - ==>  Preparing: select id, name, permission_key from t_permission where status = 0 and type = 3 and is_deleted = 0
2024-10-08 22:14:41.800 [main] DEBUG c.h.l.d.m.PermissionDOMapper.selectAppEnabledList - ==> Parameters: 
2024-10-08 22:14:41.802 [main] DEBUG c.h.l.d.m.PermissionDOMapper.selectAppEnabledList - <==      Total: 2
2024-10-08 22:14:42.087 [main] INFO  c.h.l.runner.PushRolePermissions2RedisRunner - ==> 服务启动，成功同步角色权限数据到 Redis 中...
2024-10-08 22:14:42.088 [main] INFO  com.alibaba.nacos.client.config.impl.CacheData - nacos.cache.data.init.snapshot = true 
2024-10-08 22:14:42.090 [main] INFO  com.alibaba.nacos.client.config.impl.ClientWorker - [fixed-127.0.0.1_8848] [subscribe] LittleRedBook-auth-dev.yaml+DEFAULT_GROUP
2024-10-08 22:14:42.094 [main] INFO  com.alibaba.nacos.client.config.impl.CacheData - [fixed-127.0.0.1_8848] [add-listener] ok, tenant=, dataId=LittleRedBook-auth-dev.yaml, group=DEFAULT_GROUP, cnt=1
2024-10-08 22:14:42.094 [main] INFO  c.a.cloud.nacos.refresh.NacosContextRefresher - [Nacos Config] Listening config: dataId=LittleRedBook-auth-dev.yaml, group=DEFAULT_GROUP
2024-10-08 22:14:42.094 [main] INFO  com.alibaba.nacos.client.config.impl.ClientWorker - [fixed-127.0.0.1_8848] [subscribe] LittleRedBook-auth.yaml+DEFAULT_GROUP
2024-10-08 22:14:42.094 [main] INFO  com.alibaba.nacos.client.config.impl.CacheData - [fixed-127.0.0.1_8848] [add-listener] ok, tenant=, dataId=LittleRedBook-auth.yaml, group=DEFAULT_GROUP, cnt=1
2024-10-08 22:14:42.094 [main] INFO  c.a.cloud.nacos.refresh.NacosContextRefresher - [Nacos Config] Listening config: dataId=LittleRedBook-auth.yaml, group=DEFAULT_GROUP
2024-10-08 22:14:42.095 [main] INFO  com.alibaba.nacos.client.config.impl.ClientWorker - [fixed-127.0.0.1_8848] [subscribe] LittleRedBook-auth+DEFAULT_GROUP
2024-10-08 22:14:42.095 [main] INFO  com.alibaba.nacos.client.config.impl.CacheData - [fixed-127.0.0.1_8848] [add-listener] ok, tenant=, dataId=LittleRedBook-auth, group=DEFAULT_GROUP, cnt=1
2024-10-08 22:14:42.095 [main] INFO  c.a.cloud.nacos.refresh.NacosContextRefresher - [Nacos Config] Listening config: dataId=LittleRedBook-auth, group=DEFAULT_GROUP
2024-10-08 22:14:53.537 [http-nio-8080-exec-1] INFO  o.a.c.core.ContainerBase.[Tomcat].[localhost].[/] - Initializing Spring DispatcherServlet 'dispatcherServlet'
2024-10-08 22:14:53.537 [http-nio-8080-exec-1] INFO  org.springframework.web.servlet.DispatcherServlet - Initializing Servlet 'dispatcherServlet'
2024-10-08 22:14:53.538 [http-nio-8080-exec-1] INFO  org.springframework.web.servlet.DispatcherServlet - Completed initialization in 1 ms
2024-10-08 22:14:53.561 [http-nio-8080-exec-1] INFO  c.h.littleredbookauth.alarm.impl.SmsAlarmHelper - ==> 【短信告警】：系统出错啦，犬小哈这个月绩效没了，速度上线解决问题！
2024-10-08 22:15:42.355 [nacos-grpc-client-executor-127.0.0.1-39] INFO  com.alibaba.nacos.common.remote.client - [f3e50733-1368-45d0-bf3b-f377970245e4_config-0] Receive server push request, request = ConfigChangeNotifyRequest, requestId = 1
2024-10-08 22:15:42.355 [nacos-grpc-client-executor-127.0.0.1-39] INFO  com.alibaba.nacos.client.config.impl.ClientWorker - [f3e50733-1368-45d0-bf3b-f377970245e4_config-0] [server-push] config changed. dataId=LittleRedBook-auth-dev.yaml, group=DEFAULT_GROUP,tenant=null
2024-10-08 22:15:42.355 [nacos-grpc-client-executor-127.0.0.1-39] INFO  com.alibaba.nacos.common.remote.client - [f3e50733-1368-45d0-bf3b-f377970245e4_config-0] Ack server push request, request = ConfigChangeNotifyRequest, requestId = 1
2024-10-08 22:15:42.373 [com.alibaba.nacos.client.Worker] INFO  com.alibaba.nacos.client.config.impl.ClientWorker - [fixed-127.0.0.1_8848] [data-received] dataId=LittleRedBook-auth-dev.yaml, group=DEFAULT_GROUP, tenant=, md5=e25f54e372df62c050aa324d5d1bb444, content=alarm:
    type: mail #警告类型, type=yaml
2024-10-08 22:15:42.374 [com.alibaba.nacos.client.Worker] INFO  com.alibaba.nacos.client.config.impl.CacheData - [fixed-127.0.0.1_8848] [notify-listener] time cost=0ms in ClientWorker, dataId=LittleRedBook-auth-dev.yaml, group=DEFAULT_GROUP, md5=e25f54e372df62c050aa324d5d1bb444, listener=com.alibaba.cloud.nacos.refresh.NacosContextRefresher$1@1adc102b 
2024-10-08 22:15:42.375 [nacos.client.cachedata.internal.notifier] INFO  com.alibaba.nacos.client.config.impl.CacheData - [fixed-127.0.0.1_8848] [notify-context] dataId=LittleRedBook-auth-dev.yaml, group=DEFAULT_GROUP, md5=e25f54e372df62c050aa324d5d1bb444
2024-10-08 22:15:43.469 [nacos.client.cachedata.internal.notifier] INFO  org.springframework.cloud.commons.util.InetUtils - Cannot determine local hostname
2024-10-08 22:15:43.484 [nacos.client.cachedata.internal.notifier] WARN  com.alibaba.nacos.client.logging.NacosLogging - Load Logback Configuration of Nacos fail, message: Could not initialize Logback Nacos logging from classpath:nacos-logback.xml
2024-10-08 22:15:43.488 [nacos.client.cachedata.internal.notifier] WARN  com.alibaba.nacos.client.logging.NacosLogging - Load Logback Configuration of Nacos fail, message: Could not initialize Logback Nacos logging from classpath:nacos-logback.xml
2024-10-08 22:15:43.508 [nacos.client.cachedata.internal.notifier] WARN  com.alibaba.nacos.client.logging.NacosLogging - Load Logback Configuration of Nacos fail, message: Could not initialize Logback Nacos logging from classpath:nacos-logback.xml
2024-10-08 22:15:43.525 [nacos.client.cachedata.internal.notifier] WARN  c.a.cloud.nacos.client.NacosPropertySourceBuilder - Ignore the empty nacos configuration and get it based on dataId[LittleRedBook-auth.yaml] & group[DEFAULT_GROUP]
2024-10-08 22:15:43.532 [nacos.client.cachedata.internal.notifier] INFO  o.s.c.b.c.PropertySourceBootstrapConfiguration - Located property source: [BootstrapPropertySource {name='bootstrapProperties-LittleRedBook-auth-dev.yaml,DEFAULT_GROUP'}, BootstrapPropertySource {name='bootstrapProperties-LittleRedBook-auth.yaml,DEFAULT_GROUP'}, BootstrapPropertySource {name='bootstrapProperties-LittleRedBook-auth,DEFAULT_GROUP'}]
2024-10-08 22:15:43.534 [nacos.client.cachedata.internal.notifier] WARN  com.alibaba.nacos.client.logging.NacosLogging - Load Logback Configuration of Nacos fail, message: Could not initialize Logback Nacos logging from classpath:nacos-logback.xml
2024-10-08 22:15:43.535 [nacos.client.cachedata.internal.notifier] INFO  org.springframework.boot.SpringApplication - The following 1 profile is active: "dev"
2024-10-08 22:15:43.538 [nacos.client.cachedata.internal.notifier] INFO  org.springframework.boot.SpringApplication - Started application in 1.158 seconds (process running for 70.544)
2024-10-08 22:15:43.563 [nacos.client.cachedata.internal.notifier] INFO  com.alibaba.druid.pool.DruidDataSource - {dataSource-1} closing ...
2024-10-08 22:15:43.569 [nacos.client.cachedata.internal.notifier] INFO  com.alibaba.druid.pool.DruidDataSource - {dataSource-1} closed
2024-10-08 22:15:43.596 [nacos.client.cachedata.internal.notifier] INFO  o.s.cloud.endpoint.event.RefreshEventListener - Refresh keys changed: [alarm.type]
2024-10-08 22:15:43.596 [nacos.client.cachedata.internal.notifier] INFO  com.alibaba.nacos.client.config.impl.CacheData - [fixed-127.0.0.1_8848] [notify-ok] dataId=LittleRedBook-auth-dev.yaml, group=DEFAULT_GROUP, md5=e25f54e372df62c050aa324d5d1bb444, listener=com.alibaba.cloud.nacos.refresh.NacosContextRefresher$1@1adc102b ,cost=1221 millis.
2024-10-08 22:15:49.697 [http-nio-8080-exec-5] INFO  c.h.littleredbookauth.alarm.impl.SmsAlarmHelper - ==> 【短信告警】：系统出错啦，犬小哈这个月绩效没了，速度上线解决问题！
2024-10-08 22:15:53.969 [http-nio-8080-exec-3] INFO  c.h.littleredbookauth.alarm.impl.SmsAlarmHelper - ==> 【短信告警】：系统出错啦，犬小哈这个月绩效没了，速度上线解决问题！
2024-10-08 22:16:11.761 [http-nio-8080-exec-6] INFO  c.h.littleredbookauth.alarm.impl.SmsAlarmHelper - ==> 【短信告警】：系统出错啦，犬小哈这个月绩效没了，速度上线解决问题！
2024-10-08 22:16:35.174 [http-nio-8080-exec-8] INFO  c.h.littleredbookauth.alarm.impl.SmsAlarmHelper - ==> 【短信告警】：系统出错啦，犬小哈这个月绩效没了，速度上线解决问题！
2024-10-08 22:17:12.559 [http-nio-8080-exec-10] INFO  c.h.littleredbookauth.alarm.impl.SmsAlarmHelper - ==> 【短信告警】：系统出错啦，犬小哈这个月绩效没了，速度上线解决问题！
2024-10-08 22:17:56.129 [Thread-9] WARN  com.alibaba.nacos.common.notify.NotifyCenter - [NotifyCenter] Start destroying Publisher
2024-10-08 22:17:56.129 [Thread-2] WARN  c.alibaba.nacos.common.http.HttpClientBeanHolder - [HttpClientBeanHolder] Start destroying common HttpClient
2024-10-08 22:17:56.129 [Thread-9] WARN  com.alibaba.nacos.common.notify.NotifyCenter - [NotifyCenter] Destruction of the end
2024-10-08 22:17:56.129 [Thread-2] WARN  c.alibaba.nacos.common.http.HttpClientBeanHolder - [HttpClientBeanHolder] Destruction of the end
2024-10-08 22:17:56.263 [SpringApplicationShutdownHook] INFO  com.alibaba.druid.pool.DruidDataSource - {dataSource-1} closing ...
2024-10-08 22:17:59.903 [main] WARN  com.alibaba.nacos.client.logging.NacosLogging - Load Logback Configuration of Nacos fail, message: Could not initialize Logback Nacos logging from classpath:nacos-logback.xml
2024-10-08 22:17:59.941 [main] WARN  com.alibaba.nacos.client.logging.NacosLogging - Load Logback Configuration of Nacos fail, message: Could not initialize Logback Nacos logging from classpath:nacos-logback.xml
2024-10-08 22:18:00.075 [main] INFO  com.alibaba.cloud.nacos.NacosConfigProperties - set nacos config namespace 'public' to ''
2024-10-08 22:18:00.077 [main] WARN  com.alibaba.nacos.client.logging.NacosLogging - Load Logback Configuration of Nacos fail, message: Could not initialize Logback Nacos logging from classpath:nacos-logback.xml
2024-10-08 22:18:00.078 [main] INFO  com.alibaba.nacos.client.utils.ParamUtil - [settings] [req-serv] nacos-server port:8848
2024-10-08 22:18:00.078 [main] INFO  com.alibaba.nacos.client.utils.ParamUtil - [settings] [http-client] connect timeout:1000
2024-10-08 22:18:00.078 [main] INFO  com.alibaba.nacos.client.utils.ParamUtil - PER_TASK_CONFIG_SIZE: 3000.0
2024-10-08 22:18:00.095 [main] INFO  c.a.n.p.auth.spi.client.ClientAuthPluginManager - [ClientAuthPluginManager] Load ClientAuthService com.alibaba.nacos.client.auth.impl.NacosClientAuthServiceImpl success.
2024-10-08 22:18:00.096 [main] INFO  c.a.n.p.auth.spi.client.ClientAuthPluginManager - [ClientAuthPluginManager] Load ClientAuthService com.alibaba.nacos.client.auth.ram.RamClientAuthServiceImpl success.
2024-10-08 22:18:00.097 [main] INFO  c.a.n.client.auth.ram.identify.CredentialWatcher - null No credential found
2024-10-08 22:18:01.299 [main] WARN  com.alibaba.nacos.client.logging.NacosLogging - Load Logback Configuration of Nacos fail, message: Could not initialize Logback Nacos logging from classpath:nacos-logback.xml
2024-10-08 22:18:01.309 [main] INFO  c.a.n.client.config.impl.LocalConfigInfoProcessor - LOCAL_SNAPSHOT_PATH:C:\Users\xzf\nacos\config
2024-10-08 22:18:01.311 [main] INFO  com.alibaba.nacos.common.remote.client - [RpcClientFactory] create a new rpc client of ea7daf4c-9772-48d8-b7c2-907270816885_config-0
2024-10-08 22:18:01.319 [main] INFO  com.alibaba.nacos.common.remote.client - [ea7daf4c-9772-48d8-b7c2-907270816885_config-0] Register server push request handler:com.alibaba.nacos.client.config.impl.ClientWorker$ConfigRpcTransportClient$$Lambda$588/0x00000205ad38ebb8
2024-10-08 22:18:01.320 [main] INFO  com.alibaba.nacos.common.remote.client - [ea7daf4c-9772-48d8-b7c2-907270816885_config-0] Register server push request handler:com.alibaba.nacos.client.config.impl.ClientWorker$ConfigRpcTransportClient$$Lambda$589/0x00000205ad38efd8
2024-10-08 22:18:01.320 [main] INFO  com.alibaba.nacos.common.remote.client - [ea7daf4c-9772-48d8-b7c2-907270816885_config-0] Registry connection listener to current client:com.alibaba.nacos.client.config.impl.ClientWorker$ConfigRpcTransportClient$1
2024-10-08 22:18:01.320 [main] INFO  com.alibaba.nacos.common.remote.client - [ea7daf4c-9772-48d8-b7c2-907270816885_config-0] RpcClient init, ServerListFactory = com.alibaba.nacos.client.config.impl.ClientWorker$ConfigRpcTransportClient$2
2024-10-08 22:18:01.324 [main] INFO  com.alibaba.nacos.common.remote.client - [ea7daf4c-9772-48d8-b7c2-907270816885_config-0] Try to connect to server on start up, server: {serverIp = '127.0.0.1', server main port = 8848}
2024-10-08 22:18:01.354 [main] INFO  c.a.nacos.common.remote.client.grpc.GrpcClient - grpc client connection server:127.0.0.1 ip,serverPort:9848,grpcTslConfig:{"sslProvider":"OPENSSL","enableTls":false,"mutualAuthEnable":false,"trustAll":false}
2024-10-08 22:18:01.859 [main] INFO  com.alibaba.nacos.common.remote.client - [ea7daf4c-9772-48d8-b7c2-907270816885_config-0] Success to connect to server [127.0.0.1:8848] on start up, connectionId = 1728397081700_127.0.0.1_61634
2024-10-08 22:18:01.860 [com.alibaba.nacos.client.remote.worker] INFO  com.alibaba.nacos.common.remote.client - [ea7daf4c-9772-48d8-b7c2-907270816885_config-0] Notify connected event to listeners.
2024-10-08 22:18:01.860 [com.alibaba.nacos.client.remote.worker] INFO  com.alibaba.nacos.client.config.impl.ClientWorker - [ea7daf4c-9772-48d8-b7c2-907270816885_config-0] Connected,notify listen context...
2024-10-08 22:18:01.860 [main] INFO  com.alibaba.nacos.common.remote.client - [ea7daf4c-9772-48d8-b7c2-907270816885_config-0] Register server push request handler:com.alibaba.nacos.common.remote.client.RpcClient$ConnectResetRequestHandler
2024-10-08 22:18:01.860 [main] INFO  com.alibaba.nacos.common.remote.client - [ea7daf4c-9772-48d8-b7c2-907270816885_config-0] Register server push request handler:com.alibaba.nacos.common.remote.client.RpcClient$$Lambda$609/0x00000205ad4d6a28
2024-10-08 22:18:01.884 [main] INFO  com.alibaba.nacos.client.config.impl.Limiter - limitTime:5.0
2024-10-08 22:18:01.894 [main] INFO  com.alibaba.nacos.client.config.utils.JvmUtil - isMultiInstance:false
2024-10-08 22:18:01.902 [main] WARN  c.a.cloud.nacos.client.NacosPropertySourceBuilder - Ignore the empty nacos configuration and get it based on dataId[LittleRedBook-auth.yaml] & group[DEFAULT_GROUP]
2024-10-08 22:18:01.916 [main] INFO  o.s.c.b.c.PropertySourceBootstrapConfiguration - Located property source: [BootstrapPropertySource {name='bootstrapProperties-LittleRedBook-auth-dev.yaml,DEFAULT_GROUP'}, BootstrapPropertySource {name='bootstrapProperties-LittleRedBook-auth.yaml,DEFAULT_GROUP'}, BootstrapPropertySource {name='bootstrapProperties-LittleRedBook-auth,DEFAULT_GROUP'}]
2024-10-08 22:18:01.934 [main] WARN  com.alibaba.nacos.client.logging.NacosLogging - Load Logback Configuration of Nacos fail, message: Could not initialize Logback Nacos logging from classpath:nacos-logback.xml
2024-10-08 22:18:01.935 [main] INFO  c.h.littleredbookauth.LittleRedBookAuthApplication - The following 1 profile is active: "dev"
2024-10-08 22:18:02.339 [main] INFO  o.s.d.r.config.RepositoryConfigurationDelegate - Multiple Spring Data modules found, entering strict repository configuration mode
2024-10-08 22:18:02.341 [main] INFO  o.s.d.r.config.RepositoryConfigurationDelegate - Bootstrapping Spring Data Redis repositories in DEFAULT mode.
2024-10-08 22:18:02.359 [main] INFO  o.s.d.r.config.RepositoryConfigurationDelegate - Finished Spring Data repository scanning in 8 ms. Found 0 Redis repository interfaces.
2024-10-08 22:18:02.442 [main] INFO  o.springframework.cloud.context.scope.GenericScope - BeanFactory id=28cb5697-9d0a-31a4-8d6b-856fc86de609
2024-10-08 22:18:02.778 [main] INFO  o.s.boot.web.embedded.tomcat.TomcatWebServer - Tomcat initialized with port(s): 8080 (http)
2024-10-08 22:18:02.784 [main] INFO  org.apache.catalina.core.StandardService - Starting service [Tomcat]
2024-10-08 22:18:02.785 [main] INFO  org.apache.catalina.core.StandardEngine - Starting Servlet engine: [Apache Tomcat/10.1.5]
2024-10-08 22:18:02.835 [main] INFO  o.a.c.core.ContainerBase.[Tomcat].[localhost].[/] - Initializing Spring embedded WebApplicationContext
2024-10-08 22:18:02.835 [main] INFO  o.s.b.w.s.c.ServletWebServerApplicationContext - Root WebApplicationContext: initialization completed in 885 ms
2024-10-08 22:18:02.906 [main] INFO  c.a.d.s.b.a.DruidDataSourceAutoConfigure - Init DruidDataSource
2024-10-08 22:18:03.112 [main] INFO  com.alibaba.druid.pool.DruidDataSource - {dataSource-1} inited
2024-10-08 22:18:04.795 [main] INFO  org.springframework.cloud.commons.util.InetUtils - Cannot determine local hostname
2024-10-08 22:18:04.840 [main] INFO  o.s.boot.web.embedded.tomcat.TomcatWebServer - Tomcat started on port(s): 8080 (http) with context path ''
2024-10-08 22:18:05.913 [main] INFO  org.springframework.cloud.commons.util.InetUtils - Cannot determine local hostname
2024-10-08 22:18:05.924 [main] INFO  c.h.littleredbookauth.LittleRedBookAuthApplication - Started LittleRedBookAuthApplication in 7.41 seconds (process running for 7.761)
2024-10-08 22:18:05.925 [main] INFO  c.h.l.runner.PushRolePermissions2RedisRunner - ==> 服务启动，开始同步角色权限数据到 Redis 中...
2024-10-08 22:18:05.939 [main] DEBUG c.h.l.domain.mapper.RoleDOMapper.selectEnabledList - ==>  Preparing: select id, role_key, role_name from t_role where status = 0 and is_deleted = 0
2024-10-08 22:18:06.031 [main] DEBUG c.h.l.domain.mapper.RoleDOMapper.selectEnabledList - ==> Parameters: 
2024-10-08 22:18:06.042 [main] DEBUG c.h.l.domain.mapper.RoleDOMapper.selectEnabledList - <==      Total: 1
2024-10-08 22:18:06.055 [main] DEBUG c.h.l.d.m.RolePermissionDOMapper.selectByRoleIds - ==>  Preparing: select role_id, permission_id from t_role_permission_rel where role_id in ( ? )
2024-10-08 22:18:06.056 [main] DEBUG c.h.l.d.m.RolePermissionDOMapper.selectByRoleIds - ==> Parameters: 1(Long)
2024-10-08 22:18:06.058 [main] DEBUG c.h.l.d.m.RolePermissionDOMapper.selectByRoleIds - <==      Total: 2
2024-10-08 22:18:06.059 [main] DEBUG c.h.l.d.m.PermissionDOMapper.selectAppEnabledList - ==>  Preparing: select id, name, permission_key from t_permission where status = 0 and type = 3 and is_deleted = 0
2024-10-08 22:18:06.059 [main] DEBUG c.h.l.d.m.PermissionDOMapper.selectAppEnabledList - ==> Parameters: 
2024-10-08 22:18:06.063 [main] DEBUG c.h.l.d.m.PermissionDOMapper.selectAppEnabledList - <==      Total: 2
2024-10-08 22:18:11.304 [main] ERROR c.h.l.runner.PushRolePermissions2RedisRunner - ==> 同步角色权限数据到 Redis 中失败: 
org.springframework.data.redis.RedisConnectionFailureException: Unable to connect to Redis
	at org.springframework.data.redis.connection.lettuce.LettuceConnectionFactory$ExceptionTranslatingConnectionProvider.translateException(LettuceConnectionFactory.java:1602)
	at org.springframework.data.redis.connection.lettuce.LettuceConnectionFactory$ExceptionTranslatingConnectionProvider.getConnection(LettuceConnectionFactory.java:1533)
	at org.springframework.data.redis.connection.lettuce.LettuceConnectionFactory$SharedConnection.getNativeConnection(LettuceConnectionFactory.java:1358)
	at org.springframework.data.redis.connection.lettuce.LettuceConnectionFactory$SharedConnection.getConnection(LettuceConnectionFactory.java:1341)
	at org.springframework.data.redis.connection.lettuce.LettuceConnectionFactory.getSharedConnection(LettuceConnectionFactory.java:1059)
	at org.springframework.data.redis.connection.lettuce.LettuceConnectionFactory.getConnection(LettuceConnectionFactory.java:398)
	at org.springframework.data.redis.core.RedisConnectionUtils.fetchConnection(RedisConnectionUtils.java:193)
	at org.springframework.data.redis.core.RedisConnectionUtils.doGetConnection(RedisConnectionUtils.java:144)
	at org.springframework.data.redis.core.RedisConnectionUtils.getConnection(RedisConnectionUtils.java:105)
	at org.springframework.data.redis.core.RedisTemplate.execute(RedisTemplate.java:393)
	at org.springframework.data.redis.core.RedisTemplate.execute(RedisTemplate.java:373)
	at org.springframework.data.redis.core.AbstractOperations.execute(AbstractOperations.java:97)
	at org.springframework.data.redis.core.DefaultValueOperations.set(DefaultValueOperations.java:237)
	at com.haishi.littleredbookauth.runner.PushRolePermissions2RedisRunner.lambda$run$3(PushRolePermissions2RedisRunner.java:88)
	at java.base/java.util.HashMap.forEach(HashMap.java:1421)
	at com.haishi.littleredbookauth.runner.PushRolePermissions2RedisRunner.run(PushRolePermissions2RedisRunner.java:86)
	at org.springframework.boot.SpringApplication.callRunner(SpringApplication.java:758)
	at org.springframework.boot.SpringApplication.callRunners(SpringApplication.java:748)
	at org.springframework.boot.SpringApplication.run(SpringApplication.java:315)
	at org.springframework.boot.SpringApplication.run(SpringApplication.java:1302)
	at org.springframework.boot.SpringApplication.run(SpringApplication.java:1291)
	at com.haishi.littleredbookauth.LittleRedBookAuthApplication.main(LittleRedBookAuthApplication.java:18)
Caused by: org.springframework.data.redis.connection.PoolException: Could not get a resource from the pool
	at org.springframework.data.redis.connection.lettuce.LettucePoolingConnectionProvider.getConnection(LettucePoolingConnectionProvider.java:105)
	at org.springframework.data.redis.connection.lettuce.LettuceConnectionFactory$ExceptionTranslatingConnectionProvider.getConnection(LettuceConnectionFactory.java:1531)
	... 20 common frames omitted
Caused by: io.lettuce.core.RedisConnectionException: Unable to connect to 150.158.27.196/<unresolved>:6379
	at io.lettuce.core.RedisConnectionException.create(RedisConnectionException.java:78)
	at io.lettuce.core.RedisConnectionException.create(RedisConnectionException.java:56)
	at io.lettuce.core.AbstractRedisClient.getConnection(AbstractRedisClient.java:350)
	at io.lettuce.core.RedisClient.connect(RedisClient.java:216)
	at org.springframework.data.redis.connection.lettuce.StandaloneConnectionProvider.lambda$getConnection$1(StandaloneConnectionProvider.java:111)
	at java.base/java.util.Optional.orElseGet(Optional.java:364)
	at org.springframework.data.redis.connection.lettuce.StandaloneConnectionProvider.getConnection(StandaloneConnectionProvider.java:111)
	at org.springframework.data.redis.connection.lettuce.LettucePoolingConnectionProvider.lambda$getConnection$0(LettucePoolingConnectionProvider.java:93)
	at io.lettuce.core.support.ConnectionPoolSupport$RedisPooledObjectFactory.create(ConnectionPoolSupport.java:211)
	at io.lettuce.core.support.ConnectionPoolSupport$RedisPooledObjectFactory.create(ConnectionPoolSupport.java:201)
	at org.apache.commons.pool2.BasePooledObjectFactory.makeObject(BasePooledObjectFactory.java:70)
	at org.apache.commons.pool2.impl.GenericObjectPool.create(GenericObjectPool.java:571)
	at org.apache.commons.pool2.impl.GenericObjectPool.borrowObject(GenericObjectPool.java:298)
	at org.apache.commons.pool2.impl.GenericObjectPool.borrowObject(GenericObjectPool.java:223)
	at io.lettuce.core.support.ConnectionPoolSupport$1.borrowObject(ConnectionPoolSupport.java:122)
	at io.lettuce.core.support.ConnectionPoolSupport$1.borrowObject(ConnectionPoolSupport.java:117)
	at org.springframework.data.redis.connection.lettuce.LettucePoolingConnectionProvider.getConnection(LettucePoolingConnectionProvider.java:99)
	... 21 common frames omitted
Caused by: java.nio.channels.ClosedChannelException: null
	at io.netty.channel.nio.AbstractNioChannel.doClose(AbstractNioChannel.java:502)
	at io.netty.channel.socket.nio.NioSocketChannel.doClose(NioSocketChannel.java:349)
	at io.netty.channel.AbstractChannel$AbstractUnsafe.doClose0(AbstractChannel.java:754)
	at io.netty.channel.AbstractChannel$AbstractUnsafe.close(AbstractChannel.java:731)
	at io.netty.channel.AbstractChannel$AbstractUnsafe.close(AbstractChannel.java:620)
	at io.netty.channel.DefaultChannelPipeline$HeadContext.close(DefaultChannelPipeline.java:1352)
	at io.netty.channel.AbstractChannelHandlerContext.invokeClose(AbstractChannelHandlerContext.java:749)
	at io.netty.channel.AbstractChannelHandlerContext.access$1200(AbstractChannelHandlerContext.java:61)
	at io.netty.channel.AbstractChannelHandlerContext$11.run(AbstractChannelHandlerContext.java:732)
	at io.netty.util.concurrent.AbstractEventExecutor.runTask(AbstractEventExecutor.java:174)
	at io.netty.util.concurrent.AbstractEventExecutor.safeExecute(AbstractEventExecutor.java:167)
	at io.netty.util.concurrent.SingleThreadEventExecutor.runAllTasks(SingleThreadEventExecutor.java:470)
	at io.netty.channel.nio.NioEventLoop.run(NioEventLoop.java:569)
	at io.netty.util.concurrent.SingleThreadEventExecutor$4.run(SingleThreadEventExecutor.java:997)
	at io.netty.util.internal.ThreadExecutorMap$2.run(ThreadExecutorMap.java:74)
	at io.netty.util.concurrent.FastThreadLocalRunnable.run(FastThreadLocalRunnable.java:30)
	at java.base/java.lang.Thread.run(Thread.java:842)
2024-10-08 22:18:11.308 [main] INFO  com.alibaba.nacos.client.config.impl.CacheData - nacos.cache.data.init.snapshot = true 
2024-10-08 22:18:11.309 [main] INFO  com.alibaba.nacos.client.config.impl.ClientWorker - [fixed-127.0.0.1_8848] [subscribe] LittleRedBook-auth-dev.yaml+DEFAULT_GROUP
2024-10-08 22:18:11.313 [main] INFO  com.alibaba.nacos.client.config.impl.CacheData - [fixed-127.0.0.1_8848] [add-listener] ok, tenant=, dataId=LittleRedBook-auth-dev.yaml, group=DEFAULT_GROUP, cnt=1
2024-10-08 22:18:11.313 [main] INFO  c.a.cloud.nacos.refresh.NacosContextRefresher - [Nacos Config] Listening config: dataId=LittleRedBook-auth-dev.yaml, group=DEFAULT_GROUP
2024-10-08 22:18:11.313 [main] INFO  com.alibaba.nacos.client.config.impl.ClientWorker - [fixed-127.0.0.1_8848] [subscribe] LittleRedBook-auth.yaml+DEFAULT_GROUP
2024-10-08 22:18:11.313 [main] INFO  com.alibaba.nacos.client.config.impl.CacheData - [fixed-127.0.0.1_8848] [add-listener] ok, tenant=, dataId=LittleRedBook-auth.yaml, group=DEFAULT_GROUP, cnt=1
2024-10-08 22:18:11.313 [main] INFO  c.a.cloud.nacos.refresh.NacosContextRefresher - [Nacos Config] Listening config: dataId=LittleRedBook-auth.yaml, group=DEFAULT_GROUP
2024-10-08 22:18:11.314 [main] INFO  com.alibaba.nacos.client.config.impl.ClientWorker - [fixed-127.0.0.1_8848] [subscribe] LittleRedBook-auth+DEFAULT_GROUP
2024-10-08 22:18:11.314 [main] INFO  com.alibaba.nacos.client.config.impl.CacheData - [fixed-127.0.0.1_8848] [add-listener] ok, tenant=, dataId=LittleRedBook-auth, group=DEFAULT_GROUP, cnt=1
2024-10-08 22:18:11.314 [main] INFO  c.a.cloud.nacos.refresh.NacosContextRefresher - [Nacos Config] Listening config: dataId=LittleRedBook-auth, group=DEFAULT_GROUP
2024-10-08 22:18:11.698 [http-nio-8080-exec-3] INFO  o.a.c.core.ContainerBase.[Tomcat].[localhost].[/] - Initializing Spring DispatcherServlet 'dispatcherServlet'
2024-10-08 22:18:11.699 [http-nio-8080-exec-3] INFO  org.springframework.web.servlet.DispatcherServlet - Initializing Servlet 'dispatcherServlet'
2024-10-08 22:18:11.699 [http-nio-8080-exec-3] INFO  org.springframework.web.servlet.DispatcherServlet - Completed initialization in 0 ms
2024-10-08 22:18:11.717 [http-nio-8080-exec-3] INFO  c.h.littleredbookauth.alarm.impl.MailAlarmHelper - ==> 【邮件告警】：系统出错啦，犬小哈这个月绩效没了，速度上线解决问题！
2024-10-08 22:18:34.474 [nacos-grpc-client-executor-127.0.0.1-26] INFO  com.alibaba.nacos.common.remote.client - [ea7daf4c-9772-48d8-b7c2-907270816885_config-0] Receive server push request, request = ConfigChangeNotifyRequest, requestId = 2
2024-10-08 22:18:34.474 [nacos-grpc-client-executor-127.0.0.1-26] INFO  com.alibaba.nacos.client.config.impl.ClientWorker - [ea7daf4c-9772-48d8-b7c2-907270816885_config-0] [server-push] config changed. dataId=LittleRedBook-auth-dev.yaml, group=DEFAULT_GROUP,tenant=null
2024-10-08 22:18:34.474 [nacos-grpc-client-executor-127.0.0.1-26] INFO  com.alibaba.nacos.common.remote.client - [ea7daf4c-9772-48d8-b7c2-907270816885_config-0] Ack server push request, request = ConfigChangeNotifyRequest, requestId = 2
2024-10-08 22:18:34.489 [com.alibaba.nacos.client.Worker] INFO  com.alibaba.nacos.client.config.impl.ClientWorker - [fixed-127.0.0.1_8848] [data-received] dataId=LittleRedBook-auth-dev.yaml, group=DEFAULT_GROUP, tenant=, md5=8cac20d23a5bb0a942d776f52d91021d, content=alarm:
    type: sms #警告类型, type=yaml
2024-10-08 22:18:34.491 [com.alibaba.nacos.client.Worker] INFO  com.alibaba.nacos.client.config.impl.CacheData - [fixed-127.0.0.1_8848] [notify-listener] time cost=1ms in ClientWorker, dataId=LittleRedBook-auth-dev.yaml, group=DEFAULT_GROUP, md5=8cac20d23a5bb0a942d776f52d91021d, listener=com.alibaba.cloud.nacos.refresh.NacosContextRefresher$1@adefbba 
2024-10-08 22:18:34.491 [nacos.client.cachedata.internal.notifier] INFO  com.alibaba.nacos.client.config.impl.CacheData - [fixed-127.0.0.1_8848] [notify-context] dataId=LittleRedBook-auth-dev.yaml, group=DEFAULT_GROUP, md5=8cac20d23a5bb0a942d776f52d91021d
2024-10-08 22:18:35.598 [nacos.client.cachedata.internal.notifier] INFO  org.springframework.cloud.commons.util.InetUtils - Cannot determine local hostname
2024-10-08 22:18:35.615 [nacos.client.cachedata.internal.notifier] WARN  com.alibaba.nacos.client.logging.NacosLogging - Load Logback Configuration of Nacos fail, message: Could not initialize Logback Nacos logging from classpath:nacos-logback.xml
2024-10-08 22:18:35.618 [nacos.client.cachedata.internal.notifier] WARN  com.alibaba.nacos.client.logging.NacosLogging - Load Logback Configuration of Nacos fail, message: Could not initialize Logback Nacos logging from classpath:nacos-logback.xml
2024-10-08 22:18:35.633 [nacos.client.cachedata.internal.notifier] WARN  com.alibaba.nacos.client.logging.NacosLogging - Load Logback Configuration of Nacos fail, message: Could not initialize Logback Nacos logging from classpath:nacos-logback.xml
2024-10-08 22:18:35.646 [nacos.client.cachedata.internal.notifier] WARN  c.a.cloud.nacos.client.NacosPropertySourceBuilder - Ignore the empty nacos configuration and get it based on dataId[LittleRedBook-auth.yaml] & group[DEFAULT_GROUP]
2024-10-08 22:18:35.651 [nacos.client.cachedata.internal.notifier] INFO  o.s.c.b.c.PropertySourceBootstrapConfiguration - Located property source: [BootstrapPropertySource {name='bootstrapProperties-LittleRedBook-auth-dev.yaml,DEFAULT_GROUP'}, BootstrapPropertySource {name='bootstrapProperties-LittleRedBook-auth.yaml,DEFAULT_GROUP'}, BootstrapPropertySource {name='bootstrapProperties-LittleRedBook-auth,DEFAULT_GROUP'}]
2024-10-08 22:18:35.653 [nacos.client.cachedata.internal.notifier] WARN  com.alibaba.nacos.client.logging.NacosLogging - Load Logback Configuration of Nacos fail, message: Could not initialize Logback Nacos logging from classpath:nacos-logback.xml
2024-10-08 22:18:35.653 [nacos.client.cachedata.internal.notifier] INFO  org.springframework.boot.SpringApplication - The following 1 profile is active: "dev"
2024-10-08 22:18:35.657 [nacos.client.cachedata.internal.notifier] INFO  org.springframework.boot.SpringApplication - Started application in 1.162 seconds (process running for 37.493)
2024-10-08 22:18:35.681 [nacos.client.cachedata.internal.notifier] INFO  com.alibaba.druid.pool.DruidDataSource - {dataSource-1} closing ...
2024-10-08 22:18:35.686 [nacos.client.cachedata.internal.notifier] INFO  com.alibaba.druid.pool.DruidDataSource - {dataSource-1} closed
2024-10-08 22:18:35.703 [nacos.client.cachedata.internal.notifier] INFO  o.s.cloud.endpoint.event.RefreshEventListener - Refresh keys changed: [alarm.type]
2024-10-08 22:18:35.703 [nacos.client.cachedata.internal.notifier] INFO  com.alibaba.nacos.client.config.impl.CacheData - [fixed-127.0.0.1_8848] [notify-ok] dataId=LittleRedBook-auth-dev.yaml, group=DEFAULT_GROUP, md5=8cac20d23a5bb0a942d776f52d91021d, listener=com.alibaba.cloud.nacos.refresh.NacosContextRefresher$1@adefbba ,cost=1212 millis.
2024-10-08 22:18:40.193 [http-nio-8080-exec-1] INFO  c.h.littleredbookauth.alarm.impl.SmsAlarmHelper - ==> 【短信告警】：系统出错啦，犬小哈这个月绩效没了，速度上线解决问题！
2024-10-08 22:25:55.558 [Thread-2] WARN  c.alibaba.nacos.common.http.HttpClientBeanHolder - [HttpClientBeanHolder] Start destroying common HttpClient
2024-10-08 22:25:55.558 [Thread-9] WARN  com.alibaba.nacos.common.notify.NotifyCenter - [NotifyCenter] Start destroying Publisher
2024-10-08 22:25:55.559 [Thread-9] WARN  com.alibaba.nacos.common.notify.NotifyCenter - [NotifyCenter] Destruction of the end
2024-10-08 22:25:55.559 [Thread-2] WARN  c.alibaba.nacos.common.http.HttpClientBeanHolder - [HttpClientBeanHolder] Destruction of the end
2024-10-08 22:25:55.698 [SpringApplicationShutdownHook] INFO  com.alibaba.druid.pool.DruidDataSource - {dataSource-1} closing ...
2024-10-08 22:26:01.777 [main] WARN  com.alibaba.nacos.client.logging.NacosLogging - Load Logback Configuration of Nacos fail, message: Could not initialize Logback Nacos logging from classpath:nacos-logback.xml
2024-10-08 22:26:01.816 [main] WARN  com.alibaba.nacos.client.logging.NacosLogging - Load Logback Configuration of Nacos fail, message: Could not initialize Logback Nacos logging from classpath:nacos-logback.xml
2024-10-08 22:26:01.949 [main] WARN  com.alibaba.nacos.client.logging.NacosLogging - Load Logback Configuration of Nacos fail, message: Could not initialize Logback Nacos logging from classpath:nacos-logback.xml
2024-10-08 22:26:01.950 [main] INFO  com.alibaba.nacos.client.utils.ParamUtil - [settings] [req-serv] nacos-server port:8848
2024-10-08 22:26:01.950 [main] INFO  com.alibaba.nacos.client.utils.ParamUtil - [settings] [http-client] connect timeout:1000
2024-10-08 22:26:01.951 [main] INFO  com.alibaba.nacos.client.utils.ParamUtil - PER_TASK_CONFIG_SIZE: 3000.0
2024-10-08 22:26:01.969 [main] INFO  c.a.n.p.auth.spi.client.ClientAuthPluginManager - [ClientAuthPluginManager] Load ClientAuthService com.alibaba.nacos.client.auth.impl.NacosClientAuthServiceImpl success.
2024-10-08 22:26:01.969 [main] INFO  c.a.n.p.auth.spi.client.ClientAuthPluginManager - [ClientAuthPluginManager] Load ClientAuthService com.alibaba.nacos.client.auth.ram.RamClientAuthServiceImpl success.
2024-10-08 22:26:01.971 [main] INFO  c.a.n.client.auth.ram.identify.CredentialWatcher - null No credential found
2024-10-08 22:26:03.165 [main] WARN  com.alibaba.nacos.client.logging.NacosLogging - Load Logback Configuration of Nacos fail, message: Could not initialize Logback Nacos logging from classpath:nacos-logback.xml
2024-10-08 22:26:03.175 [main] INFO  c.a.n.client.config.impl.LocalConfigInfoProcessor - LOCAL_SNAPSHOT_PATH:C:\Users\xzf\nacos\config
2024-10-08 22:26:03.177 [main] INFO  com.alibaba.nacos.common.remote.client - [RpcClientFactory] create a new rpc client of e65b2816-590d-4179-875b-56500a201d1c_config-0
2024-10-08 22:26:03.186 [main] INFO  com.alibaba.nacos.common.remote.client - [e65b2816-590d-4179-875b-56500a201d1c_config-0] Register server push request handler:com.alibaba.nacos.client.config.impl.ClientWorker$ConfigRpcTransportClient$$Lambda$589/0x000001c81138eda8
2024-10-08 22:26:03.186 [main] INFO  com.alibaba.nacos.common.remote.client - [e65b2816-590d-4179-875b-56500a201d1c_config-0] Register server push request handler:com.alibaba.nacos.client.config.impl.ClientWorker$ConfigRpcTransportClient$$Lambda$590/0x000001c81138f1c8
2024-10-08 22:26:03.186 [main] INFO  com.alibaba.nacos.common.remote.client - [e65b2816-590d-4179-875b-56500a201d1c_config-0] Registry connection listener to current client:com.alibaba.nacos.client.config.impl.ClientWorker$ConfigRpcTransportClient$1
2024-10-08 22:26:03.186 [main] INFO  com.alibaba.nacos.common.remote.client - [e65b2816-590d-4179-875b-56500a201d1c_config-0] RpcClient init, ServerListFactory = com.alibaba.nacos.client.config.impl.ClientWorker$ConfigRpcTransportClient$2
2024-10-08 22:26:03.191 [main] INFO  com.alibaba.nacos.common.remote.client - [e65b2816-590d-4179-875b-56500a201d1c_config-0] Try to connect to server on start up, server: {serverIp = '127.0.0.1', server main port = 8848}
2024-10-08 22:26:03.221 [main] INFO  c.a.nacos.common.remote.client.grpc.GrpcClient - grpc client connection server:127.0.0.1 ip,serverPort:9848,grpcTslConfig:{"sslProvider":"OPENSSL","enableTls":false,"mutualAuthEnable":false,"trustAll":false}
2024-10-08 22:26:03.729 [main] INFO  com.alibaba.nacos.common.remote.client - [e65b2816-590d-4179-875b-56500a201d1c_config-0] Success to connect to server [127.0.0.1:8848] on start up, connectionId = 1728397563573_127.0.0.1_62476
2024-10-08 22:26:03.729 [com.alibaba.nacos.client.remote.worker] INFO  com.alibaba.nacos.common.remote.client - [e65b2816-590d-4179-875b-56500a201d1c_config-0] Notify connected event to listeners.
2024-10-08 22:26:03.729 [com.alibaba.nacos.client.remote.worker] INFO  com.alibaba.nacos.client.config.impl.ClientWorker - [e65b2816-590d-4179-875b-56500a201d1c_config-0] Connected,notify listen context...
2024-10-08 22:26:03.729 [main] INFO  com.alibaba.nacos.common.remote.client - [e65b2816-590d-4179-875b-56500a201d1c_config-0] Register server push request handler:com.alibaba.nacos.common.remote.client.RpcClient$ConnectResetRequestHandler
2024-10-08 22:26:03.730 [main] INFO  com.alibaba.nacos.common.remote.client - [e65b2816-590d-4179-875b-56500a201d1c_config-0] Register server push request handler:com.alibaba.nacos.common.remote.client.RpcClient$$Lambda$610/0x000001c8114d6a28
2024-10-08 22:26:03.754 [main] INFO  com.alibaba.nacos.client.config.impl.Limiter - limitTime:5.0
2024-10-08 22:26:03.766 [main] INFO  com.alibaba.nacos.client.config.utils.JvmUtil - isMultiInstance:false
2024-10-08 22:26:03.776 [main] WARN  c.a.cloud.nacos.client.NacosPropertySourceBuilder - Ignore the empty nacos configuration and get it based on dataId[LittleRedBook-auth.yaml] & group[DEFAULT_GROUP]
2024-10-08 22:26:03.783 [main] INFO  o.s.c.b.c.PropertySourceBootstrapConfiguration - Located property source: [BootstrapPropertySource {name='bootstrapProperties-LittleRedBook-auth-dev.yaml,DEFAULT_GROUP'}, BootstrapPropertySource {name='bootstrapProperties-LittleRedBook-auth.yaml,DEFAULT_GROUP'}, BootstrapPropertySource {name='bootstrapProperties-LittleRedBook-auth,DEFAULT_GROUP'}]
2024-10-08 22:26:03.797 [main] WARN  com.alibaba.nacos.client.logging.NacosLogging - Load Logback Configuration of Nacos fail, message: Could not initialize Logback Nacos logging from classpath:nacos-logback.xml
2024-10-08 22:26:03.798 [main] INFO  c.h.littleredbookauth.LittleRedBookAuthApplication - The following 1 profile is active: "dev"
2024-10-08 22:26:04.246 [main] INFO  o.s.d.r.config.RepositoryConfigurationDelegate - Multiple Spring Data modules found, entering strict repository configuration mode
2024-10-08 22:26:04.248 [main] INFO  o.s.d.r.config.RepositoryConfigurationDelegate - Bootstrapping Spring Data Redis repositories in DEFAULT mode.
2024-10-08 22:26:04.264 [main] INFO  o.s.d.r.config.RepositoryConfigurationDelegate - Finished Spring Data repository scanning in 6 ms. Found 0 Redis repository interfaces.
2024-10-08 22:26:04.348 [main] INFO  o.springframework.cloud.context.scope.GenericScope - BeanFactory id=2c601d5e-dab6-31f8-86c0-e6380f4c2f80
2024-10-08 22:26:04.710 [main] INFO  o.s.boot.web.embedded.tomcat.TomcatWebServer - Tomcat initialized with port(s): 8080 (http)
2024-10-08 22:26:04.717 [main] INFO  org.apache.catalina.core.StandardService - Starting service [Tomcat]
2024-10-08 22:26:04.717 [main] INFO  org.apache.catalina.core.StandardEngine - Starting Servlet engine: [Apache Tomcat/10.1.5]
2024-10-08 22:26:04.772 [main] INFO  o.a.c.core.ContainerBase.[Tomcat].[localhost].[/] - Initializing Spring embedded WebApplicationContext
2024-10-08 22:26:04.772 [main] INFO  o.s.b.w.s.c.ServletWebServerApplicationContext - Root WebApplicationContext: initialization completed in 964 ms
2024-10-08 22:26:04.838 [main] INFO  c.a.d.s.b.a.DruidDataSourceAutoConfigure - Init DruidDataSource
2024-10-08 22:26:05.053 [main] INFO  com.alibaba.druid.pool.DruidDataSource - {dataSource-1} inited
2024-10-08 22:26:06.693 [main] INFO  org.springframework.cloud.commons.util.InetUtils - Cannot determine local hostname
2024-10-08 22:26:07.953 [main] INFO  org.springframework.cloud.commons.util.InetUtils - Cannot determine local hostname
2024-10-08 22:26:08.000 [main] INFO  o.s.boot.web.embedded.tomcat.TomcatWebServer - Tomcat started on port(s): 8080 (http) with context path ''
2024-10-08 22:26:08.003 [main] INFO  com.alibaba.nacos.client.naming - initializer namespace from ans.namespace attribute : null
2024-10-08 22:26:08.003 [main] INFO  com.alibaba.nacos.client.naming - initializer namespace from ALIBABA_ALIWARE_NAMESPACE attribute :null
2024-10-08 22:26:08.003 [main] INFO  com.alibaba.nacos.client.naming - initializer namespace from namespace attribute :null
2024-10-08 22:26:08.009 [main] INFO  c.a.n.p.auth.spi.client.ClientAuthPluginManager - [ClientAuthPluginManager] Load ClientAuthService com.alibaba.nacos.client.auth.impl.NacosClientAuthServiceImpl success.
2024-10-08 22:26:08.009 [main] INFO  c.a.n.p.auth.spi.client.ClientAuthPluginManager - [ClientAuthPluginManager] Load ClientAuthService com.alibaba.nacos.client.auth.ram.RamClientAuthServiceImpl success.
2024-10-08 22:26:08.012 [main] INFO  com.alibaba.nacos.common.remote.client - [RpcClientFactory] create a new rpc client of 6d694008-9959-451d-81ca-e8875a3c82f3
2024-10-08 22:26:08.013 [main] INFO  com.alibaba.nacos.common.remote.client - [6d694008-9959-451d-81ca-e8875a3c82f3] RpcClient init, ServerListFactory = com.alibaba.nacos.client.naming.core.ServerListManager
2024-10-08 22:26:08.013 [main] INFO  com.alibaba.nacos.common.remote.client - [6d694008-9959-451d-81ca-e8875a3c82f3] Registry connection listener to current client:com.alibaba.nacos.client.naming.remote.gprc.redo.NamingGrpcRedoService
2024-10-08 22:26:08.013 [main] INFO  com.alibaba.nacos.common.remote.client - [6d694008-9959-451d-81ca-e8875a3c82f3] Register server push request handler:com.alibaba.nacos.client.naming.remote.gprc.NamingPushRequestHandler
2024-10-08 22:26:08.014 [main] INFO  com.alibaba.nacos.common.remote.client - [6d694008-9959-451d-81ca-e8875a3c82f3] Try to connect to server on start up, server: {serverIp = '127.0.0.1', server main port = 8848}
2024-10-08 22:26:08.014 [main] INFO  c.a.nacos.common.remote.client.grpc.GrpcClient - grpc client connection server:127.0.0.1 ip,serverPort:9848,grpcTslConfig:{"sslProvider":"OPENSSL","enableTls":false,"mutualAuthEnable":false,"trustAll":false}
2024-10-08 22:26:08.126 [main] INFO  com.alibaba.nacos.common.remote.client - [6d694008-9959-451d-81ca-e8875a3c82f3] Success to connect to server [127.0.0.1:8848] on start up, connectionId = 1728397568018_127.0.0.1_62485
2024-10-08 22:26:08.126 [com.alibaba.nacos.client.remote.worker] INFO  com.alibaba.nacos.common.remote.client - [6d694008-9959-451d-81ca-e8875a3c82f3] Notify connected event to listeners.
2024-10-08 22:26:08.126 [com.alibaba.nacos.client.remote.worker] INFO  com.alibaba.nacos.client.naming - Grpc connection connect
2024-10-08 22:26:08.126 [main] INFO  com.alibaba.nacos.common.remote.client - [6d694008-9959-451d-81ca-e8875a3c82f3] Register server push request handler:com.alibaba.nacos.common.remote.client.RpcClient$ConnectResetRequestHandler
2024-10-08 22:26:08.127 [main] INFO  com.alibaba.nacos.common.remote.client - [6d694008-9959-451d-81ca-e8875a3c82f3] Register server push request handler:com.alibaba.nacos.common.remote.client.RpcClient$$Lambda$610/0x000001c8114d6a28
2024-10-08 22:26:08.128 [main] INFO  com.alibaba.nacos.client.naming - [REGISTER-SERVICE] Little-Red-Book registering service LittleRedBook-auth with instance Instance{instanceId='null', ip='192.168.94.1', port=8080, weight=1.0, healthy=true, enabled=true, ephemeral=true, clusterName='DEFAULT', serviceName='null', metadata={IPv6=null, preserved.register.source=SPRING_CLOUD}}
2024-10-08 22:26:08.150 [main] INFO  c.a.cloud.nacos.registry.NacosServiceRegistry - nacos registry, DEFAULT_GROUP LittleRedBook-auth 192.168.94.1:8080 register finished
2024-10-08 22:26:09.232 [main] INFO  org.springframework.cloud.commons.util.InetUtils - Cannot determine local hostname
2024-10-08 22:26:09.243 [main] INFO  c.h.littleredbookauth.LittleRedBookAuthApplication - Started LittleRedBookAuthApplication in 8.863 seconds (process running for 9.255)
2024-10-08 22:26:09.244 [main] INFO  c.h.l.runner.PushRolePermissions2RedisRunner - ==> 服务启动，开始同步角色权限数据到 Redis 中...
2024-10-08 22:26:09.258 [main] DEBUG c.h.l.domain.mapper.RoleDOMapper.selectEnabledList - ==>  Preparing: select id, role_key, role_name from t_role where status = 0 and is_deleted = 0
2024-10-08 22:26:09.353 [main] DEBUG c.h.l.domain.mapper.RoleDOMapper.selectEnabledList - ==> Parameters: 
2024-10-08 22:26:09.365 [main] DEBUG c.h.l.domain.mapper.RoleDOMapper.selectEnabledList - <==      Total: 1
2024-10-08 22:26:09.377 [main] DEBUG c.h.l.d.m.RolePermissionDOMapper.selectByRoleIds - ==>  Preparing: select role_id, permission_id from t_role_permission_rel where role_id in ( ? )
2024-10-08 22:26:09.378 [main] DEBUG c.h.l.d.m.RolePermissionDOMapper.selectByRoleIds - ==> Parameters: 1(Long)
2024-10-08 22:26:09.380 [main] DEBUG c.h.l.d.m.RolePermissionDOMapper.selectByRoleIds - <==      Total: 2
2024-10-08 22:26:09.380 [main] DEBUG c.h.l.d.m.PermissionDOMapper.selectAppEnabledList - ==>  Preparing: select id, name, permission_key from t_permission where status = 0 and type = 3 and is_deleted = 0
2024-10-08 22:26:09.381 [main] DEBUG c.h.l.d.m.PermissionDOMapper.selectAppEnabledList - ==> Parameters: 
2024-10-08 22:26:09.383 [main] DEBUG c.h.l.d.m.PermissionDOMapper.selectAppEnabledList - <==      Total: 2
2024-10-08 22:26:09.632 [main] INFO  c.h.l.runner.PushRolePermissions2RedisRunner - ==> 服务启动，成功同步角色权限数据到 Redis 中...
2024-10-08 22:26:09.634 [main] INFO  com.alibaba.nacos.client.config.impl.CacheData - nacos.cache.data.init.snapshot = true 
2024-10-08 22:26:09.635 [main] INFO  com.alibaba.nacos.client.config.impl.ClientWorker - [fixed-Little-Red-Book-127.0.0.1_8848] [subscribe] LittleRedBook-auth-dev.yaml+DEFAULT_GROUP+Little-Red-Book
2024-10-08 22:26:09.640 [main] INFO  com.alibaba.nacos.client.config.impl.CacheData - [fixed-Little-Red-Book-127.0.0.1_8848] [add-listener] ok, tenant=Little-Red-Book, dataId=LittleRedBook-auth-dev.yaml, group=DEFAULT_GROUP, cnt=1
2024-10-08 22:26:09.640 [main] INFO  c.a.cloud.nacos.refresh.NacosContextRefresher - [Nacos Config] Listening config: dataId=LittleRedBook-auth-dev.yaml, group=DEFAULT_GROUP
2024-10-08 22:26:09.640 [main] INFO  com.alibaba.nacos.client.config.impl.ClientWorker - [fixed-Little-Red-Book-127.0.0.1_8848] [subscribe] LittleRedBook-auth.yaml+DEFAULT_GROUP+Little-Red-Book
2024-10-08 22:26:09.640 [main] INFO  com.alibaba.nacos.client.config.impl.CacheData - [fixed-Little-Red-Book-127.0.0.1_8848] [add-listener] ok, tenant=Little-Red-Book, dataId=LittleRedBook-auth.yaml, group=DEFAULT_GROUP, cnt=1
2024-10-08 22:26:09.640 [main] INFO  c.a.cloud.nacos.refresh.NacosContextRefresher - [Nacos Config] Listening config: dataId=LittleRedBook-auth.yaml, group=DEFAULT_GROUP
2024-10-08 22:26:09.641 [main] INFO  com.alibaba.nacos.client.config.impl.ClientWorker - [fixed-Little-Red-Book-127.0.0.1_8848] [subscribe] LittleRedBook-auth+DEFAULT_GROUP+Little-Red-Book
2024-10-08 22:26:09.641 [main] INFO  com.alibaba.nacos.client.config.impl.CacheData - [fixed-Little-Red-Book-127.0.0.1_8848] [add-listener] ok, tenant=Little-Red-Book, dataId=LittleRedBook-auth, group=DEFAULT_GROUP, cnt=1
2024-10-08 22:26:09.641 [main] INFO  c.a.cloud.nacos.refresh.NacosContextRefresher - [Nacos Config] Listening config: dataId=LittleRedBook-auth, group=DEFAULT_GROUP
2024-10-08 22:28:30.418 [Thread-2] WARN  c.alibaba.nacos.common.http.HttpClientBeanHolder - [HttpClientBeanHolder] Start destroying common HttpClient
2024-10-08 22:28:30.418 [Thread-9] WARN  com.alibaba.nacos.common.notify.NotifyCenter - [NotifyCenter] Start destroying Publisher
2024-10-08 22:28:30.418 [Thread-9] WARN  com.alibaba.nacos.common.notify.NotifyCenter - [NotifyCenter] Destruction of the end
2024-10-08 22:28:30.418 [Thread-2] WARN  c.alibaba.nacos.common.http.HttpClientBeanHolder - [HttpClientBeanHolder] Destruction of the end
2024-10-08 22:28:30.433 [SpringApplicationShutdownHook] INFO  c.a.cloud.nacos.registry.NacosServiceRegistry - De-registering from Nacos Server now...
2024-10-08 22:28:30.433 [SpringApplicationShutdownHook] INFO  com.alibaba.nacos.client.naming - [DEREGISTER-SERVICE] Little-Red-Book deregistering service LittleRedBook-auth with instance: Instance{instanceId='null', ip='192.168.94.1', port=8080, weight=1.0, healthy=true, enabled=true, ephemeral=true, clusterName='DEFAULT', serviceName='null', metadata={}}
2024-10-08 22:28:30.436 [SpringApplicationShutdownHook] INFO  c.a.cloud.nacos.registry.NacosServiceRegistry - De-registration finished.
2024-10-08 22:28:30.437 [SpringApplicationShutdownHook] INFO  com.alibaba.nacos.client.naming - com.alibaba.nacos.client.naming.cache.ServiceInfoHolder do shutdown begin
2024-10-08 22:28:30.437 [SpringApplicationShutdownHook] INFO  com.alibaba.nacos.client.naming - com.alibaba.nacos.client.naming.backups.FailoverReactor do shutdown begin
2024-10-08 22:28:30.437 [SpringApplicationShutdownHook] INFO  com.alibaba.nacos.client.naming - com.alibaba.nacos.client.naming.backups.FailoverReactor do shutdown stop
2024-10-08 22:28:30.437 [SpringApplicationShutdownHook] INFO  com.alibaba.nacos.client.naming - com.alibaba.nacos.client.naming.cache.ServiceInfoHolder do shutdown stop
2024-10-08 22:28:30.437 [SpringApplicationShutdownHook] INFO  com.alibaba.nacos.client.naming - com.alibaba.nacos.client.naming.remote.NamingClientProxyDelegate do shutdown begin
2024-10-08 22:28:30.437 [SpringApplicationShutdownHook] INFO  com.alibaba.nacos.client.naming - com.alibaba.nacos.client.naming.core.ServiceInfoUpdateService do shutdown begin
2024-10-08 22:28:30.437 [SpringApplicationShutdownHook] INFO  com.alibaba.nacos.client.naming - com.alibaba.nacos.client.naming.core.ServiceInfoUpdateService do shutdown stop
2024-10-08 22:28:30.437 [SpringApplicationShutdownHook] INFO  com.alibaba.nacos.client.naming - com.alibaba.nacos.client.naming.core.ServerListManager do shutdown begin
2024-10-08 22:28:30.437 [SpringApplicationShutdownHook] WARN  com.alibaba.nacos.client.naming - [NamingHttpClientManager] Start destroying NacosRestTemplate
2024-10-08 22:28:30.437 [SpringApplicationShutdownHook] WARN  com.alibaba.nacos.client.naming - [NamingHttpClientManager] Destruction of the end
2024-10-08 22:28:30.437 [SpringApplicationShutdownHook] INFO  com.alibaba.nacos.client.naming - com.alibaba.nacos.client.naming.core.ServerListManager do shutdown stop
2024-10-08 22:28:30.437 [SpringApplicationShutdownHook] INFO  com.alibaba.nacos.client.naming - com.alibaba.nacos.client.naming.remote.http.NamingHttpClientProxy do shutdown begin
2024-10-08 22:28:30.437 [SpringApplicationShutdownHook] WARN  com.alibaba.nacos.client.naming - [NamingHttpClientManager] Start destroying NacosRestTemplate
2024-10-08 22:28:30.437 [SpringApplicationShutdownHook] WARN  com.alibaba.nacos.client.naming - [NamingHttpClientManager] Destruction of the end
2024-10-08 22:28:30.437 [SpringApplicationShutdownHook] INFO  com.alibaba.nacos.client.naming - com.alibaba.nacos.client.naming.remote.http.NamingHttpClientProxy do shutdown stop
2024-10-08 22:28:30.437 [SpringApplicationShutdownHook] INFO  com.alibaba.nacos.common.remote.client - Shutdown rpc client, set status to shutdown
2024-10-08 22:28:30.437 [SpringApplicationShutdownHook] INFO  com.alibaba.nacos.common.remote.client - Shutdown client event executor java.util.concurrent.ScheduledThreadPoolExecutor@504f8b9f[Running, pool size = 2, active threads = 2, queued tasks = 0, completed tasks = 0]
2024-10-08 22:28:30.437 [SpringApplicationShutdownHook] INFO  com.alibaba.nacos.common.remote.client - Close current connection 1728397568018_127.0.0.1_62485
2024-10-08 22:28:30.438 [nacos-grpc-client-executor-127.0.0.1-50] INFO  c.a.nacos.common.remote.client.grpc.GrpcClient - [1728397568018_127.0.0.1_62485]Ignore complete event,isRunning:false,isAbandon=false
2024-10-08 22:28:30.439 [SpringApplicationShutdownHook] INFO  c.a.nacos.common.remote.client.grpc.GrpcClient - Shutdown grpc executor java.util.concurrent.ThreadPoolExecutor@5b9c87ee[Running, pool size = 6, active threads = 0, queued tasks = 0, completed tasks = 51]
2024-10-08 22:28:30.439 [SpringApplicationShutdownHook] INFO  com.alibaba.nacos.client.naming - Shutdown grpc redo service executor java.util.concurrent.ScheduledThreadPoolExecutor@163677b7[Running, pool size = 1, active threads = 0, queued tasks = 1, completed tasks = 47]
2024-10-08 22:28:30.440 [SpringApplicationShutdownHook] INFO  c.a.n.client.auth.ram.identify.CredentialWatcher - [null] CredentialWatcher is stopped
2024-10-08 22:28:30.440 [SpringApplicationShutdownHook] INFO  c.a.n.client.auth.ram.identify.CredentialService - [null] CredentialService is freed
2024-10-08 22:28:30.440 [SpringApplicationShutdownHook] INFO  com.alibaba.nacos.client.naming - com.alibaba.nacos.client.naming.remote.NamingClientProxyDelegate do shutdown stop
2024-10-08 22:28:30.550 [SpringApplicationShutdownHook] INFO  com.alibaba.druid.pool.DruidDataSource - {dataSource-1} closing ...
2024-10-08 22:28:30.554 [SpringApplicationShutdownHook] INFO  com.alibaba.druid.pool.DruidDataSource - {dataSource-1} closed
