2025-01-03 00:25:48.962 [main] WARN  com.alibaba.nacos.client.logging.NacosLogging - Load Logback Configuration of Nacos fail, message: Could not initialize Logback Nacos logging from classpath:nacos-logback.xml
2025-01-03 00:25:49.015 [main] WARN  com.alibaba.nacos.client.logging.NacosLogging - Load Logback Configuration of Nacos fail, message: Could not initialize Logback Nacos logging from classpath:nacos-logback.xml
2025-01-03 00:25:49.150 [main] WARN  com.alibaba.nacos.client.logging.NacosLogging - Load Logback Configuration of Nacos fail, message: Could not initialize Logback Nacos logging from classpath:nacos-logback.xml
2025-01-03 00:25:49.151 [main] INFO  com.alibaba.nacos.client.utils.ParamUtil - [settings] [req-serv] nacos-server port:8848
2025-01-03 00:25:49.151 [main] INFO  com.alibaba.nacos.client.utils.ParamUtil - [settings] [http-client] connect timeout:1000
2025-01-03 00:25:49.151 [main] INFO  com.alibaba.nacos.client.utils.ParamUtil - PER_TASK_CONFIG_SIZE: 3000.0
2025-01-03 00:25:49.177 [main] INFO  c.a.n.p.auth.spi.client.ClientAuthPluginManager - [ClientAuthPluginManager] Load ClientAuthService com.alibaba.nacos.client.auth.impl.NacosClientAuthServiceImpl success.
2025-01-03 00:25:49.177 [main] INFO  c.a.n.p.auth.spi.client.ClientAuthPluginManager - [ClientAuthPluginManager] Load ClientAuthService com.alibaba.nacos.client.auth.ram.RamClientAuthServiceImpl success.
2025-01-03 00:25:49.179 [main] INFO  c.a.n.client.auth.ram.identify.CredentialWatcher - null No credential found
2025-01-03 00:25:50.361 [main] WARN  com.alibaba.nacos.client.logging.NacosLogging - Load Logback Configuration of Nacos fail, message: Could not initialize Logback Nacos logging from classpath:nacos-logback.xml
2025-01-03 00:25:50.372 [main] INFO  c.a.n.client.config.impl.LocalConfigInfoProcessor - LOCAL_SNAPSHOT_PATH:C:\Users\xzf\nacos\config
2025-01-03 00:25:50.377 [main] INFO  com.alibaba.nacos.common.remote.client - [RpcClientFactory] create a new rpc client of dde29cab-00a3-4854-bc08-5588cf0f2269_config-0
2025-01-03 00:25:50.390 [main] INFO  com.alibaba.nacos.common.remote.client - [dde29cab-00a3-4854-bc08-5588cf0f2269_config-0] Register server push request handler:com.alibaba.nacos.client.config.impl.ClientWorker$ConfigRpcTransportClient$$Lambda$588/0x00000189b238fc18
2025-01-03 00:25:50.390 [main] INFO  com.alibaba.nacos.common.remote.client - [dde29cab-00a3-4854-bc08-5588cf0f2269_config-0] Register server push request handler:com.alibaba.nacos.client.config.impl.ClientWorker$ConfigRpcTransportClient$$Lambda$589/0x00000189b2390200
2025-01-03 00:25:50.390 [main] INFO  com.alibaba.nacos.common.remote.client - [dde29cab-00a3-4854-bc08-5588cf0f2269_config-0] Registry connection listener to current client:com.alibaba.nacos.client.config.impl.ClientWorker$ConfigRpcTransportClient$1
2025-01-03 00:25:50.391 [main] INFO  com.alibaba.nacos.common.remote.client - [dde29cab-00a3-4854-bc08-5588cf0f2269_config-0] RpcClient init, ServerListFactory = com.alibaba.nacos.client.config.impl.ClientWorker$ConfigRpcTransportClient$2
2025-01-03 00:25:50.398 [main] INFO  com.alibaba.nacos.common.remote.client - [dde29cab-00a3-4854-bc08-5588cf0f2269_config-0] Try to connect to server on start up, server: {serverIp = '127.0.0.1', server main port = 8848}
2025-01-03 00:25:50.439 [main] INFO  c.a.nacos.common.remote.client.grpc.GrpcClient - grpc client connection server:127.0.0.1 ip,serverPort:9848,grpcTslConfig:{"sslProvider":"OPENSSL","enableTls":false,"mutualAuthEnable":false,"trustAll":false}
2025-01-03 00:25:51.035 [main] INFO  com.alibaba.nacos.common.remote.client - [dde29cab-00a3-4854-bc08-5588cf0f2269_config-0] Success to connect to server [127.0.0.1:8848] on start up, connectionId = 1735835150874_127.0.0.1_64891
2025-01-03 00:25:51.035 [com.alibaba.nacos.client.remote.worker] INFO  com.alibaba.nacos.common.remote.client - [dde29cab-00a3-4854-bc08-5588cf0f2269_config-0] Notify connected event to listeners.
2025-01-03 00:25:51.035 [com.alibaba.nacos.client.remote.worker] INFO  com.alibaba.nacos.client.config.impl.ClientWorker - [dde29cab-00a3-4854-bc08-5588cf0f2269_config-0] Connected,notify listen context...
2025-01-03 00:25:51.035 [main] INFO  com.alibaba.nacos.common.remote.client - [dde29cab-00a3-4854-bc08-5588cf0f2269_config-0] Register server push request handler:com.alibaba.nacos.common.remote.client.RpcClient$ConnectResetRequestHandler
2025-01-03 00:25:51.036 [main] INFO  com.alibaba.nacos.common.remote.client - [dde29cab-00a3-4854-bc08-5588cf0f2269_config-0] Register server push request handler:com.alibaba.nacos.common.remote.client.RpcClient$$Lambda$609/0x00000189b24d76d0
2025-01-03 00:25:51.065 [main] INFO  com.alibaba.nacos.client.config.impl.Limiter - limitTime:5.0
2025-01-03 00:25:51.142 [main] INFO  com.alibaba.nacos.client.config.utils.JvmUtil - isMultiInstance:false
2025-01-03 00:25:51.151 [main] WARN  c.a.cloud.nacos.client.NacosPropertySourceBuilder - Ignore the empty nacos configuration and get it based on dataId[LittleRedBook-auth.yaml] & group[DEFAULT_GROUP]
2025-01-03 00:25:51.158 [main] INFO  o.s.c.b.c.PropertySourceBootstrapConfiguration - Located property source: [BootstrapPropertySource {name='bootstrapProperties-LittleRedBook-auth-dev.yaml,DEFAULT_GROUP'}, BootstrapPropertySource {name='bootstrapProperties-LittleRedBook-auth.yaml,DEFAULT_GROUP'}, BootstrapPropertySource {name='bootstrapProperties-LittleRedBook-auth,DEFAULT_GROUP'}]
2025-01-03 00:25:51.173 [main] WARN  com.alibaba.nacos.client.logging.NacosLogging - Load Logback Configuration of Nacos fail, message: Could not initialize Logback Nacos logging from classpath:nacos-logback.xml
2025-01-03 00:25:51.174 [main] INFO  c.h.littleredbookauth.LittleRedBookAuthApplication - The following 1 profile is active: "dev"
2025-01-03 00:25:51.843 [main] INFO  o.s.d.r.config.RepositoryConfigurationDelegate - Multiple Spring Data modules found, entering strict repository configuration mode
2025-01-03 00:25:51.845 [main] INFO  o.s.d.r.config.RepositoryConfigurationDelegate - Bootstrapping Spring Data Redis repositories in DEFAULT mode.
2025-01-03 00:25:51.868 [main] INFO  o.s.d.r.config.RepositoryConfigurationDelegate - Finished Spring Data repository scanning in 8 ms. Found 0 Redis repository interfaces.
2025-01-03 00:25:51.996 [main] INFO  o.springframework.cloud.context.scope.GenericScope - BeanFactory id=70826c72-053b-3f5a-9b44-b80b51360994
2025-01-03 00:25:52.477 [main] INFO  o.s.boot.web.embedded.tomcat.TomcatWebServer - Tomcat initialized with port(s): 8080 (http)
2025-01-03 00:25:52.483 [main] INFO  org.apache.catalina.core.StandardService - Starting service [Tomcat]
2025-01-03 00:25:52.483 [main] INFO  org.apache.catalina.core.StandardEngine - Starting Servlet engine: [Apache Tomcat/10.1.5]
2025-01-03 00:25:52.533 [main] INFO  o.a.c.core.ContainerBase.[Tomcat].[localhost].[/] - Initializing Spring embedded WebApplicationContext
2025-01-03 00:25:52.533 [main] INFO  o.s.b.w.s.c.ServletWebServerApplicationContext - Root WebApplicationContext: initialization completed in 1350 ms
2025-01-03 00:25:52.661 [main] INFO  c.a.d.s.b.a.DruidDataSourceAutoConfigure - Init DruidDataSource
2025-01-03 00:25:52.857 [main] INFO  com.alibaba.druid.pool.DruidDataSource - {dataSource-1} inited
2025-01-03 00:25:53.139 [main] INFO  org.redisson.Version - Redisson 3.18.1
2025-01-03 00:25:53.329 [redisson-netty-2-9] INFO  o.r.connection.pool.MasterPubSubConnectionPool - 1 connections initialized for 49.234.8.125/49.234.8.125:6379
2025-01-03 00:25:53.724 [redisson-netty-2-19] INFO  org.redisson.connection.pool.MasterConnectionPool - 24 connections initialized for 49.234.8.125/49.234.8.125:6379
2025-01-03 00:25:55.099 [main] INFO  org.springframework.cloud.commons.util.InetUtils - Cannot determine local hostname
2025-01-03 00:25:56.449 [main] INFO  org.springframework.cloud.commons.util.InetUtils - Cannot determine local hostname
2025-01-03 00:25:56.457 [main] INFO  o.s.b.actuate.endpoint.web.EndpointLinksResolver - Exposing 1 endpoint(s) beneath base path '/actuator'
2025-01-03 00:25:56.511 [main] INFO  o.s.boot.web.embedded.tomcat.TomcatWebServer - Tomcat started on port(s): 8080 (http) with context path ''
2025-01-03 00:25:56.514 [main] INFO  com.alibaba.nacos.client.naming - initializer namespace from ans.namespace attribute : null
2025-01-03 00:25:56.515 [main] INFO  com.alibaba.nacos.client.naming - initializer namespace from ALIBABA_ALIWARE_NAMESPACE attribute :null
2025-01-03 00:25:56.515 [main] INFO  com.alibaba.nacos.client.naming - initializer namespace from namespace attribute :null
2025-01-03 00:25:56.520 [main] INFO  c.a.n.p.auth.spi.client.ClientAuthPluginManager - [ClientAuthPluginManager] Load ClientAuthService com.alibaba.nacos.client.auth.impl.NacosClientAuthServiceImpl success.
2025-01-03 00:25:56.520 [main] INFO  c.a.n.p.auth.spi.client.ClientAuthPluginManager - [ClientAuthPluginManager] Load ClientAuthService com.alibaba.nacos.client.auth.ram.RamClientAuthServiceImpl success.
2025-01-03 00:25:56.523 [main] INFO  com.alibaba.nacos.common.remote.client - [RpcClientFactory] create a new rpc client of b8c4d939-8de2-49a6-bef3-85e2873da969
2025-01-03 00:25:56.524 [main] INFO  com.alibaba.nacos.common.remote.client - [b8c4d939-8de2-49a6-bef3-85e2873da969] RpcClient init, ServerListFactory = com.alibaba.nacos.client.naming.core.ServerListManager
2025-01-03 00:25:56.524 [main] INFO  com.alibaba.nacos.common.remote.client - [b8c4d939-8de2-49a6-bef3-85e2873da969] Registry connection listener to current client:com.alibaba.nacos.client.naming.remote.gprc.redo.NamingGrpcRedoService
2025-01-03 00:25:56.524 [main] INFO  com.alibaba.nacos.common.remote.client - [b8c4d939-8de2-49a6-bef3-85e2873da969] Register server push request handler:com.alibaba.nacos.client.naming.remote.gprc.NamingPushRequestHandler
2025-01-03 00:25:56.525 [main] INFO  com.alibaba.nacos.common.remote.client - [b8c4d939-8de2-49a6-bef3-85e2873da969] Try to connect to server on start up, server: {serverIp = '127.0.0.1', server main port = 8848}
2025-01-03 00:25:56.525 [main] INFO  c.a.nacos.common.remote.client.grpc.GrpcClient - grpc client connection server:127.0.0.1 ip,serverPort:9848,grpcTslConfig:{"sslProvider":"OPENSSL","enableTls":false,"mutualAuthEnable":false,"trustAll":false}
2025-01-03 00:25:56.636 [main] INFO  com.alibaba.nacos.common.remote.client - [b8c4d939-8de2-49a6-bef3-85e2873da969] Success to connect to server [127.0.0.1:8848] on start up, connectionId = 1735835156528_127.0.0.1_64928
2025-01-03 00:25:56.636 [com.alibaba.nacos.client.remote.worker] INFO  com.alibaba.nacos.common.remote.client - [b8c4d939-8de2-49a6-bef3-85e2873da969] Notify connected event to listeners.
2025-01-03 00:25:56.636 [com.alibaba.nacos.client.remote.worker] INFO  com.alibaba.nacos.client.naming - Grpc connection connect
2025-01-03 00:25:56.636 [main] INFO  com.alibaba.nacos.common.remote.client - [b8c4d939-8de2-49a6-bef3-85e2873da969] Register server push request handler:com.alibaba.nacos.common.remote.client.RpcClient$ConnectResetRequestHandler
2025-01-03 00:25:56.636 [main] INFO  com.alibaba.nacos.common.remote.client - [b8c4d939-8de2-49a6-bef3-85e2873da969] Register server push request handler:com.alibaba.nacos.common.remote.client.RpcClient$$Lambda$609/0x00000189b24d76d0
2025-01-03 00:25:56.637 [main] INFO  com.alibaba.nacos.client.naming - [REGISTER-SERVICE] Little-Red-Book registering service LittleRedBook-auth with instance Instance{instanceId='null', ip='192.168.94.1', port=8080, weight=1.0, healthy=true, enabled=true, ephemeral=true, clusterName='DEFAULT', serviceName='null', metadata={IPv6=[2409:8a28:ed3:fb64:0:0:0:1000], preserved.register.source=SPRING_CLOUD}}
2025-01-03 00:25:56.646 [main] INFO  c.a.cloud.nacos.registry.NacosServiceRegistry - nacos registry, DEFAULT_GROUP LittleRedBook-auth 192.168.94.1:8080 register finished
2025-01-03 00:25:57.737 [main] INFO  org.springframework.cloud.commons.util.InetUtils - Cannot determine local hostname
2025-01-03 00:25:57.751 [main] INFO  c.h.littleredbookauth.LittleRedBookAuthApplication - Started LittleRedBookAuthApplication in 10.19 seconds (process running for 10.561)
2025-01-03 00:25:57.756 [main] INFO  c.h.l.runner.PushRolePermissions2RedisRunner - ==> 服务启动，开始同步角色权限数据到 Redis 中...
2025-01-03 00:25:57.803 [main] DEBUG c.h.l.domain.mapper.RoleDOMapper.selectEnabledList - ==>  Preparing: select id, role_key, role_name from t_role where status = 0 and is_deleted = 0
2025-01-03 00:25:57.916 [main] DEBUG c.h.l.domain.mapper.RoleDOMapper.selectEnabledList - ==> Parameters: 
2025-01-03 00:25:57.940 [main] DEBUG c.h.l.domain.mapper.RoleDOMapper.selectEnabledList - <==      Total: 1
2025-01-03 00:25:57.954 [main] DEBUG c.h.l.d.m.RolePermissionDOMapper.selectByRoleIds - ==>  Preparing: select role_id, permission_id from t_role_permission_rel where role_id in ( ? )
2025-01-03 00:25:57.955 [main] DEBUG c.h.l.d.m.RolePermissionDOMapper.selectByRoleIds - ==> Parameters: 1(Long)
2025-01-03 00:25:57.964 [main] DEBUG c.h.l.d.m.RolePermissionDOMapper.selectByRoleIds - <==      Total: 2
2025-01-03 00:25:57.965 [main] DEBUG c.h.l.d.m.PermissionDOMapper.selectAppEnabledList - ==>  Preparing: select id, name, permission_key from t_permission where status = 0 and type = 3 and is_deleted = 0
2025-01-03 00:25:57.966 [main] DEBUG c.h.l.d.m.PermissionDOMapper.selectAppEnabledList - ==> Parameters: 
2025-01-03 00:25:57.974 [main] DEBUG c.h.l.d.m.PermissionDOMapper.selectAppEnabledList - <==      Total: 2
2025-01-03 00:25:58.000 [main] INFO  c.h.l.runner.PushRolePermissions2RedisRunner - ==> 服务启动，成功同步角色权限数据到 Redis 中...
2025-01-03 00:25:58.002 [main] INFO  com.alibaba.nacos.client.config.impl.CacheData - nacos.cache.data.init.snapshot = true 
2025-01-03 00:25:58.003 [main] INFO  com.alibaba.nacos.client.config.impl.ClientWorker - [fixed-Little-Red-Book-127.0.0.1_8848] [subscribe] LittleRedBook-auth-dev.yaml+DEFAULT_GROUP+Little-Red-Book
2025-01-03 00:25:58.007 [main] INFO  com.alibaba.nacos.client.config.impl.CacheData - [fixed-Little-Red-Book-127.0.0.1_8848] [add-listener] ok, tenant=Little-Red-Book, dataId=LittleRedBook-auth-dev.yaml, group=DEFAULT_GROUP, cnt=1
2025-01-03 00:25:58.007 [main] INFO  c.a.cloud.nacos.refresh.NacosContextRefresher - [Nacos Config] Listening config: dataId=LittleRedBook-auth-dev.yaml, group=DEFAULT_GROUP
2025-01-03 00:25:58.008 [main] INFO  com.alibaba.nacos.client.config.impl.ClientWorker - [fixed-Little-Red-Book-127.0.0.1_8848] [subscribe] LittleRedBook-auth.yaml+DEFAULT_GROUP+Little-Red-Book
2025-01-03 00:25:58.008 [main] INFO  com.alibaba.nacos.client.config.impl.CacheData - [fixed-Little-Red-Book-127.0.0.1_8848] [add-listener] ok, tenant=Little-Red-Book, dataId=LittleRedBook-auth.yaml, group=DEFAULT_GROUP, cnt=1
2025-01-03 00:25:58.008 [main] INFO  c.a.cloud.nacos.refresh.NacosContextRefresher - [Nacos Config] Listening config: dataId=LittleRedBook-auth.yaml, group=DEFAULT_GROUP
2025-01-03 00:25:58.008 [main] INFO  com.alibaba.nacos.client.config.impl.ClientWorker - [fixed-Little-Red-Book-127.0.0.1_8848] [subscribe] LittleRedBook-auth+DEFAULT_GROUP+Little-Red-Book
2025-01-03 00:25:58.008 [main] INFO  com.alibaba.nacos.client.config.impl.CacheData - [fixed-Little-Red-Book-127.0.0.1_8848] [add-listener] ok, tenant=Little-Red-Book, dataId=LittleRedBook-auth, group=DEFAULT_GROUP, cnt=1
2025-01-03 00:25:58.008 [main] INFO  c.a.cloud.nacos.refresh.NacosContextRefresher - [Nacos Config] Listening config: dataId=LittleRedBook-auth, group=DEFAULT_GROUP
2025-01-03 00:25:58.404 [RMI TCP Connection(2)-192.168.10.101] INFO  o.a.c.core.ContainerBase.[Tomcat].[localhost].[/] - Initializing Spring DispatcherServlet 'dispatcherServlet'
2025-01-03 00:25:58.404 [RMI TCP Connection(2)-192.168.10.101] INFO  org.springframework.web.servlet.DispatcherServlet - Initializing Servlet 'dispatcherServlet'
2025-01-03 00:25:58.405 [RMI TCP Connection(2)-192.168.10.101] INFO  org.springframework.web.servlet.DispatcherServlet - Completed initialization in 1 ms
2025-01-03 00:28:44.127 [http-nio-8080-exec-1] INFO  c.h.f.b.operationlog.aspect.ApiOperationLogAspect - ====== 请求开始: [用户登录/注册], 入参: {"phone":"17891997260","code":"701876","password":"","type":1}, 请求类: UserController, 请求方法: loginAndRegister =================================== 
2025-01-03 00:28:44.145 [http-nio-8080-exec-1] DEBUG c.h.l.domain.mapper.UserDOMapper.selectByPhone - ==>  Preparing: select id, password from t_user where phone = ?
2025-01-03 00:28:44.146 [http-nio-8080-exec-1] DEBUG c.h.l.domain.mapper.UserDOMapper.selectByPhone - ==> Parameters: 17891997260(String)
2025-01-03 00:28:44.150 [http-nio-8080-exec-1] DEBUG c.h.l.domain.mapper.UserDOMapper.selectByPhone - <==      Total: 1
2025-01-03 00:28:44.156 [http-nio-8080-exec-1] INFO  c.h.littleredbookauth.service.impl.UserServiceImpl - ==> 用户是否注册, phone: 17891997260, userDO: {"id":3,"accountId":null,"password":"123456","nickname":null,"avatar":null,"birthday":null,"backgroundImg":null,"phone":null,"sex":null,"status":null,"introduction":null,"createTime":null,"updateTime":null,"isDeleted":null}
2025-01-03 00:28:44.459 [http-nio-8080-exec-1] INFO  c.h.f.b.operationlog.aspect.ApiOperationLogAspect - ====== 请求结束: [用户登录/注册], 耗时: 334ms, 出参: {"success":true,"message":null,"errorCode":null,"data":"hSBdLWBdE7VG67GWopDxD2grEj8u52NFIpzZ7YevS5Xsobih5qsROmuD5WpJyjRoyAWNN6BJVBFPaPT0PYhbfwK0GQuDVaopZq1dRXu2uqh4vnWGBM5UkexFPQGHxa7V"} =================================== 
2025-01-03 00:46:47.767 [main] WARN  com.alibaba.nacos.client.logging.NacosLogging - Load Logback Configuration of Nacos fail, message: Could not initialize Logback Nacos logging from classpath:nacos-logback.xml
2025-01-03 00:46:47.806 [main] WARN  com.alibaba.nacos.client.logging.NacosLogging - Load Logback Configuration of Nacos fail, message: Could not initialize Logback Nacos logging from classpath:nacos-logback.xml
2025-01-03 00:46:47.940 [main] WARN  com.alibaba.nacos.client.logging.NacosLogging - Load Logback Configuration of Nacos fail, message: Could not initialize Logback Nacos logging from classpath:nacos-logback.xml
2025-01-03 00:46:47.941 [main] INFO  com.alibaba.nacos.client.utils.ParamUtil - [settings] [req-serv] nacos-server port:8848
2025-01-03 00:46:47.941 [main] INFO  com.alibaba.nacos.client.utils.ParamUtil - [settings] [http-client] connect timeout:1000
2025-01-03 00:46:47.941 [main] INFO  com.alibaba.nacos.client.utils.ParamUtil - PER_TASK_CONFIG_SIZE: 3000.0
2025-01-03 00:46:47.955 [main] INFO  c.a.n.p.auth.spi.client.ClientAuthPluginManager - [ClientAuthPluginManager] Load ClientAuthService com.alibaba.nacos.client.auth.impl.NacosClientAuthServiceImpl success.
2025-01-03 00:46:47.955 [main] INFO  c.a.n.p.auth.spi.client.ClientAuthPluginManager - [ClientAuthPluginManager] Load ClientAuthService com.alibaba.nacos.client.auth.ram.RamClientAuthServiceImpl success.
2025-01-03 00:46:47.957 [main] INFO  c.a.n.client.auth.ram.identify.CredentialWatcher - null No credential found
2025-01-03 00:46:49.102 [main] WARN  com.alibaba.nacos.client.logging.NacosLogging - Load Logback Configuration of Nacos fail, message: Could not initialize Logback Nacos logging from classpath:nacos-logback.xml
2025-01-03 00:46:49.113 [main] INFO  c.a.n.client.config.impl.LocalConfigInfoProcessor - LOCAL_SNAPSHOT_PATH:C:\Users\xzf\nacos\config
2025-01-03 00:46:49.116 [main] INFO  com.alibaba.nacos.common.remote.client - [RpcClientFactory] create a new rpc client of 0d47b458-c59a-4599-87c0-2c2ee7e6cd35_config-0
2025-01-03 00:46:49.124 [main] INFO  com.alibaba.nacos.common.remote.client - [0d47b458-c59a-4599-87c0-2c2ee7e6cd35_config-0] Register server push request handler:com.alibaba.nacos.client.config.impl.ClientWorker$ConfigRpcTransportClient$$Lambda$587/0x0000025640391540
2025-01-03 00:46:49.125 [main] INFO  com.alibaba.nacos.common.remote.client - [0d47b458-c59a-4599-87c0-2c2ee7e6cd35_config-0] Register server push request handler:com.alibaba.nacos.client.config.impl.ClientWorker$ConfigRpcTransportClient$$Lambda$588/0x0000025640391960
2025-01-03 00:46:49.125 [main] INFO  com.alibaba.nacos.common.remote.client - [0d47b458-c59a-4599-87c0-2c2ee7e6cd35_config-0] Registry connection listener to current client:com.alibaba.nacos.client.config.impl.ClientWorker$ConfigRpcTransportClient$1
2025-01-03 00:46:49.125 [main] INFO  com.alibaba.nacos.common.remote.client - [0d47b458-c59a-4599-87c0-2c2ee7e6cd35_config-0] RpcClient init, ServerListFactory = com.alibaba.nacos.client.config.impl.ClientWorker$ConfigRpcTransportClient$2
2025-01-03 00:46:49.129 [main] INFO  com.alibaba.nacos.common.remote.client - [0d47b458-c59a-4599-87c0-2c2ee7e6cd35_config-0] Try to connect to server on start up, server: {serverIp = '127.0.0.1', server main port = 8848}
2025-01-03 00:46:49.150 [main] INFO  c.a.nacos.common.remote.client.grpc.GrpcClient - grpc client connection server:127.0.0.1 ip,serverPort:9848,grpcTslConfig:{"sslProvider":"OPENSSL","enableTls":false,"mutualAuthEnable":false,"trustAll":false}
2025-01-03 00:46:49.672 [main] INFO  com.alibaba.nacos.common.remote.client - [0d47b458-c59a-4599-87c0-2c2ee7e6cd35_config-0] Success to connect to server [127.0.0.1:8848] on start up, connectionId = 1735836409513_127.0.0.1_65365
2025-01-03 00:46:49.672 [com.alibaba.nacos.client.remote.worker] INFO  com.alibaba.nacos.common.remote.client - [0d47b458-c59a-4599-87c0-2c2ee7e6cd35_config-0] Notify connected event to listeners.
2025-01-03 00:46:49.672 [com.alibaba.nacos.client.remote.worker] INFO  com.alibaba.nacos.client.config.impl.ClientWorker - [0d47b458-c59a-4599-87c0-2c2ee7e6cd35_config-0] Connected,notify listen context...
2025-01-03 00:46:49.672 [main] INFO  com.alibaba.nacos.common.remote.client - [0d47b458-c59a-4599-87c0-2c2ee7e6cd35_config-0] Register server push request handler:com.alibaba.nacos.common.remote.client.RpcClient$ConnectResetRequestHandler
2025-01-03 00:46:49.673 [main] INFO  com.alibaba.nacos.common.remote.client - [0d47b458-c59a-4599-87c0-2c2ee7e6cd35_config-0] Register server push request handler:com.alibaba.nacos.common.remote.client.RpcClient$$Lambda$608/0x00000256404d7088
2025-01-03 00:46:49.698 [main] INFO  com.alibaba.nacos.client.config.impl.Limiter - limitTime:5.0
2025-01-03 00:46:49.707 [main] WARN  c.a.cloud.nacos.client.NacosPropertySourceBuilder - Ignore the empty nacos configuration and get it based on dataId[LittleRedBook-oss] & group[DEFAULT_GROUP]
2025-01-03 00:46:49.710 [main] WARN  c.a.cloud.nacos.client.NacosPropertySourceBuilder - Ignore the empty nacos configuration and get it based on dataId[LittleRedBook-oss.yaml] & group[DEFAULT_GROUP]
2025-01-03 00:46:49.722 [main] INFO  com.alibaba.nacos.client.config.utils.JvmUtil - isMultiInstance:false
2025-01-03 00:46:49.726 [main] INFO  o.s.c.b.c.PropertySourceBootstrapConfiguration - Located property source: [BootstrapPropertySource {name='bootstrapProperties-LittleRedBook-oss-dev.yaml,DEFAULT_GROUP'}, BootstrapPropertySource {name='bootstrapProperties-LittleRedBook-oss.yaml,DEFAULT_GROUP'}, BootstrapPropertySource {name='bootstrapProperties-LittleRedBook-oss,DEFAULT_GROUP'}]
2025-01-03 00:46:49.729 [main] WARN  com.alibaba.nacos.client.logging.NacosLogging - Load Logback Configuration of Nacos fail, message: Could not initialize Logback Nacos logging from classpath:nacos-logback.xml
2025-01-03 00:46:49.730 [main] INFO  c.h.L.oss.biz.LittleRedBookOssBizApplication - The following 1 profile is active: "dev"
2025-01-03 00:46:50.041 [main] INFO  o.springframework.cloud.context.scope.GenericScope - BeanFactory id=4a3e4659-c3ee-3dbf-8981-99a619b4111c
2025-01-03 00:46:50.258 [main] INFO  o.s.boot.web.embedded.tomcat.TomcatWebServer - Tomcat initialized with port(s): 8081 (http)
2025-01-03 00:46:50.265 [main] INFO  org.apache.catalina.core.StandardService - Starting service [Tomcat]
2025-01-03 00:46:50.265 [main] INFO  org.apache.catalina.core.StandardEngine - Starting Servlet engine: [Apache Tomcat/10.1.5]
2025-01-03 00:46:50.307 [main] INFO  o.a.c.core.ContainerBase.[Tomcat].[localhost].[/] - Initializing Spring embedded WebApplicationContext
2025-01-03 00:46:50.307 [main] INFO  o.s.b.w.s.c.ServletWebServerApplicationContext - Root WebApplicationContext: initialization completed in 571 ms
2025-01-03 00:46:51.724 [main] INFO  org.springframework.cloud.commons.util.InetUtils - Cannot determine local hostname
2025-01-03 00:46:52.887 [main] INFO  org.springframework.cloud.commons.util.InetUtils - Cannot determine local hostname
2025-01-03 00:46:52.921 [main] INFO  o.s.boot.web.embedded.tomcat.TomcatWebServer - Tomcat started on port(s): 8081 (http) with context path ''
2025-01-03 00:46:52.925 [main] INFO  com.alibaba.nacos.client.naming - initializer namespace from ans.namespace attribute : null
2025-01-03 00:46:52.925 [main] INFO  com.alibaba.nacos.client.naming - initializer namespace from ALIBABA_ALIWARE_NAMESPACE attribute :null
2025-01-03 00:46:52.925 [main] INFO  com.alibaba.nacos.client.naming - initializer namespace from namespace attribute :null
2025-01-03 00:46:52.929 [main] INFO  c.a.n.p.auth.spi.client.ClientAuthPluginManager - [ClientAuthPluginManager] Load ClientAuthService com.alibaba.nacos.client.auth.impl.NacosClientAuthServiceImpl success.
2025-01-03 00:46:52.929 [main] INFO  c.a.n.p.auth.spi.client.ClientAuthPluginManager - [ClientAuthPluginManager] Load ClientAuthService com.alibaba.nacos.client.auth.ram.RamClientAuthServiceImpl success.
2025-01-03 00:46:52.931 [main] INFO  com.alibaba.nacos.common.remote.client - [RpcClientFactory] create a new rpc client of c40972e0-29b3-496b-88db-a44825141784
2025-01-03 00:46:52.931 [main] INFO  com.alibaba.nacos.common.remote.client - [c40972e0-29b3-496b-88db-a44825141784] RpcClient init, ServerListFactory = com.alibaba.nacos.client.naming.core.ServerListManager
2025-01-03 00:46:52.931 [main] INFO  com.alibaba.nacos.common.remote.client - [c40972e0-29b3-496b-88db-a44825141784] Registry connection listener to current client:com.alibaba.nacos.client.naming.remote.gprc.redo.NamingGrpcRedoService
2025-01-03 00:46:52.931 [main] INFO  com.alibaba.nacos.common.remote.client - [c40972e0-29b3-496b-88db-a44825141784] Register server push request handler:com.alibaba.nacos.client.naming.remote.gprc.NamingPushRequestHandler
2025-01-03 00:46:52.931 [main] INFO  com.alibaba.nacos.common.remote.client - [c40972e0-29b3-496b-88db-a44825141784] Try to connect to server on start up, server: {serverIp = '127.0.0.1', server main port = 8848}
2025-01-03 00:46:52.932 [main] INFO  c.a.nacos.common.remote.client.grpc.GrpcClient - grpc client connection server:127.0.0.1 ip,serverPort:9848,grpcTslConfig:{"sslProvider":"OPENSSL","enableTls":false,"mutualAuthEnable":false,"trustAll":false}
2025-01-03 00:46:53.041 [main] INFO  com.alibaba.nacos.common.remote.client - [c40972e0-29b3-496b-88db-a44825141784] Success to connect to server [127.0.0.1:8848] on start up, connectionId = 1735836412935_127.0.0.1_65366
2025-01-03 00:46:53.041 [main] INFO  com.alibaba.nacos.common.remote.client - [c40972e0-29b3-496b-88db-a44825141784] Register server push request handler:com.alibaba.nacos.common.remote.client.RpcClient$ConnectResetRequestHandler
2025-01-03 00:46:53.041 [com.alibaba.nacos.client.remote.worker] INFO  com.alibaba.nacos.common.remote.client - [c40972e0-29b3-496b-88db-a44825141784] Notify connected event to listeners.
2025-01-03 00:46:53.041 [main] INFO  com.alibaba.nacos.common.remote.client - [c40972e0-29b3-496b-88db-a44825141784] Register server push request handler:com.alibaba.nacos.common.remote.client.RpcClient$$Lambda$608/0x00000256404d7088
2025-01-03 00:46:53.041 [com.alibaba.nacos.client.remote.worker] INFO  com.alibaba.nacos.client.naming - Grpc connection connect
2025-01-03 00:46:53.042 [main] INFO  com.alibaba.nacos.client.naming - [REGISTER-SERVICE] Little-Red-Book registering service LittleRedBook-oss with instance Instance{instanceId='null', ip='192.168.94.1', port=8081, weight=1.0, healthy=true, enabled=true, ephemeral=true, clusterName='DEFAULT', serviceName='null', metadata={IPv6=[2409:8a28:ed3:fb64:0:0:0:1000], preserved.register.source=SPRING_CLOUD}}
2025-01-03 00:46:53.049 [main] INFO  c.a.cloud.nacos.registry.NacosServiceRegistry - nacos registry, DEFAULT_GROUP LittleRedBook-oss 192.168.94.1:8081 register finished
2025-01-03 00:46:54.132 [main] INFO  org.springframework.cloud.commons.util.InetUtils - Cannot determine local hostname
2025-01-03 00:46:54.144 [main] INFO  c.h.L.oss.biz.LittleRedBookOssBizApplication - Started LittleRedBookOssBizApplication in 7.75 seconds (process running for 8.086)
2025-01-03 00:46:54.146 [main] INFO  com.alibaba.nacos.client.config.impl.CacheData - nacos.cache.data.init.snapshot = true 
2025-01-03 00:46:54.146 [main] INFO  com.alibaba.nacos.client.config.impl.ClientWorker - [fixed-Little-Red-Book-127.0.0.1_8848] [subscribe] LittleRedBook-oss.yaml+DEFAULT_GROUP+Little-Red-Book
2025-01-03 00:46:54.154 [main] INFO  com.alibaba.nacos.client.config.impl.CacheData - [fixed-Little-Red-Book-127.0.0.1_8848] [add-listener] ok, tenant=Little-Red-Book, dataId=LittleRedBook-oss.yaml, group=DEFAULT_GROUP, cnt=1
2025-01-03 00:46:54.154 [main] INFO  c.a.cloud.nacos.refresh.NacosContextRefresher - [Nacos Config] Listening config: dataId=LittleRedBook-oss.yaml, group=DEFAULT_GROUP
2025-01-03 00:46:54.154 [main] INFO  com.alibaba.nacos.client.config.impl.ClientWorker - [fixed-Little-Red-Book-127.0.0.1_8848] [subscribe] LittleRedBook-oss+DEFAULT_GROUP+Little-Red-Book
2025-01-03 00:46:54.154 [main] INFO  com.alibaba.nacos.client.config.impl.CacheData - [fixed-Little-Red-Book-127.0.0.1_8848] [add-listener] ok, tenant=Little-Red-Book, dataId=LittleRedBook-oss, group=DEFAULT_GROUP, cnt=1
2025-01-03 00:46:54.154 [main] INFO  c.a.cloud.nacos.refresh.NacosContextRefresher - [Nacos Config] Listening config: dataId=LittleRedBook-oss, group=DEFAULT_GROUP
2025-01-03 00:46:54.155 [main] INFO  com.alibaba.nacos.client.config.impl.ClientWorker - [fixed-Little-Red-Book-127.0.0.1_8848] [subscribe] LittleRedBook-oss-dev.yaml+DEFAULT_GROUP+Little-Red-Book
2025-01-03 00:46:54.155 [main] INFO  com.alibaba.nacos.client.config.impl.CacheData - [fixed-Little-Red-Book-127.0.0.1_8848] [add-listener] ok, tenant=Little-Red-Book, dataId=LittleRedBook-oss-dev.yaml, group=DEFAULT_GROUP, cnt=1
2025-01-03 00:46:54.155 [main] INFO  c.a.cloud.nacos.refresh.NacosContextRefresher - [Nacos Config] Listening config: dataId=LittleRedBook-oss-dev.yaml, group=DEFAULT_GROUP
2025-01-03 00:48:22.668 [Thread-2] WARN  c.alibaba.nacos.common.http.HttpClientBeanHolder - [HttpClientBeanHolder] Start destroying common HttpClient
2025-01-03 00:48:22.668 [Thread-9] WARN  com.alibaba.nacos.common.notify.NotifyCenter - [NotifyCenter] Start destroying Publisher
2025-01-03 00:48:22.668 [Thread-9] WARN  com.alibaba.nacos.common.notify.NotifyCenter - [NotifyCenter] Destruction of the end
2025-01-03 00:48:22.668 [Thread-2] WARN  c.alibaba.nacos.common.http.HttpClientBeanHolder - [HttpClientBeanHolder] Destruction of the end
2025-01-03 00:48:22.681 [SpringApplicationShutdownHook] INFO  c.a.cloud.nacos.registry.NacosServiceRegistry - De-registering from Nacos Server now...
2025-01-03 00:48:22.681 [SpringApplicationShutdownHook] INFO  com.alibaba.nacos.client.naming - [DEREGISTER-SERVICE] Little-Red-Book deregistering service LittleRedBook-oss with instance: Instance{instanceId='null', ip='192.168.94.1', port=8081, weight=1.0, healthy=true, enabled=true, ephemeral=true, clusterName='DEFAULT', serviceName='null', metadata={}}
2025-01-03 00:48:22.684 [SpringApplicationShutdownHook] INFO  c.a.cloud.nacos.registry.NacosServiceRegistry - De-registration finished.
2025-01-03 00:48:22.684 [SpringApplicationShutdownHook] INFO  com.alibaba.nacos.client.naming - com.alibaba.nacos.client.naming.cache.ServiceInfoHolder do shutdown begin
2025-01-03 00:48:22.684 [SpringApplicationShutdownHook] INFO  com.alibaba.nacos.client.naming - com.alibaba.nacos.client.naming.backups.FailoverReactor do shutdown begin
2025-01-03 00:48:22.684 [SpringApplicationShutdownHook] INFO  com.alibaba.nacos.client.naming - com.alibaba.nacos.client.naming.backups.FailoverReactor do shutdown stop
2025-01-03 00:48:22.684 [SpringApplicationShutdownHook] INFO  com.alibaba.nacos.client.naming - com.alibaba.nacos.client.naming.cache.ServiceInfoHolder do shutdown stop
2025-01-03 00:48:22.684 [SpringApplicationShutdownHook] INFO  com.alibaba.nacos.client.naming - com.alibaba.nacos.client.naming.remote.NamingClientProxyDelegate do shutdown begin
2025-01-03 00:48:22.684 [SpringApplicationShutdownHook] INFO  com.alibaba.nacos.client.naming - com.alibaba.nacos.client.naming.core.ServiceInfoUpdateService do shutdown begin
2025-01-03 00:48:22.684 [SpringApplicationShutdownHook] INFO  com.alibaba.nacos.client.naming - com.alibaba.nacos.client.naming.core.ServiceInfoUpdateService do shutdown stop
2025-01-03 00:48:22.684 [SpringApplicationShutdownHook] INFO  com.alibaba.nacos.client.naming - com.alibaba.nacos.client.naming.core.ServerListManager do shutdown begin
2025-01-03 00:48:22.684 [SpringApplicationShutdownHook] WARN  com.alibaba.nacos.client.naming - [NamingHttpClientManager] Start destroying NacosRestTemplate
2025-01-03 00:48:22.684 [SpringApplicationShutdownHook] WARN  com.alibaba.nacos.client.naming - [NamingHttpClientManager] Destruction of the end
2025-01-03 00:48:22.684 [SpringApplicationShutdownHook] INFO  com.alibaba.nacos.client.naming - com.alibaba.nacos.client.naming.core.ServerListManager do shutdown stop
2025-01-03 00:48:22.684 [SpringApplicationShutdownHook] INFO  com.alibaba.nacos.client.naming - com.alibaba.nacos.client.naming.remote.http.NamingHttpClientProxy do shutdown begin
2025-01-03 00:48:22.685 [SpringApplicationShutdownHook] WARN  com.alibaba.nacos.client.naming - [NamingHttpClientManager] Start destroying NacosRestTemplate
2025-01-03 00:48:22.685 [SpringApplicationShutdownHook] WARN  com.alibaba.nacos.client.naming - [NamingHttpClientManager] Destruction of the end
2025-01-03 00:48:22.685 [SpringApplicationShutdownHook] INFO  com.alibaba.nacos.client.naming - com.alibaba.nacos.client.naming.remote.http.NamingHttpClientProxy do shutdown stop
2025-01-03 00:48:22.685 [SpringApplicationShutdownHook] INFO  com.alibaba.nacos.common.remote.client - Shutdown rpc client, set status to shutdown
2025-01-03 00:48:22.685 [SpringApplicationShutdownHook] INFO  com.alibaba.nacos.common.remote.client - Shutdown client event executor java.util.concurrent.ScheduledThreadPoolExecutor@38a0fe39[Running, pool size = 2, active threads = 2, queued tasks = 0, completed tasks = 0]
2025-01-03 00:48:22.685 [SpringApplicationShutdownHook] INFO  com.alibaba.nacos.common.remote.client - Close current connection 1735836412935_127.0.0.1_65366
2025-01-03 00:48:22.686 [SpringApplicationShutdownHook] INFO  c.a.nacos.common.remote.client.grpc.GrpcClient - Shutdown grpc executor java.util.concurrent.ThreadPoolExecutor@4400daf5[Running, pool size = 4, active threads = 0, queued tasks = 0, completed tasks = 27]
2025-01-03 00:48:22.686 [SpringApplicationShutdownHook] INFO  com.alibaba.nacos.client.naming - Shutdown grpc redo service executor java.util.concurrent.ScheduledThreadPoolExecutor@3e78aa7[Running, pool size = 1, active threads = 0, queued tasks = 1, completed tasks = 29]
2025-01-03 00:48:22.686 [SpringApplicationShutdownHook] INFO  c.a.n.client.auth.ram.identify.CredentialWatcher - [null] CredentialWatcher is stopped
2025-01-03 00:48:22.686 [SpringApplicationShutdownHook] INFO  c.a.n.client.auth.ram.identify.CredentialService - [null] CredentialService is freed
2025-01-03 00:48:22.686 [SpringApplicationShutdownHook] INFO  com.alibaba.nacos.client.naming - com.alibaba.nacos.client.naming.remote.NamingClientProxyDelegate do shutdown stop
2025-01-03 00:48:23.311 [Thread-2] WARN  c.alibaba.nacos.common.http.HttpClientBeanHolder - [HttpClientBeanHolder] Start destroying common HttpClient
2025-01-03 00:48:23.311 [Thread-9] WARN  com.alibaba.nacos.common.notify.NotifyCenter - [NotifyCenter] Start destroying Publisher
2025-01-03 00:48:23.311 [Thread-9] WARN  com.alibaba.nacos.common.notify.NotifyCenter - [NotifyCenter] Destruction of the end
2025-01-03 00:48:23.312 [Thread-2] WARN  c.alibaba.nacos.common.http.HttpClientBeanHolder - [HttpClientBeanHolder] Destruction of the end
2025-01-03 00:48:23.330 [SpringApplicationShutdownHook] INFO  c.a.cloud.nacos.registry.NacosServiceRegistry - De-registering from Nacos Server now...
2025-01-03 00:48:23.330 [SpringApplicationShutdownHook] INFO  com.alibaba.nacos.client.naming - [DEREGISTER-SERVICE] Little-Red-Book deregistering service LittleRedBook-auth with instance: Instance{instanceId='null', ip='192.168.94.1', port=8080, weight=1.0, healthy=true, enabled=true, ephemeral=true, clusterName='DEFAULT', serviceName='null', metadata={}}
2025-01-03 00:48:23.331 [SpringApplicationShutdownHook] INFO  c.a.cloud.nacos.registry.NacosServiceRegistry - De-registration finished.
2025-01-03 00:48:23.332 [SpringApplicationShutdownHook] INFO  com.alibaba.nacos.client.naming - com.alibaba.nacos.client.naming.cache.ServiceInfoHolder do shutdown begin
2025-01-03 00:48:23.332 [SpringApplicationShutdownHook] INFO  com.alibaba.nacos.client.naming - com.alibaba.nacos.client.naming.backups.FailoverReactor do shutdown begin
2025-01-03 00:48:23.333 [SpringApplicationShutdownHook] INFO  com.alibaba.nacos.client.naming - com.alibaba.nacos.client.naming.backups.FailoverReactor do shutdown stop
2025-01-03 00:48:23.333 [SpringApplicationShutdownHook] INFO  com.alibaba.nacos.client.naming - com.alibaba.nacos.client.naming.cache.ServiceInfoHolder do shutdown stop
2025-01-03 00:48:23.333 [SpringApplicationShutdownHook] INFO  com.alibaba.nacos.client.naming - com.alibaba.nacos.client.naming.remote.NamingClientProxyDelegate do shutdown begin
2025-01-03 00:48:23.333 [SpringApplicationShutdownHook] INFO  com.alibaba.nacos.client.naming - com.alibaba.nacos.client.naming.core.ServiceInfoUpdateService do shutdown begin
2025-01-03 00:48:23.333 [SpringApplicationShutdownHook] INFO  com.alibaba.nacos.client.naming - com.alibaba.nacos.client.naming.core.ServiceInfoUpdateService do shutdown stop
2025-01-03 00:48:23.333 [SpringApplicationShutdownHook] INFO  com.alibaba.nacos.client.naming - com.alibaba.nacos.client.naming.core.ServerListManager do shutdown begin
2025-01-03 00:48:23.333 [SpringApplicationShutdownHook] WARN  com.alibaba.nacos.client.naming - [NamingHttpClientManager] Start destroying NacosRestTemplate
2025-01-03 00:48:23.333 [SpringApplicationShutdownHook] WARN  com.alibaba.nacos.client.naming - [NamingHttpClientManager] Destruction of the end
2025-01-03 00:48:23.333 [SpringApplicationShutdownHook] INFO  com.alibaba.nacos.client.naming - com.alibaba.nacos.client.naming.core.ServerListManager do shutdown stop
2025-01-03 00:48:23.333 [SpringApplicationShutdownHook] INFO  com.alibaba.nacos.client.naming - com.alibaba.nacos.client.naming.remote.http.NamingHttpClientProxy do shutdown begin
2025-01-03 00:48:23.333 [SpringApplicationShutdownHook] WARN  com.alibaba.nacos.client.naming - [NamingHttpClientManager] Start destroying NacosRestTemplate
2025-01-03 00:48:23.333 [SpringApplicationShutdownHook] WARN  com.alibaba.nacos.client.naming - [NamingHttpClientManager] Destruction of the end
2025-01-03 00:48:23.333 [SpringApplicationShutdownHook] INFO  com.alibaba.nacos.client.naming - com.alibaba.nacos.client.naming.remote.http.NamingHttpClientProxy do shutdown stop
2025-01-03 00:48:23.333 [SpringApplicationShutdownHook] INFO  com.alibaba.nacos.common.remote.client - Shutdown rpc client, set status to shutdown
2025-01-03 00:48:23.333 [SpringApplicationShutdownHook] INFO  com.alibaba.nacos.common.remote.client - Shutdown client event executor java.util.concurrent.ScheduledThreadPoolExecutor@5d5e483f[Running, pool size = 2, active threads = 2, queued tasks = 0, completed tasks = 0]
2025-01-03 00:48:23.333 [SpringApplicationShutdownHook] INFO  com.alibaba.nacos.common.remote.client - Close current connection 1735835156528_127.0.0.1_64928
2025-01-03 00:48:23.334 [nacos-grpc-client-executor-127.0.0.1-284] INFO  c.a.nacos.common.remote.client.grpc.GrpcClient - [1735835156528_127.0.0.1_64928]Ignore complete event,isRunning:false,isAbandon=false
2025-01-03 00:48:23.335 [SpringApplicationShutdownHook] INFO  c.a.nacos.common.remote.client.grpc.GrpcClient - Shutdown grpc executor java.util.concurrent.ThreadPoolExecutor@638d661f[Running, pool size = 4, active threads = 0, queued tasks = 0, completed tasks = 285]
2025-01-03 00:48:23.336 [SpringApplicationShutdownHook] INFO  com.alibaba.nacos.client.naming - Shutdown grpc redo service executor java.util.concurrent.ScheduledThreadPoolExecutor@30685c3e[Running, pool size = 1, active threads = 0, queued tasks = 1, completed tasks = 447]
2025-01-03 00:48:23.336 [SpringApplicationShutdownHook] INFO  c.a.n.client.auth.ram.identify.CredentialWatcher - [null] CredentialWatcher is stopped
2025-01-03 00:48:23.336 [SpringApplicationShutdownHook] INFO  c.a.n.client.auth.ram.identify.CredentialService - [null] CredentialService is freed
2025-01-03 00:48:23.336 [SpringApplicationShutdownHook] INFO  com.alibaba.nacos.client.naming - com.alibaba.nacos.client.naming.remote.NamingClientProxyDelegate do shutdown stop
2025-01-03 00:48:23.371 [SpringApplicationShutdownHook] INFO  com.alibaba.druid.pool.DruidDataSource - {dataSource-1} closing ...
2025-01-03 00:48:23.371 [SpringApplicationShutdownHook] INFO  com.alibaba.druid.pool.DruidDataSource - {dataSource-1} closed
2025-01-03 00:48:26.109 [main] WARN  com.alibaba.nacos.client.logging.NacosLogging - Load Logback Configuration of Nacos fail, message: Could not initialize Logback Nacos logging from classpath:nacos-logback.xml
2025-01-03 00:48:26.158 [main] WARN  com.alibaba.nacos.client.logging.NacosLogging - Load Logback Configuration of Nacos fail, message: Could not initialize Logback Nacos logging from classpath:nacos-logback.xml
2025-01-03 00:48:26.329 [main] WARN  com.alibaba.nacos.client.logging.NacosLogging - Load Logback Configuration of Nacos fail, message: Could not initialize Logback Nacos logging from classpath:nacos-logback.xml
2025-01-03 00:48:26.330 [main] INFO  com.alibaba.nacos.client.utils.ParamUtil - [settings] [req-serv] nacos-server port:8848
2025-01-03 00:48:26.330 [main] INFO  com.alibaba.nacos.client.utils.ParamUtil - [settings] [http-client] connect timeout:1000
2025-01-03 00:48:26.331 [main] INFO  com.alibaba.nacos.client.utils.ParamUtil - PER_TASK_CONFIG_SIZE: 3000.0
2025-01-03 00:48:26.352 [main] INFO  c.a.n.p.auth.spi.client.ClientAuthPluginManager - [ClientAuthPluginManager] Load ClientAuthService com.alibaba.nacos.client.auth.impl.NacosClientAuthServiceImpl success.
2025-01-03 00:48:26.352 [main] INFO  c.a.n.p.auth.spi.client.ClientAuthPluginManager - [ClientAuthPluginManager] Load ClientAuthService com.alibaba.nacos.client.auth.ram.RamClientAuthServiceImpl success.
2025-01-03 00:48:26.354 [main] INFO  c.a.n.client.auth.ram.identify.CredentialWatcher - null No credential found
2025-01-03 00:48:27.369 [main] WARN  com.alibaba.nacos.client.logging.NacosLogging - Load Logback Configuration of Nacos fail, message: Could not initialize Logback Nacos logging from classpath:nacos-logback.xml
2025-01-03 00:48:27.426 [main] WARN  com.alibaba.nacos.client.logging.NacosLogging - Load Logback Configuration of Nacos fail, message: Could not initialize Logback Nacos logging from classpath:nacos-logback.xml
2025-01-03 00:48:27.534 [main] WARN  com.alibaba.nacos.client.logging.NacosLogging - Load Logback Configuration of Nacos fail, message: Could not initialize Logback Nacos logging from classpath:nacos-logback.xml
2025-01-03 00:48:27.552 [main] INFO  c.a.n.client.config.impl.LocalConfigInfoProcessor - LOCAL_SNAPSHOT_PATH:C:\Users\xzf\nacos\config
2025-01-03 00:48:27.555 [main] INFO  com.alibaba.nacos.common.remote.client - [RpcClientFactory] create a new rpc client of db9e4ffa-1d74-4902-9a37-4abca0d71ca6_config-0
2025-01-03 00:48:27.567 [main] INFO  com.alibaba.nacos.common.remote.client - [db9e4ffa-1d74-4902-9a37-4abca0d71ca6_config-0] Register server push request handler:com.alibaba.nacos.client.config.impl.ClientWorker$ConfigRpcTransportClient$$Lambda$587/0x0000019e59391830
2025-01-03 00:48:27.568 [main] INFO  com.alibaba.nacos.common.remote.client - [db9e4ffa-1d74-4902-9a37-4abca0d71ca6_config-0] Register server push request handler:com.alibaba.nacos.client.config.impl.ClientWorker$ConfigRpcTransportClient$$Lambda$588/0x0000019e59391c50
2025-01-03 00:48:27.568 [main] INFO  com.alibaba.nacos.common.remote.client - [db9e4ffa-1d74-4902-9a37-4abca0d71ca6_config-0] Registry connection listener to current client:com.alibaba.nacos.client.config.impl.ClientWorker$ConfigRpcTransportClient$1
2025-01-03 00:48:27.568 [main] INFO  com.alibaba.nacos.common.remote.client - [db9e4ffa-1d74-4902-9a37-4abca0d71ca6_config-0] RpcClient init, ServerListFactory = com.alibaba.nacos.client.config.impl.ClientWorker$ConfigRpcTransportClient$2
2025-01-03 00:48:27.576 [main] INFO  com.alibaba.nacos.common.remote.client - [db9e4ffa-1d74-4902-9a37-4abca0d71ca6_config-0] Try to connect to server on start up, server: {serverIp = '127.0.0.1', server main port = 8848}
2025-01-03 00:48:27.611 [main] INFO  c.a.nacos.common.remote.client.grpc.GrpcClient - grpc client connection server:127.0.0.1 ip,serverPort:9848,grpcTslConfig:{"sslProvider":"OPENSSL","enableTls":false,"mutualAuthEnable":false,"trustAll":false}
2025-01-03 00:48:27.620 [main] WARN  com.alibaba.nacos.client.logging.NacosLogging - Load Logback Configuration of Nacos fail, message: Could not initialize Logback Nacos logging from classpath:nacos-logback.xml
2025-01-03 00:48:27.622 [main] INFO  com.alibaba.nacos.client.utils.ParamUtil - [settings] [req-serv] nacos-server port:8848
2025-01-03 00:48:27.622 [main] INFO  com.alibaba.nacos.client.utils.ParamUtil - [settings] [http-client] connect timeout:1000
2025-01-03 00:48:27.623 [main] INFO  com.alibaba.nacos.client.utils.ParamUtil - PER_TASK_CONFIG_SIZE: 3000.0
2025-01-03 00:48:27.643 [main] INFO  c.a.n.p.auth.spi.client.ClientAuthPluginManager - [ClientAuthPluginManager] Load ClientAuthService com.alibaba.nacos.client.auth.impl.NacosClientAuthServiceImpl success.
2025-01-03 00:48:27.643 [main] INFO  c.a.n.p.auth.spi.client.ClientAuthPluginManager - [ClientAuthPluginManager] Load ClientAuthService com.alibaba.nacos.client.auth.ram.RamClientAuthServiceImpl success.
2025-01-03 00:48:27.644 [main] INFO  c.a.n.client.auth.ram.identify.CredentialWatcher - null No credential found
2025-01-03 00:48:28.220 [main] INFO  com.alibaba.nacos.common.remote.client - [db9e4ffa-1d74-4902-9a37-4abca0d71ca6_config-0] Success to connect to server [127.0.0.1:8848] on start up, connectionId = 1735836508046_127.0.0.1_65421
2025-01-03 00:48:28.220 [com.alibaba.nacos.client.remote.worker] INFO  com.alibaba.nacos.common.remote.client - [db9e4ffa-1d74-4902-9a37-4abca0d71ca6_config-0] Notify connected event to listeners.
2025-01-03 00:48:28.220 [com.alibaba.nacos.client.remote.worker] INFO  com.alibaba.nacos.client.config.impl.ClientWorker - [db9e4ffa-1d74-4902-9a37-4abca0d71ca6_config-0] Connected,notify listen context...
2025-01-03 00:48:28.221 [main] INFO  com.alibaba.nacos.common.remote.client - [db9e4ffa-1d74-4902-9a37-4abca0d71ca6_config-0] Register server push request handler:com.alibaba.nacos.common.remote.client.RpcClient$ConnectResetRequestHandler
2025-01-03 00:48:28.221 [main] INFO  com.alibaba.nacos.common.remote.client - [db9e4ffa-1d74-4902-9a37-4abca0d71ca6_config-0] Register server push request handler:com.alibaba.nacos.common.remote.client.RpcClient$$Lambda$608/0x0000019e594d7080
2025-01-03 00:48:28.243 [main] INFO  com.alibaba.nacos.client.config.impl.Limiter - limitTime:5.0
2025-01-03 00:48:28.252 [main] WARN  c.a.cloud.nacos.client.NacosPropertySourceBuilder - Ignore the empty nacos configuration and get it based on dataId[LittleRedBook-oss] & group[DEFAULT_GROUP]
2025-01-03 00:48:28.256 [main] WARN  c.a.cloud.nacos.client.NacosPropertySourceBuilder - Ignore the empty nacos configuration and get it based on dataId[LittleRedBook-oss.yaml] & group[DEFAULT_GROUP]
2025-01-03 00:48:28.260 [main] INFO  com.alibaba.nacos.client.config.utils.JvmUtil - isMultiInstance:false
2025-01-03 00:48:28.263 [main] INFO  o.s.c.b.c.PropertySourceBootstrapConfiguration - Located property source: [BootstrapPropertySource {name='bootstrapProperties-LittleRedBook-oss-dev.yaml,DEFAULT_GROUP'}, BootstrapPropertySource {name='bootstrapProperties-LittleRedBook-oss.yaml,DEFAULT_GROUP'}, BootstrapPropertySource {name='bootstrapProperties-LittleRedBook-oss,DEFAULT_GROUP'}]
2025-01-03 00:48:28.266 [main] WARN  com.alibaba.nacos.client.logging.NacosLogging - Load Logback Configuration of Nacos fail, message: Could not initialize Logback Nacos logging from classpath:nacos-logback.xml
2025-01-03 00:48:28.266 [main] INFO  c.h.L.oss.biz.LittleRedBookOssBizApplication - The following 1 profile is active: "dev"
2025-01-03 00:48:28.644 [main] INFO  o.springframework.cloud.context.scope.GenericScope - BeanFactory id=4a3e4659-c3ee-3dbf-8981-99a619b4111c
2025-01-03 00:48:28.866 [main] WARN  com.alibaba.nacos.client.logging.NacosLogging - Load Logback Configuration of Nacos fail, message: Could not initialize Logback Nacos logging from classpath:nacos-logback.xml
2025-01-03 00:48:28.879 [main] INFO  c.a.n.client.config.impl.LocalConfigInfoProcessor - LOCAL_SNAPSHOT_PATH:C:\Users\xzf\nacos\config
2025-01-03 00:48:28.881 [main] INFO  com.alibaba.nacos.common.remote.client - [RpcClientFactory] create a new rpc client of 31182aff-6eb8-4866-8189-fdabb81c1f81_config-0
2025-01-03 00:48:28.892 [main] INFO  com.alibaba.nacos.common.remote.client - [31182aff-6eb8-4866-8189-fdabb81c1f81_config-0] Register server push request handler:com.alibaba.nacos.client.config.impl.ClientWorker$ConfigRpcTransportClient$$Lambda$588/0x000001bb2638d928
2025-01-03 00:48:28.893 [main] INFO  com.alibaba.nacos.common.remote.client - [31182aff-6eb8-4866-8189-fdabb81c1f81_config-0] Register server push request handler:com.alibaba.nacos.client.config.impl.ClientWorker$ConfigRpcTransportClient$$Lambda$589/0x000001bb2638dd48
2025-01-03 00:48:28.893 [main] INFO  com.alibaba.nacos.common.remote.client - [31182aff-6eb8-4866-8189-fdabb81c1f81_config-0] Registry connection listener to current client:com.alibaba.nacos.client.config.impl.ClientWorker$ConfigRpcTransportClient$1
2025-01-03 00:48:28.893 [main] INFO  com.alibaba.nacos.common.remote.client - [31182aff-6eb8-4866-8189-fdabb81c1f81_config-0] RpcClient init, ServerListFactory = com.alibaba.nacos.client.config.impl.ClientWorker$ConfigRpcTransportClient$2
2025-01-03 00:48:28.899 [main] INFO  com.alibaba.nacos.common.remote.client - [31182aff-6eb8-4866-8189-fdabb81c1f81_config-0] Try to connect to server on start up, server: {serverIp = '127.0.0.1', server main port = 8848}
2025-01-03 00:48:28.923 [main] INFO  o.s.boot.web.embedded.tomcat.TomcatWebServer - Tomcat initialized with port(s): 8081 (http)
2025-01-03 00:48:28.927 [main] INFO  c.a.nacos.common.remote.client.grpc.GrpcClient - grpc client connection server:127.0.0.1 ip,serverPort:9848,grpcTslConfig:{"sslProvider":"OPENSSL","enableTls":false,"mutualAuthEnable":false,"trustAll":false}
2025-01-03 00:48:28.931 [main] INFO  org.apache.catalina.core.StandardService - Starting service [Tomcat]
2025-01-03 00:48:28.931 [main] INFO  org.apache.catalina.core.StandardEngine - Starting Servlet engine: [Apache Tomcat/10.1.5]
2025-01-03 00:48:28.985 [main] INFO  o.a.c.core.ContainerBase.[Tomcat].[localhost].[/] - Initializing Spring embedded WebApplicationContext
2025-01-03 00:48:28.985 [main] INFO  o.s.b.w.s.c.ServletWebServerApplicationContext - Root WebApplicationContext: initialization completed in 710 ms
2025-01-03 00:48:29.629 [main] INFO  com.alibaba.nacos.common.remote.client - [31182aff-6eb8-4866-8189-fdabb81c1f81_config-0] Success to connect to server [127.0.0.1:8848] on start up, connectionId = 1735836509451_127.0.0.1_65427
2025-01-03 00:48:29.629 [com.alibaba.nacos.client.remote.worker] INFO  com.alibaba.nacos.common.remote.client - [31182aff-6eb8-4866-8189-fdabb81c1f81_config-0] Notify connected event to listeners.
2025-01-03 00:48:29.629 [com.alibaba.nacos.client.remote.worker] INFO  com.alibaba.nacos.client.config.impl.ClientWorker - [31182aff-6eb8-4866-8189-fdabb81c1f81_config-0] Connected,notify listen context...
2025-01-03 00:48:29.629 [main] INFO  com.alibaba.nacos.common.remote.client - [31182aff-6eb8-4866-8189-fdabb81c1f81_config-0] Register server push request handler:com.alibaba.nacos.common.remote.client.RpcClient$ConnectResetRequestHandler
2025-01-03 00:48:29.629 [main] INFO  com.alibaba.nacos.common.remote.client - [31182aff-6eb8-4866-8189-fdabb81c1f81_config-0] Register server push request handler:com.alibaba.nacos.common.remote.client.RpcClient$$Lambda$609/0x000001bb264d51f0
2025-01-03 00:48:29.652 [main] INFO  com.alibaba.nacos.client.config.impl.Limiter - limitTime:5.0
2025-01-03 00:48:29.661 [main] INFO  com.alibaba.nacos.client.config.utils.JvmUtil - isMultiInstance:false
2025-01-03 00:48:29.669 [main] WARN  c.a.cloud.nacos.client.NacosPropertySourceBuilder - Ignore the empty nacos configuration and get it based on dataId[LittleRedBook-auth.yaml] & group[DEFAULT_GROUP]
2025-01-03 00:48:29.682 [main] INFO  o.s.c.b.c.PropertySourceBootstrapConfiguration - Located property source: [BootstrapPropertySource {name='bootstrapProperties-LittleRedBook-auth-dev.yaml,DEFAULT_GROUP'}, BootstrapPropertySource {name='bootstrapProperties-LittleRedBook-auth.yaml,DEFAULT_GROUP'}, BootstrapPropertySource {name='bootstrapProperties-LittleRedBook-auth,DEFAULT_GROUP'}]
2025-01-03 00:48:29.695 [main] WARN  com.alibaba.nacos.client.logging.NacosLogging - Load Logback Configuration of Nacos fail, message: Could not initialize Logback Nacos logging from classpath:nacos-logback.xml
2025-01-03 00:48:29.696 [main] INFO  c.h.littleredbookauth.LittleRedBookAuthApplication - The following 1 profile is active: "dev"
2025-01-03 00:48:30.233 [main] INFO  o.s.d.r.config.RepositoryConfigurationDelegate - Multiple Spring Data modules found, entering strict repository configuration mode
2025-01-03 00:48:30.235 [main] INFO  o.s.d.r.config.RepositoryConfigurationDelegate - Bootstrapping Spring Data Redis repositories in DEFAULT mode.
2025-01-03 00:48:30.250 [main] INFO  o.s.d.r.config.RepositoryConfigurationDelegate - Finished Spring Data repository scanning in 6 ms. Found 0 Redis repository interfaces.
2025-01-03 00:48:30.336 [main] INFO  o.springframework.cloud.context.scope.GenericScope - BeanFactory id=70826c72-053b-3f5a-9b44-b80b51360994
2025-01-03 00:48:30.521 [main] INFO  org.springframework.cloud.commons.util.InetUtils - Cannot determine local hostname
2025-01-03 00:48:30.803 [main] INFO  o.s.boot.web.embedded.tomcat.TomcatWebServer - Tomcat initialized with port(s): 8080 (http)
2025-01-03 00:48:30.811 [main] INFO  org.apache.catalina.core.StandardService - Starting service [Tomcat]
2025-01-03 00:48:30.812 [main] INFO  org.apache.catalina.core.StandardEngine - Starting Servlet engine: [Apache Tomcat/10.1.5]
2025-01-03 00:48:30.874 [main] INFO  o.a.c.core.ContainerBase.[Tomcat].[localhost].[/] - Initializing Spring embedded WebApplicationContext
2025-01-03 00:48:30.875 [main] INFO  o.s.b.w.s.c.ServletWebServerApplicationContext - Root WebApplicationContext: initialization completed in 1169 ms
2025-01-03 00:48:31.014 [main] INFO  c.a.d.s.b.a.DruidDataSourceAutoConfigure - Init DruidDataSource
2025-01-03 00:48:31.221 [main] INFO  com.alibaba.druid.pool.DruidDataSource - {dataSource-1} inited
2025-01-03 00:48:31.480 [main] INFO  org.redisson.Version - Redisson 3.18.1
2025-01-03 00:48:31.675 [redisson-netty-2-9] INFO  o.r.connection.pool.MasterPubSubConnectionPool - 1 connections initialized for 49.234.8.125/49.234.8.125:6379
2025-01-03 00:48:31.724 [main] INFO  org.springframework.cloud.commons.util.InetUtils - Cannot determine local hostname
2025-01-03 00:48:31.766 [main] INFO  o.s.boot.web.embedded.tomcat.TomcatWebServer - Tomcat started on port(s): 8081 (http) with context path ''
2025-01-03 00:48:31.769 [main] INFO  com.alibaba.nacos.client.naming - initializer namespace from ans.namespace attribute : null
2025-01-03 00:48:31.769 [main] INFO  com.alibaba.nacos.client.naming - initializer namespace from ALIBABA_ALIWARE_NAMESPACE attribute :null
2025-01-03 00:48:31.769 [main] INFO  com.alibaba.nacos.client.naming - initializer namespace from namespace attribute :null
2025-01-03 00:48:31.775 [main] INFO  c.a.n.p.auth.spi.client.ClientAuthPluginManager - [ClientAuthPluginManager] Load ClientAuthService com.alibaba.nacos.client.auth.impl.NacosClientAuthServiceImpl success.
2025-01-03 00:48:31.775 [main] INFO  c.a.n.p.auth.spi.client.ClientAuthPluginManager - [ClientAuthPluginManager] Load ClientAuthService com.alibaba.nacos.client.auth.ram.RamClientAuthServiceImpl success.
2025-01-03 00:48:31.777 [main] INFO  com.alibaba.nacos.common.remote.client - [RpcClientFactory] create a new rpc client of c0725a4f-9f6f-4b83-835e-0bceae52b6f2
2025-01-03 00:48:31.778 [main] INFO  com.alibaba.nacos.common.remote.client - [c0725a4f-9f6f-4b83-835e-0bceae52b6f2] RpcClient init, ServerListFactory = com.alibaba.nacos.client.naming.core.ServerListManager
2025-01-03 00:48:31.778 [main] INFO  com.alibaba.nacos.common.remote.client - [c0725a4f-9f6f-4b83-835e-0bceae52b6f2] Registry connection listener to current client:com.alibaba.nacos.client.naming.remote.gprc.redo.NamingGrpcRedoService
2025-01-03 00:48:31.779 [main] INFO  com.alibaba.nacos.common.remote.client - [c0725a4f-9f6f-4b83-835e-0bceae52b6f2] Register server push request handler:com.alibaba.nacos.client.naming.remote.gprc.NamingPushRequestHandler
2025-01-03 00:48:31.779 [main] INFO  com.alibaba.nacos.common.remote.client - [c0725a4f-9f6f-4b83-835e-0bceae52b6f2] Try to connect to server on start up, server: {serverIp = '127.0.0.1', server main port = 8848}
2025-01-03 00:48:31.779 [main] INFO  c.a.nacos.common.remote.client.grpc.GrpcClient - grpc client connection server:127.0.0.1 ip,serverPort:9848,grpcTslConfig:{"sslProvider":"OPENSSL","enableTls":false,"mutualAuthEnable":false,"trustAll":false}
2025-01-03 00:48:31.891 [main] INFO  com.alibaba.nacos.common.remote.client - [c0725a4f-9f6f-4b83-835e-0bceae52b6f2] Success to connect to server [127.0.0.1:8848] on start up, connectionId = 1735836511782_127.0.0.1_65445
2025-01-03 00:48:31.891 [main] INFO  com.alibaba.nacos.common.remote.client - [c0725a4f-9f6f-4b83-835e-0bceae52b6f2] Register server push request handler:com.alibaba.nacos.common.remote.client.RpcClient$ConnectResetRequestHandler
2025-01-03 00:48:31.891 [main] INFO  com.alibaba.nacos.common.remote.client - [c0725a4f-9f6f-4b83-835e-0bceae52b6f2] Register server push request handler:com.alibaba.nacos.common.remote.client.RpcClient$$Lambda$608/0x0000019e594d7080
2025-01-03 00:48:31.891 [com.alibaba.nacos.client.remote.worker] INFO  com.alibaba.nacos.common.remote.client - [c0725a4f-9f6f-4b83-835e-0bceae52b6f2] Notify connected event to listeners.
2025-01-03 00:48:31.891 [com.alibaba.nacos.client.remote.worker] INFO  com.alibaba.nacos.client.naming - Grpc connection connect
2025-01-03 00:48:31.892 [main] INFO  com.alibaba.nacos.client.naming - [REGISTER-SERVICE] Little-Red-Book registering service LittleRedBook-oss with instance Instance{instanceId='null', ip='192.168.94.1', port=8081, weight=1.0, healthy=true, enabled=true, ephemeral=true, clusterName='DEFAULT', serviceName='null', metadata={IPv6=[2409:8a28:ed3:fb64:0:0:0:1000], preserved.register.source=SPRING_CLOUD}}
2025-01-03 00:48:31.898 [main] INFO  c.a.cloud.nacos.registry.NacosServiceRegistry - nacos registry, DEFAULT_GROUP LittleRedBook-oss 192.168.94.1:8081 register finished
2025-01-03 00:48:32.116 [redisson-netty-2-19] INFO  org.redisson.connection.pool.MasterConnectionPool - 24 connections initialized for 49.234.8.125/49.234.8.125:6379
2025-01-03 00:48:32.980 [main] INFO  org.springframework.cloud.commons.util.InetUtils - Cannot determine local hostname
2025-01-03 00:48:32.992 [main] INFO  c.h.L.oss.biz.LittleRedBookOssBizApplication - Started LittleRedBookOssBizApplication in 8.341 seconds (process running for 9.167)
2025-01-03 00:48:32.994 [main] INFO  com.alibaba.nacos.client.config.impl.CacheData - nacos.cache.data.init.snapshot = true 
2025-01-03 00:48:32.994 [main] INFO  com.alibaba.nacos.client.config.impl.ClientWorker - [fixed-Little-Red-Book-127.0.0.1_8848] [subscribe] LittleRedBook-oss.yaml+DEFAULT_GROUP+Little-Red-Book
2025-01-03 00:48:32.999 [main] INFO  com.alibaba.nacos.client.config.impl.CacheData - [fixed-Little-Red-Book-127.0.0.1_8848] [add-listener] ok, tenant=Little-Red-Book, dataId=LittleRedBook-oss.yaml, group=DEFAULT_GROUP, cnt=1
2025-01-03 00:48:32.999 [main] INFO  c.a.cloud.nacos.refresh.NacosContextRefresher - [Nacos Config] Listening config: dataId=LittleRedBook-oss.yaml, group=DEFAULT_GROUP
2025-01-03 00:48:32.999 [main] INFO  com.alibaba.nacos.client.config.impl.ClientWorker - [fixed-Little-Red-Book-127.0.0.1_8848] [subscribe] LittleRedBook-oss+DEFAULT_GROUP+Little-Red-Book
2025-01-03 00:48:32.999 [main] INFO  com.alibaba.nacos.client.config.impl.CacheData - [fixed-Little-Red-Book-127.0.0.1_8848] [add-listener] ok, tenant=Little-Red-Book, dataId=LittleRedBook-oss, group=DEFAULT_GROUP, cnt=1
2025-01-03 00:48:32.999 [main] INFO  c.a.cloud.nacos.refresh.NacosContextRefresher - [Nacos Config] Listening config: dataId=LittleRedBook-oss, group=DEFAULT_GROUP
2025-01-03 00:48:33.000 [main] INFO  com.alibaba.nacos.client.config.impl.ClientWorker - [fixed-Little-Red-Book-127.0.0.1_8848] [subscribe] LittleRedBook-oss-dev.yaml+DEFAULT_GROUP+Little-Red-Book
2025-01-03 00:48:33.000 [main] INFO  com.alibaba.nacos.client.config.impl.CacheData - [fixed-Little-Red-Book-127.0.0.1_8848] [add-listener] ok, tenant=Little-Red-Book, dataId=LittleRedBook-oss-dev.yaml, group=DEFAULT_GROUP, cnt=1
2025-01-03 00:48:33.000 [main] INFO  c.a.cloud.nacos.refresh.NacosContextRefresher - [Nacos Config] Listening config: dataId=LittleRedBook-oss-dev.yaml, group=DEFAULT_GROUP
2025-01-03 00:48:33.571 [main] INFO  org.springframework.cloud.commons.util.InetUtils - Cannot determine local hostname
2025-01-03 00:48:34.913 [main] INFO  org.springframework.cloud.commons.util.InetUtils - Cannot determine local hostname
2025-01-03 00:48:34.922 [main] INFO  o.s.b.actuate.endpoint.web.EndpointLinksResolver - Exposing 1 endpoint(s) beneath base path '/actuator'
2025-01-03 00:48:34.985 [main] INFO  o.s.boot.web.embedded.tomcat.TomcatWebServer - Tomcat started on port(s): 8080 (http) with context path ''
2025-01-03 00:48:34.988 [main] INFO  com.alibaba.nacos.client.naming - initializer namespace from ans.namespace attribute : null
2025-01-03 00:48:34.988 [main] INFO  com.alibaba.nacos.client.naming - initializer namespace from ALIBABA_ALIWARE_NAMESPACE attribute :null
2025-01-03 00:48:34.989 [main] INFO  com.alibaba.nacos.client.naming - initializer namespace from namespace attribute :null
2025-01-03 00:48:34.994 [main] INFO  c.a.n.p.auth.spi.client.ClientAuthPluginManager - [ClientAuthPluginManager] Load ClientAuthService com.alibaba.nacos.client.auth.impl.NacosClientAuthServiceImpl success.
2025-01-03 00:48:34.994 [main] INFO  c.a.n.p.auth.spi.client.ClientAuthPluginManager - [ClientAuthPluginManager] Load ClientAuthService com.alibaba.nacos.client.auth.ram.RamClientAuthServiceImpl success.
2025-01-03 00:48:34.997 [main] INFO  com.alibaba.nacos.common.remote.client - [RpcClientFactory] create a new rpc client of a4fd5a5f-0a2a-456a-8b77-02ae90473caf
2025-01-03 00:48:34.998 [main] INFO  com.alibaba.nacos.common.remote.client - [a4fd5a5f-0a2a-456a-8b77-02ae90473caf] RpcClient init, ServerListFactory = com.alibaba.nacos.client.naming.core.ServerListManager
2025-01-03 00:48:34.998 [main] INFO  com.alibaba.nacos.common.remote.client - [a4fd5a5f-0a2a-456a-8b77-02ae90473caf] Registry connection listener to current client:com.alibaba.nacos.client.naming.remote.gprc.redo.NamingGrpcRedoService
2025-01-03 00:48:34.999 [main] INFO  com.alibaba.nacos.common.remote.client - [a4fd5a5f-0a2a-456a-8b77-02ae90473caf] Register server push request handler:com.alibaba.nacos.client.naming.remote.gprc.NamingPushRequestHandler
2025-01-03 00:48:34.999 [main] INFO  com.alibaba.nacos.common.remote.client - [a4fd5a5f-0a2a-456a-8b77-02ae90473caf] Try to connect to server on start up, server: {serverIp = '127.0.0.1', server main port = 8848}
2025-01-03 00:48:34.999 [main] INFO  c.a.nacos.common.remote.client.grpc.GrpcClient - grpc client connection server:127.0.0.1 ip,serverPort:9848,grpcTslConfig:{"sslProvider":"OPENSSL","enableTls":false,"mutualAuthEnable":false,"trustAll":false}
2025-01-03 00:48:35.116 [main] INFO  com.alibaba.nacos.common.remote.client - [a4fd5a5f-0a2a-456a-8b77-02ae90473caf] Success to connect to server [127.0.0.1:8848] on start up, connectionId = 1735836515002_127.0.0.1_65473
2025-01-03 00:48:35.116 [main] INFO  com.alibaba.nacos.common.remote.client - [a4fd5a5f-0a2a-456a-8b77-02ae90473caf] Register server push request handler:com.alibaba.nacos.common.remote.client.RpcClient$ConnectResetRequestHandler
2025-01-03 00:48:35.116 [main] INFO  com.alibaba.nacos.common.remote.client - [a4fd5a5f-0a2a-456a-8b77-02ae90473caf] Register server push request handler:com.alibaba.nacos.common.remote.client.RpcClient$$Lambda$609/0x000001bb264d51f0
2025-01-03 00:48:35.116 [com.alibaba.nacos.client.remote.worker] INFO  com.alibaba.nacos.common.remote.client - [a4fd5a5f-0a2a-456a-8b77-02ae90473caf] Notify connected event to listeners.
2025-01-03 00:48:35.116 [com.alibaba.nacos.client.remote.worker] INFO  com.alibaba.nacos.client.naming - Grpc connection connect
2025-01-03 00:48:35.117 [main] INFO  com.alibaba.nacos.client.naming - [REGISTER-SERVICE] Little-Red-Book registering service LittleRedBook-auth with instance Instance{instanceId='null', ip='192.168.94.1', port=8080, weight=1.0, healthy=true, enabled=true, ephemeral=true, clusterName='DEFAULT', serviceName='null', metadata={IPv6=[2409:8a28:ed3:fb64:0:0:0:1000], preserved.register.source=SPRING_CLOUD}}
2025-01-03 00:48:35.125 [main] INFO  c.a.cloud.nacos.registry.NacosServiceRegistry - nacos registry, DEFAULT_GROUP LittleRedBook-auth 192.168.94.1:8080 register finished
2025-01-03 00:48:36.237 [main] INFO  org.springframework.cloud.commons.util.InetUtils - Cannot determine local hostname
2025-01-03 00:48:36.257 [main] INFO  c.h.littleredbookauth.LittleRedBookAuthApplication - Started LittleRedBookAuthApplication in 10.347 seconds (process running for 10.792)
2025-01-03 00:48:36.262 [main] INFO  c.h.l.runner.PushRolePermissions2RedisRunner - ==> 服务启动，开始同步角色权限数据到 Redis 中...
2025-01-03 00:48:36.298 [main] WARN  c.h.l.runner.PushRolePermissions2RedisRunner - ==> 角色权限数据已经同步至 Redis 中，不再同步...
2025-01-03 00:48:36.300 [main] INFO  com.alibaba.nacos.client.config.impl.CacheData - nacos.cache.data.init.snapshot = true 
2025-01-03 00:48:36.301 [main] INFO  com.alibaba.nacos.client.config.impl.ClientWorker - [fixed-Little-Red-Book-127.0.0.1_8848] [subscribe] LittleRedBook-auth-dev.yaml+DEFAULT_GROUP+Little-Red-Book
2025-01-03 00:48:36.305 [main] INFO  com.alibaba.nacos.client.config.impl.CacheData - [fixed-Little-Red-Book-127.0.0.1_8848] [add-listener] ok, tenant=Little-Red-Book, dataId=LittleRedBook-auth-dev.yaml, group=DEFAULT_GROUP, cnt=1
2025-01-03 00:48:36.305 [main] INFO  c.a.cloud.nacos.refresh.NacosContextRefresher - [Nacos Config] Listening config: dataId=LittleRedBook-auth-dev.yaml, group=DEFAULT_GROUP
2025-01-03 00:48:36.305 [main] INFO  com.alibaba.nacos.client.config.impl.ClientWorker - [fixed-Little-Red-Book-127.0.0.1_8848] [subscribe] LittleRedBook-auth.yaml+DEFAULT_GROUP+Little-Red-Book
2025-01-03 00:48:36.305 [main] INFO  com.alibaba.nacos.client.config.impl.CacheData - [fixed-Little-Red-Book-127.0.0.1_8848] [add-listener] ok, tenant=Little-Red-Book, dataId=LittleRedBook-auth.yaml, group=DEFAULT_GROUP, cnt=1
2025-01-03 00:48:36.305 [main] INFO  c.a.cloud.nacos.refresh.NacosContextRefresher - [Nacos Config] Listening config: dataId=LittleRedBook-auth.yaml, group=DEFAULT_GROUP
2025-01-03 00:48:36.306 [main] INFO  com.alibaba.nacos.client.config.impl.ClientWorker - [fixed-Little-Red-Book-127.0.0.1_8848] [subscribe] LittleRedBook-auth+DEFAULT_GROUP+Little-Red-Book
2025-01-03 00:48:36.306 [main] INFO  com.alibaba.nacos.client.config.impl.CacheData - [fixed-Little-Red-Book-127.0.0.1_8848] [add-listener] ok, tenant=Little-Red-Book, dataId=LittleRedBook-auth, group=DEFAULT_GROUP, cnt=1
2025-01-03 00:48:36.306 [main] INFO  c.a.cloud.nacos.refresh.NacosContextRefresher - [Nacos Config] Listening config: dataId=LittleRedBook-auth, group=DEFAULT_GROUP
2025-01-03 00:48:36.650 [RMI TCP Connection(3)-192.168.10.101] INFO  o.a.c.core.ContainerBase.[Tomcat].[localhost].[/] - Initializing Spring DispatcherServlet 'dispatcherServlet'
2025-01-03 00:48:36.650 [RMI TCP Connection(3)-192.168.10.101] INFO  org.springframework.web.servlet.DispatcherServlet - Initializing Servlet 'dispatcherServlet'
2025-01-03 00:48:36.651 [RMI TCP Connection(3)-192.168.10.101] INFO  org.springframework.web.servlet.DispatcherServlet - Completed initialization in 1 ms
2025-01-03 00:50:50.411 [http-nio-8081-exec-1] INFO  o.a.c.core.ContainerBase.[Tomcat].[localhost].[/] - Initializing Spring DispatcherServlet 'dispatcherServlet'
2025-01-03 00:50:50.412 [http-nio-8081-exec-1] INFO  org.springframework.web.servlet.DispatcherServlet - Initializing Servlet 'dispatcherServlet'
2025-01-03 00:50:50.412 [http-nio-8081-exec-1] INFO  org.springframework.web.servlet.DispatcherServlet - Completed initialization in 0 ms
2025-01-03 00:50:50.433 [http-nio-8081-exec-1] INFO  c.h.f.b.operationlog.aspect.ApiOperationLogAspect - ====== 请求开始: [Feign 测试接口], 入参: , 请求类: TestFeignController, 请求方法: test =================================== 
2025-01-03 00:50:54.350 [http-nio-8081-exec-1] INFO  c.h.f.b.operationlog.aspect.ApiOperationLogAspect - ====== 请求结束: [Feign 测试接口], 耗时: 3917ms, 出参: {"success":true,"message":null,"errorCode":null,"data":null} =================================== 
2025-01-03 00:51:31.855 [Thread-2] WARN  c.alibaba.nacos.common.http.HttpClientBeanHolder - [HttpClientBeanHolder] Start destroying common HttpClient
2025-01-03 00:51:31.855 [Thread-9] WARN  com.alibaba.nacos.common.notify.NotifyCenter - [NotifyCenter] Start destroying Publisher
2025-01-03 00:51:31.855 [Thread-9] WARN  com.alibaba.nacos.common.notify.NotifyCenter - [NotifyCenter] Destruction of the end
2025-01-03 00:51:31.855 [Thread-2] WARN  c.alibaba.nacos.common.http.HttpClientBeanHolder - [HttpClientBeanHolder] Destruction of the end
2025-01-03 00:51:31.878 [SpringApplicationShutdownHook] INFO  c.a.cloud.nacos.registry.NacosServiceRegistry - De-registering from Nacos Server now...
2025-01-03 00:51:31.878 [SpringApplicationShutdownHook] INFO  com.alibaba.nacos.client.naming - [DEREGISTER-SERVICE] Little-Red-Book deregistering service LittleRedBook-oss with instance: Instance{instanceId='null', ip='192.168.94.1', port=8081, weight=1.0, healthy=true, enabled=true, ephemeral=true, clusterName='DEFAULT', serviceName='null', metadata={}}
2025-01-03 00:51:31.880 [SpringApplicationShutdownHook] INFO  c.a.cloud.nacos.registry.NacosServiceRegistry - De-registration finished.
2025-01-03 00:51:31.880 [SpringApplicationShutdownHook] INFO  com.alibaba.nacos.client.naming - com.alibaba.nacos.client.naming.cache.ServiceInfoHolder do shutdown begin
2025-01-03 00:51:31.880 [SpringApplicationShutdownHook] INFO  com.alibaba.nacos.client.naming - com.alibaba.nacos.client.naming.backups.FailoverReactor do shutdown begin
2025-01-03 00:51:31.881 [SpringApplicationShutdownHook] INFO  com.alibaba.nacos.client.naming - com.alibaba.nacos.client.naming.backups.FailoverReactor do shutdown stop
2025-01-03 00:51:31.881 [SpringApplicationShutdownHook] INFO  com.alibaba.nacos.client.naming - com.alibaba.nacos.client.naming.cache.ServiceInfoHolder do shutdown stop
2025-01-03 00:51:31.881 [SpringApplicationShutdownHook] INFO  com.alibaba.nacos.client.naming - com.alibaba.nacos.client.naming.remote.NamingClientProxyDelegate do shutdown begin
2025-01-03 00:51:31.881 [SpringApplicationShutdownHook] INFO  com.alibaba.nacos.client.naming - com.alibaba.nacos.client.naming.core.ServiceInfoUpdateService do shutdown begin
2025-01-03 00:51:31.881 [SpringApplicationShutdownHook] INFO  com.alibaba.nacos.client.naming - com.alibaba.nacos.client.naming.core.ServiceInfoUpdateService do shutdown stop
2025-01-03 00:51:31.881 [SpringApplicationShutdownHook] INFO  com.alibaba.nacos.client.naming - com.alibaba.nacos.client.naming.core.ServerListManager do shutdown begin
2025-01-03 00:51:31.881 [SpringApplicationShutdownHook] WARN  com.alibaba.nacos.client.naming - [NamingHttpClientManager] Start destroying NacosRestTemplate
2025-01-03 00:51:31.881 [SpringApplicationShutdownHook] WARN  com.alibaba.nacos.client.naming - [NamingHttpClientManager] Destruction of the end
2025-01-03 00:51:31.881 [SpringApplicationShutdownHook] INFO  com.alibaba.nacos.client.naming - com.alibaba.nacos.client.naming.core.ServerListManager do shutdown stop
2025-01-03 00:51:31.881 [SpringApplicationShutdownHook] INFO  com.alibaba.nacos.client.naming - com.alibaba.nacos.client.naming.remote.http.NamingHttpClientProxy do shutdown begin
2025-01-03 00:51:31.881 [SpringApplicationShutdownHook] WARN  com.alibaba.nacos.client.naming - [NamingHttpClientManager] Start destroying NacosRestTemplate
2025-01-03 00:51:31.881 [SpringApplicationShutdownHook] WARN  com.alibaba.nacos.client.naming - [NamingHttpClientManager] Destruction of the end
2025-01-03 00:51:31.881 [SpringApplicationShutdownHook] INFO  com.alibaba.nacos.client.naming - com.alibaba.nacos.client.naming.remote.http.NamingHttpClientProxy do shutdown stop
2025-01-03 00:51:31.881 [SpringApplicationShutdownHook] INFO  com.alibaba.nacos.common.remote.client - Shutdown rpc client, set status to shutdown
2025-01-03 00:51:31.881 [SpringApplicationShutdownHook] INFO  com.alibaba.nacos.common.remote.client - Shutdown client event executor java.util.concurrent.ScheduledThreadPoolExecutor@50f6b6f7[Running, pool size = 2, active threads = 2, queued tasks = 0, completed tasks = 0]
2025-01-03 00:51:31.881 [SpringApplicationShutdownHook] INFO  com.alibaba.nacos.common.remote.client - Close current connection 1735836511782_127.0.0.1_65445
2025-01-03 00:51:31.882 [nacos-grpc-client-executor-127.0.0.1-47] INFO  c.a.nacos.common.remote.client.grpc.GrpcClient - [1735836511782_127.0.0.1_65445]Ignore complete event,isRunning:false,isAbandon=false
2025-01-03 00:51:31.885 [SpringApplicationShutdownHook] INFO  c.a.nacos.common.remote.client.grpc.GrpcClient - Shutdown grpc executor java.util.concurrent.ThreadPoolExecutor@40e71119[Running, pool size = 4, active threads = 0, queued tasks = 0, completed tasks = 48]
2025-01-03 00:51:31.886 [SpringApplicationShutdownHook] INFO  com.alibaba.nacos.client.naming - Shutdown grpc redo service executor java.util.concurrent.ScheduledThreadPoolExecutor@257f2879[Running, pool size = 1, active threads = 0, queued tasks = 1, completed tasks = 59]
2025-01-03 00:51:31.886 [SpringApplicationShutdownHook] INFO  c.a.n.client.auth.ram.identify.CredentialWatcher - [null] CredentialWatcher is stopped
2025-01-03 00:51:31.886 [SpringApplicationShutdownHook] INFO  c.a.n.client.auth.ram.identify.CredentialService - [null] CredentialService is freed
2025-01-03 00:51:31.886 [SpringApplicationShutdownHook] INFO  com.alibaba.nacos.client.naming - com.alibaba.nacos.client.naming.remote.NamingClientProxyDelegate do shutdown stop
2025-01-03 00:51:35.621 [Thread-2] WARN  c.alibaba.nacos.common.http.HttpClientBeanHolder - [HttpClientBeanHolder] Start destroying common HttpClient
2025-01-03 00:51:35.621 [Thread-9] WARN  com.alibaba.nacos.common.notify.NotifyCenter - [NotifyCenter] Start destroying Publisher
2025-01-03 00:51:35.621 [Thread-9] WARN  com.alibaba.nacos.common.notify.NotifyCenter - [NotifyCenter] Destruction of the end
2025-01-03 00:51:35.621 [Thread-2] WARN  c.alibaba.nacos.common.http.HttpClientBeanHolder - [HttpClientBeanHolder] Destruction of the end
2025-01-03 00:51:35.665 [SpringApplicationShutdownHook] INFO  c.a.cloud.nacos.registry.NacosServiceRegistry - De-registering from Nacos Server now...
2025-01-03 00:51:35.667 [SpringApplicationShutdownHook] INFO  com.alibaba.nacos.client.naming - [DEREGISTER-SERVICE] Little-Red-Book deregistering service LittleRedBook-auth with instance: Instance{instanceId='null', ip='192.168.94.1', port=8080, weight=1.0, healthy=true, enabled=true, ephemeral=true, clusterName='DEFAULT', serviceName='null', metadata={}}
2025-01-03 00:51:35.669 [SpringApplicationShutdownHook] INFO  c.a.cloud.nacos.registry.NacosServiceRegistry - De-registration finished.
2025-01-03 00:51:35.670 [SpringApplicationShutdownHook] INFO  com.alibaba.nacos.client.naming - com.alibaba.nacos.client.naming.cache.ServiceInfoHolder do shutdown begin
2025-01-03 00:51:35.670 [SpringApplicationShutdownHook] INFO  com.alibaba.nacos.client.naming - com.alibaba.nacos.client.naming.backups.FailoverReactor do shutdown begin
2025-01-03 00:51:35.670 [SpringApplicationShutdownHook] INFO  com.alibaba.nacos.client.naming - com.alibaba.nacos.client.naming.backups.FailoverReactor do shutdown stop
2025-01-03 00:51:35.670 [SpringApplicationShutdownHook] INFO  com.alibaba.nacos.client.naming - com.alibaba.nacos.client.naming.cache.ServiceInfoHolder do shutdown stop
2025-01-03 00:51:35.670 [SpringApplicationShutdownHook] INFO  com.alibaba.nacos.client.naming - com.alibaba.nacos.client.naming.remote.NamingClientProxyDelegate do shutdown begin
2025-01-03 00:51:35.670 [SpringApplicationShutdownHook] INFO  com.alibaba.nacos.client.naming - com.alibaba.nacos.client.naming.core.ServiceInfoUpdateService do shutdown begin
2025-01-03 00:51:35.670 [SpringApplicationShutdownHook] INFO  com.alibaba.nacos.client.naming - com.alibaba.nacos.client.naming.core.ServiceInfoUpdateService do shutdown stop
2025-01-03 00:51:35.670 [SpringApplicationShutdownHook] INFO  com.alibaba.nacos.client.naming - com.alibaba.nacos.client.naming.core.ServerListManager do shutdown begin
2025-01-03 00:51:35.670 [SpringApplicationShutdownHook] WARN  com.alibaba.nacos.client.naming - [NamingHttpClientManager] Start destroying NacosRestTemplate
2025-01-03 00:51:35.670 [SpringApplicationShutdownHook] WARN  com.alibaba.nacos.client.naming - [NamingHttpClientManager] Destruction of the end
2025-01-03 00:51:35.670 [SpringApplicationShutdownHook] INFO  com.alibaba.nacos.client.naming - com.alibaba.nacos.client.naming.core.ServerListManager do shutdown stop
2025-01-03 00:51:35.670 [SpringApplicationShutdownHook] INFO  com.alibaba.nacos.client.naming - com.alibaba.nacos.client.naming.remote.http.NamingHttpClientProxy do shutdown begin
2025-01-03 00:51:35.670 [SpringApplicationShutdownHook] WARN  com.alibaba.nacos.client.naming - [NamingHttpClientManager] Start destroying NacosRestTemplate
2025-01-03 00:51:35.670 [SpringApplicationShutdownHook] WARN  com.alibaba.nacos.client.naming - [NamingHttpClientManager] Destruction of the end
2025-01-03 00:51:35.670 [SpringApplicationShutdownHook] INFO  com.alibaba.nacos.client.naming - com.alibaba.nacos.client.naming.remote.http.NamingHttpClientProxy do shutdown stop
2025-01-03 00:51:35.670 [SpringApplicationShutdownHook] INFO  com.alibaba.nacos.common.remote.client - Shutdown rpc client, set status to shutdown
2025-01-03 00:51:35.670 [SpringApplicationShutdownHook] INFO  com.alibaba.nacos.common.remote.client - Shutdown client event executor java.util.concurrent.ScheduledThreadPoolExecutor@1f81ecd9[Running, pool size = 2, active threads = 2, queued tasks = 0, completed tasks = 0]
2025-01-03 00:51:35.670 [SpringApplicationShutdownHook] INFO  com.alibaba.nacos.common.remote.client - Close current connection 1735836515002_127.0.0.1_65473
2025-01-03 00:51:35.671 [nacos-grpc-client-executor-127.0.0.1-46] INFO  c.a.nacos.common.remote.client.grpc.GrpcClient - [1735836515002_127.0.0.1_65473]Ignore complete event,isRunning:false,isAbandon=false
2025-01-03 00:51:35.672 [SpringApplicationShutdownHook] INFO  c.a.nacos.common.remote.client.grpc.GrpcClient - Shutdown grpc executor java.util.concurrent.ThreadPoolExecutor@2fd00db8[Running, pool size = 4, active threads = 0, queued tasks = 0, completed tasks = 47]
2025-01-03 00:51:35.672 [SpringApplicationShutdownHook] INFO  com.alibaba.nacos.client.naming - Shutdown grpc redo service executor java.util.concurrent.ScheduledThreadPoolExecutor@2df46005[Running, pool size = 1, active threads = 0, queued tasks = 1, completed tasks = 60]
2025-01-03 00:51:35.672 [SpringApplicationShutdownHook] INFO  c.a.n.client.auth.ram.identify.CredentialWatcher - [null] CredentialWatcher is stopped
2025-01-03 00:51:35.672 [SpringApplicationShutdownHook] INFO  c.a.n.client.auth.ram.identify.CredentialService - [null] CredentialService is freed
2025-01-03 00:51:35.672 [SpringApplicationShutdownHook] INFO  com.alibaba.nacos.client.naming - com.alibaba.nacos.client.naming.remote.NamingClientProxyDelegate do shutdown stop
2025-01-03 00:51:35.700 [SpringApplicationShutdownHook] INFO  com.alibaba.druid.pool.DruidDataSource - {dataSource-1} closing ...
2025-01-03 00:51:35.705 [SpringApplicationShutdownHook] INFO  com.alibaba.druid.pool.DruidDataSource - {dataSource-1} closed
