2025-01-03 00:01:52.469 [main] WARN  com.alibaba.nacos.client.logging.NacosLogging - Load Logback Configuration of Nacos fail, message: Could not initialize Logback Nacos logging from classpath:nacos-logback.xml
2025-01-03 00:01:52.526 [main] WARN  com.alibaba.nacos.client.logging.NacosLogging - Load Logback Configuration of Nacos fail, message: Could not initialize Logback Nacos logging from classpath:nacos-logback.xml
2025-01-03 00:01:53.914 [main] WARN  com.alibaba.nacos.client.logging.NacosLogging - Load Logback Configuration of Nacos fail, message: Could not initialize Logback Nacos logging from classpath:nacos-logback.xml
2025-01-03 00:01:53.923 [main] WARN  com.alibaba.nacos.client.logging.NacosLogging - Load Logback Configuration of Nacos fail, message: Could not initialize Logback Nacos logging from classpath:nacos-logback.xml
2025-01-03 00:01:53.925 [main] INFO  c.h.L.user.biz.LittleRedBookUserBizApplication - The following 1 profile is active: "dev"
2025-01-03 00:01:54.288 [main] INFO  o.springframework.cloud.context.scope.GenericScope - BeanFactory id=3a856f6e-9ef3-3427-9cd1-79b0b2dc6b8b
2025-01-03 00:01:54.493 [main] INFO  o.s.boot.web.embedded.tomcat.TomcatWebServer - Tomcat initialized with port(s): 8082 (http)
2025-01-03 00:01:54.502 [main] INFO  org.apache.catalina.core.StandardService - Starting service [Tomcat]
2025-01-03 00:01:54.502 [main] INFO  org.apache.catalina.core.StandardEngine - Starting Servlet engine: [Apache Tomcat/10.1.5]
2025-01-03 00:01:54.573 [main] INFO  o.a.c.core.ContainerBase.[Tomcat].[localhost].[/] - Initializing Spring embedded WebApplicationContext
2025-01-03 00:01:54.574 [main] INFO  o.s.b.w.s.c.ServletWebServerApplicationContext - Root WebApplicationContext: initialization completed in 641 ms
2025-01-03 00:01:55.914 [main] INFO  org.springframework.cloud.commons.util.InetUtils - Cannot determine local hostname
2025-01-03 00:01:55.995 [main] INFO  c.a.d.s.b.a.DruidDataSourceAutoConfigure - Init DruidDataSource
2025-01-03 00:01:56.159 [main] INFO  com.alibaba.druid.pool.DruidDataSource - {dataSource-1} inited
2025-01-03 00:01:57.411 [main] INFO  org.springframework.cloud.commons.util.InetUtils - Cannot determine local hostname
2025-01-03 00:01:57.462 [main] INFO  o.s.boot.web.embedded.tomcat.TomcatWebServer - Tomcat started on port(s): 8082 (http) with context path ''
2025-01-03 00:01:57.467 [main] WARN  com.alibaba.nacos.client.logging.NacosLogging - Load Logback Configuration of Nacos fail, message: Could not initialize Logback Nacos logging from classpath:nacos-logback.xml
2025-01-03 00:01:57.467 [main] INFO  com.alibaba.nacos.client.naming - initializer namespace from ans.namespace attribute : null
2025-01-03 00:01:57.468 [main] INFO  com.alibaba.nacos.client.naming - initializer namespace from ALIBABA_ALIWARE_NAMESPACE attribute :null
2025-01-03 00:01:57.468 [main] INFO  com.alibaba.nacos.client.naming - initializer namespace from namespace attribute :null
2025-01-03 00:01:57.486 [main] INFO  com.alibaba.nacos.client.utils.ParamUtil - [settings] [req-serv] nacos-server port:8848
2025-01-03 00:01:57.487 [main] INFO  com.alibaba.nacos.client.utils.ParamUtil - [settings] [http-client] connect timeout:1000
2025-01-03 00:01:57.487 [main] INFO  com.alibaba.nacos.client.utils.ParamUtil - PER_TASK_CONFIG_SIZE: 3000.0
2025-01-03 00:01:57.490 [main] INFO  c.a.n.p.auth.spi.client.ClientAuthPluginManager - [ClientAuthPluginManager] Load ClientAuthService com.alibaba.nacos.client.auth.impl.NacosClientAuthServiceImpl success.
2025-01-03 00:01:57.490 [main] INFO  c.a.n.p.auth.spi.client.ClientAuthPluginManager - [ClientAuthPluginManager] Load ClientAuthService com.alibaba.nacos.client.auth.ram.RamClientAuthServiceImpl success.
2025-01-03 00:01:57.492 [main] INFO  c.a.n.client.auth.ram.identify.CredentialWatcher - null No credential found
2025-01-03 00:01:57.499 [main] INFO  com.alibaba.nacos.common.remote.client - [RpcClientFactory] create a new rpc client of 221474f4-1865-42b1-ad44-2f7dfa43bd87
2025-01-03 00:01:57.510 [main] INFO  com.alibaba.nacos.common.remote.client - [221474f4-1865-42b1-ad44-2f7dfa43bd87] RpcClient init, ServerListFactory = com.alibaba.nacos.client.naming.core.ServerListManager
2025-01-03 00:01:57.510 [main] INFO  com.alibaba.nacos.common.remote.client - [221474f4-1865-42b1-ad44-2f7dfa43bd87] Registry connection listener to current client:com.alibaba.nacos.client.naming.remote.gprc.redo.NamingGrpcRedoService
2025-01-03 00:01:57.510 [main] INFO  com.alibaba.nacos.common.remote.client - [221474f4-1865-42b1-ad44-2f7dfa43bd87] Register server push request handler:com.alibaba.nacos.client.naming.remote.gprc.NamingPushRequestHandler
2025-01-03 00:01:57.512 [main] INFO  com.alibaba.nacos.common.remote.client - [221474f4-1865-42b1-ad44-2f7dfa43bd87] Try to connect to server on start up, server: {serverIp = '127.0.0.1', server main port = 8848}
2025-01-03 00:01:57.533 [main] INFO  c.a.nacos.common.remote.client.grpc.GrpcClient - grpc client connection server:127.0.0.1 ip,serverPort:9848,grpcTslConfig:{"sslProvider":"OPENSSL","enableTls":false,"mutualAuthEnable":false,"trustAll":false}
2025-01-03 00:01:58.188 [main] INFO  com.alibaba.nacos.common.remote.client - [221474f4-1865-42b1-ad44-2f7dfa43bd87] Success to connect to server [127.0.0.1:8848] on start up, connectionId = 1735833718021_127.0.0.1_64522
2025-01-03 00:01:58.188 [com.alibaba.nacos.client.remote.worker] INFO  com.alibaba.nacos.common.remote.client - [221474f4-1865-42b1-ad44-2f7dfa43bd87] Notify connected event to listeners.
2025-01-03 00:01:58.188 [com.alibaba.nacos.client.remote.worker] INFO  com.alibaba.nacos.client.naming - Grpc connection connect
2025-01-03 00:01:58.188 [main] INFO  com.alibaba.nacos.common.remote.client - [221474f4-1865-42b1-ad44-2f7dfa43bd87] Register server push request handler:com.alibaba.nacos.common.remote.client.RpcClient$ConnectResetRequestHandler
2025-01-03 00:01:58.188 [main] INFO  com.alibaba.nacos.common.remote.client - [221474f4-1865-42b1-ad44-2f7dfa43bd87] Register server push request handler:com.alibaba.nacos.common.remote.client.RpcClient$$Lambda$1071/0x000002c701762bc8
2025-01-03 00:01:58.189 [main] INFO  com.alibaba.nacos.client.naming - [REGISTER-SERVICE] Little-Red-Book registering service LittleRedBook-user with instance Instance{instanceId='null', ip='192.168.94.1', port=8082, weight=1.0, healthy=true, enabled=true, ephemeral=true, clusterName='DEFAULT', serviceName='null', metadata={IPv6=[2409:8a28:ed3:fb64:0:0:0:1000], preserved.register.source=SPRING_CLOUD}}
2025-01-03 00:01:58.205 [main] INFO  c.a.cloud.nacos.registry.NacosServiceRegistry - nacos registry, DEFAULT_GROUP LittleRedBook-user 192.168.94.1:8082 register finished
2025-01-03 00:01:59.276 [main] INFO  org.springframework.cloud.commons.util.InetUtils - Cannot determine local hostname
2025-01-03 00:01:59.280 [main] INFO  c.h.L.user.biz.LittleRedBookUserBizApplication - Started LittleRedBookUserBizApplication in 8.286 seconds (process running for 8.724)
2025-01-03 00:03:19.142 [Thread-7] WARN  com.alibaba.nacos.common.notify.NotifyCenter - [NotifyCenter] Start destroying Publisher
2025-01-03 00:03:19.142 [Thread-10] WARN  c.alibaba.nacos.common.http.HttpClientBeanHolder - [HttpClientBeanHolder] Start destroying common HttpClient
2025-01-03 00:03:19.142 [Thread-7] WARN  com.alibaba.nacos.common.notify.NotifyCenter - [NotifyCenter] Destruction of the end
2025-01-03 00:03:19.143 [Thread-10] WARN  c.alibaba.nacos.common.http.HttpClientBeanHolder - [HttpClientBeanHolder] Destruction of the end
2025-01-03 00:03:19.173 [SpringApplicationShutdownHook] INFO  com.alibaba.druid.pool.DruidDataSource - {dataSource-1} closing ...
2025-01-03 00:03:19.177 [SpringApplicationShutdownHook] INFO  com.alibaba.druid.pool.DruidDataSource - {dataSource-1} closed
2025-01-03 00:03:19.177 [SpringApplicationShutdownHook] INFO  c.a.cloud.nacos.registry.NacosServiceRegistry - De-registering from Nacos Server now...
2025-01-03 00:03:19.177 [SpringApplicationShutdownHook] INFO  com.alibaba.nacos.client.naming - [DEREGISTER-SERVICE] Little-Red-Book deregistering service LittleRedBook-user with instance: Instance{instanceId='null', ip='192.168.94.1', port=8082, weight=1.0, healthy=true, enabled=true, ephemeral=true, clusterName='DEFAULT', serviceName='null', metadata={}}
2025-01-03 00:03:19.181 [SpringApplicationShutdownHook] INFO  c.a.cloud.nacos.registry.NacosServiceRegistry - De-registration finished.
2025-01-03 00:03:19.182 [SpringApplicationShutdownHook] INFO  com.alibaba.nacos.client.naming - com.alibaba.nacos.client.naming.cache.ServiceInfoHolder do shutdown begin
2025-01-03 00:03:19.182 [SpringApplicationShutdownHook] INFO  com.alibaba.nacos.client.naming - com.alibaba.nacos.client.naming.backups.FailoverReactor do shutdown begin
2025-01-03 00:03:19.182 [SpringApplicationShutdownHook] INFO  com.alibaba.nacos.client.naming - com.alibaba.nacos.client.naming.backups.FailoverReactor do shutdown stop
2025-01-03 00:03:19.182 [SpringApplicationShutdownHook] INFO  com.alibaba.nacos.client.naming - com.alibaba.nacos.client.naming.cache.ServiceInfoHolder do shutdown stop
2025-01-03 00:03:19.182 [SpringApplicationShutdownHook] INFO  com.alibaba.nacos.client.naming - com.alibaba.nacos.client.naming.remote.NamingClientProxyDelegate do shutdown begin
2025-01-03 00:03:19.182 [SpringApplicationShutdownHook] INFO  com.alibaba.nacos.client.naming - com.alibaba.nacos.client.naming.core.ServiceInfoUpdateService do shutdown begin
2025-01-03 00:03:19.182 [SpringApplicationShutdownHook] INFO  com.alibaba.nacos.client.naming - com.alibaba.nacos.client.naming.core.ServiceInfoUpdateService do shutdown stop
2025-01-03 00:03:19.182 [SpringApplicationShutdownHook] INFO  com.alibaba.nacos.client.naming - com.alibaba.nacos.client.naming.core.ServerListManager do shutdown begin
2025-01-03 00:03:19.182 [SpringApplicationShutdownHook] WARN  com.alibaba.nacos.client.naming - [NamingHttpClientManager] Start destroying NacosRestTemplate
2025-01-03 00:03:19.182 [SpringApplicationShutdownHook] WARN  com.alibaba.nacos.client.naming - [NamingHttpClientManager] Destruction of the end
2025-01-03 00:03:19.182 [SpringApplicationShutdownHook] INFO  com.alibaba.nacos.client.naming - com.alibaba.nacos.client.naming.core.ServerListManager do shutdown stop
2025-01-03 00:03:19.182 [SpringApplicationShutdownHook] INFO  com.alibaba.nacos.client.naming - com.alibaba.nacos.client.naming.remote.http.NamingHttpClientProxy do shutdown begin
2025-01-03 00:03:19.182 [SpringApplicationShutdownHook] WARN  com.alibaba.nacos.client.naming - [NamingHttpClientManager] Start destroying NacosRestTemplate
2025-01-03 00:03:19.182 [SpringApplicationShutdownHook] WARN  com.alibaba.nacos.client.naming - [NamingHttpClientManager] Destruction of the end
2025-01-03 00:03:19.182 [SpringApplicationShutdownHook] INFO  com.alibaba.nacos.client.naming - com.alibaba.nacos.client.naming.remote.http.NamingHttpClientProxy do shutdown stop
2025-01-03 00:03:19.182 [SpringApplicationShutdownHook] INFO  com.alibaba.nacos.common.remote.client - Shutdown rpc client, set status to shutdown
2025-01-03 00:03:19.182 [SpringApplicationShutdownHook] INFO  com.alibaba.nacos.common.remote.client - Shutdown client event executor java.util.concurrent.ScheduledThreadPoolExecutor@1aad91d4[Running, pool size = 2, active threads = 2, queued tasks = 0, completed tasks = 0]
2025-01-03 00:03:19.182 [SpringApplicationShutdownHook] INFO  com.alibaba.nacos.common.remote.client - Close current connection 1735833718021_127.0.0.1_64522
2025-01-03 00:03:19.183 [nacos-grpc-client-executor-127.0.0.1-42] INFO  c.a.nacos.common.remote.client.grpc.GrpcClient - [1735833718021_127.0.0.1_64522]Ignore complete event,isRunning:false,isAbandon=false
2025-01-03 00:03:19.185 [SpringApplicationShutdownHook] INFO  c.a.nacos.common.remote.client.grpc.GrpcClient - Shutdown grpc executor java.util.concurrent.ThreadPoolExecutor@26c77d8c[Running, pool size = 7, active threads = 0, queued tasks = 0, completed tasks = 43]
2025-01-03 00:03:19.185 [SpringApplicationShutdownHook] INFO  com.alibaba.nacos.client.naming - Shutdown grpc redo service executor java.util.concurrent.ScheduledThreadPoolExecutor@302da3d9[Running, pool size = 1, active threads = 0, queued tasks = 1, completed tasks = 27]
2025-01-03 00:03:19.185 [SpringApplicationShutdownHook] INFO  c.a.n.client.auth.ram.identify.CredentialWatcher - [null] CredentialWatcher is stopped
2025-01-03 00:03:19.185 [SpringApplicationShutdownHook] INFO  c.a.n.client.auth.ram.identify.CredentialService - [null] CredentialService is freed
2025-01-03 00:03:19.185 [SpringApplicationShutdownHook] INFO  com.alibaba.nacos.client.naming - com.alibaba.nacos.client.naming.remote.NamingClientProxyDelegate do shutdown stop
2025-01-03 00:03:22.127 [main] WARN  com.alibaba.nacos.client.logging.NacosLogging - Load Logback Configuration of Nacos fail, message: Could not initialize Logback Nacos logging from classpath:nacos-logback.xml
2025-01-03 00:03:22.164 [main] WARN  com.alibaba.nacos.client.logging.NacosLogging - Load Logback Configuration of Nacos fail, message: Could not initialize Logback Nacos logging from classpath:nacos-logback.xml
2025-01-03 00:03:23.450 [main] WARN  com.alibaba.nacos.client.logging.NacosLogging - Load Logback Configuration of Nacos fail, message: Could not initialize Logback Nacos logging from classpath:nacos-logback.xml
2025-01-03 00:03:23.457 [main] WARN  com.alibaba.nacos.client.logging.NacosLogging - Load Logback Configuration of Nacos fail, message: Could not initialize Logback Nacos logging from classpath:nacos-logback.xml
2025-01-03 00:03:23.458 [main] INFO  c.h.L.user.biz.LittleRedBookUserBizApplication - The following 1 profile is active: "dev"
2025-01-03 00:03:23.769 [main] INFO  o.springframework.cloud.context.scope.GenericScope - BeanFactory id=3a856f6e-9ef3-3427-9cd1-79b0b2dc6b8b
2025-01-03 00:03:23.921 [main] INFO  o.s.boot.web.embedded.tomcat.TomcatWebServer - Tomcat initialized with port(s): 8082 (http)
2025-01-03 00:03:23.927 [main] INFO  org.apache.catalina.core.StandardService - Starting service [Tomcat]
2025-01-03 00:03:23.927 [main] INFO  org.apache.catalina.core.StandardEngine - Starting Servlet engine: [Apache Tomcat/10.1.5]
2025-01-03 00:03:23.981 [main] INFO  o.a.c.core.ContainerBase.[Tomcat].[localhost].[/] - Initializing Spring embedded WebApplicationContext
2025-01-03 00:03:23.981 [main] INFO  o.s.b.w.s.c.ServletWebServerApplicationContext - Root WebApplicationContext: initialization completed in 515 ms
2025-01-03 00:03:25.261 [main] INFO  org.springframework.cloud.commons.util.InetUtils - Cannot determine local hostname
2025-01-03 00:03:25.348 [main] INFO  c.a.d.s.b.a.DruidDataSourceAutoConfigure - Init DruidDataSource
2025-01-03 00:03:25.516 [main] INFO  com.alibaba.druid.pool.DruidDataSource - {dataSource-1} inited
2025-01-03 00:03:26.716 [main] INFO  org.springframework.cloud.commons.util.InetUtils - Cannot determine local hostname
2025-01-03 00:03:26.761 [main] INFO  o.s.boot.web.embedded.tomcat.TomcatWebServer - Tomcat started on port(s): 8082 (http) with context path ''
2025-01-03 00:03:26.764 [main] WARN  com.alibaba.nacos.client.logging.NacosLogging - Load Logback Configuration of Nacos fail, message: Could not initialize Logback Nacos logging from classpath:nacos-logback.xml
2025-01-03 00:03:26.764 [main] INFO  com.alibaba.nacos.client.naming - initializer namespace from ans.namespace attribute : null
2025-01-03 00:03:26.765 [main] INFO  com.alibaba.nacos.client.naming - initializer namespace from ALIBABA_ALIWARE_NAMESPACE attribute :null
2025-01-03 00:03:26.765 [main] INFO  com.alibaba.nacos.client.naming - initializer namespace from namespace attribute :null
2025-01-03 00:03:26.777 [main] INFO  com.alibaba.nacos.client.utils.ParamUtil - [settings] [req-serv] nacos-server port:8848
2025-01-03 00:03:26.777 [main] INFO  com.alibaba.nacos.client.utils.ParamUtil - [settings] [http-client] connect timeout:1000
2025-01-03 00:03:26.777 [main] INFO  com.alibaba.nacos.client.utils.ParamUtil - PER_TASK_CONFIG_SIZE: 3000.0
2025-01-03 00:03:26.779 [main] INFO  c.a.n.p.auth.spi.client.ClientAuthPluginManager - [ClientAuthPluginManager] Load ClientAuthService com.alibaba.nacos.client.auth.impl.NacosClientAuthServiceImpl success.
2025-01-03 00:03:26.779 [main] INFO  c.a.n.p.auth.spi.client.ClientAuthPluginManager - [ClientAuthPluginManager] Load ClientAuthService com.alibaba.nacos.client.auth.ram.RamClientAuthServiceImpl success.
2025-01-03 00:03:26.781 [main] INFO  c.a.n.client.auth.ram.identify.CredentialWatcher - null No credential found
2025-01-03 00:03:26.785 [main] INFO  com.alibaba.nacos.common.remote.client - [RpcClientFactory] create a new rpc client of 22c4c104-6c81-4f74-a0f3-bec0c26c0aac
2025-01-03 00:03:26.793 [main] INFO  com.alibaba.nacos.common.remote.client - [22c4c104-6c81-4f74-a0f3-bec0c26c0aac] RpcClient init, ServerListFactory = com.alibaba.nacos.client.naming.core.ServerListManager
2025-01-03 00:03:26.793 [main] INFO  com.alibaba.nacos.common.remote.client - [22c4c104-6c81-4f74-a0f3-bec0c26c0aac] Registry connection listener to current client:com.alibaba.nacos.client.naming.remote.gprc.redo.NamingGrpcRedoService
2025-01-03 00:03:26.793 [main] INFO  com.alibaba.nacos.common.remote.client - [22c4c104-6c81-4f74-a0f3-bec0c26c0aac] Register server push request handler:com.alibaba.nacos.client.naming.remote.gprc.NamingPushRequestHandler
2025-01-03 00:03:26.795 [main] INFO  com.alibaba.nacos.common.remote.client - [22c4c104-6c81-4f74-a0f3-bec0c26c0aac] Try to connect to server on start up, server: {serverIp = '127.0.0.1', server main port = 8848}
2025-01-03 00:03:26.815 [main] INFO  c.a.nacos.common.remote.client.grpc.GrpcClient - grpc client connection server:127.0.0.1 ip,serverPort:9848,grpcTslConfig:{"sslProvider":"OPENSSL","enableTls":false,"mutualAuthEnable":false,"trustAll":false}
2025-01-03 00:03:27.295 [main] INFO  com.alibaba.nacos.common.remote.client - [22c4c104-6c81-4f74-a0f3-bec0c26c0aac] Success to connect to server [127.0.0.1:8848] on start up, connectionId = 1735833807147_127.0.0.1_64548
2025-01-03 00:03:27.295 [com.alibaba.nacos.client.remote.worker] INFO  com.alibaba.nacos.common.remote.client - [22c4c104-6c81-4f74-a0f3-bec0c26c0aac] Notify connected event to listeners.
2025-01-03 00:03:27.295 [com.alibaba.nacos.client.remote.worker] INFO  com.alibaba.nacos.client.naming - Grpc connection connect
2025-01-03 00:03:27.296 [main] INFO  com.alibaba.nacos.common.remote.client - [22c4c104-6c81-4f74-a0f3-bec0c26c0aac] Register server push request handler:com.alibaba.nacos.common.remote.client.RpcClient$ConnectResetRequestHandler
2025-01-03 00:03:27.296 [main] INFO  com.alibaba.nacos.common.remote.client - [22c4c104-6c81-4f74-a0f3-bec0c26c0aac] Register server push request handler:com.alibaba.nacos.common.remote.client.RpcClient$$Lambda$1072/0x000001c9aa77a510
2025-01-03 00:03:27.297 [main] INFO  com.alibaba.nacos.client.naming - [REGISTER-SERVICE] Little-Red-Book registering service LittleRedBook-user with instance Instance{instanceId='null', ip='192.168.94.1', port=8082, weight=1.0, healthy=true, enabled=true, ephemeral=true, clusterName='DEFAULT', serviceName='null', metadata={IPv6=[2409:8a28:ed3:fb64:0:0:0:1000], preserved.register.source=SPRING_CLOUD}}
2025-01-03 00:03:27.306 [main] INFO  c.a.cloud.nacos.registry.NacosServiceRegistry - nacos registry, DEFAULT_GROUP LittleRedBook-user 192.168.94.1:8082 register finished
2025-01-03 00:03:28.377 [main] INFO  org.springframework.cloud.commons.util.InetUtils - Cannot determine local hostname
2025-01-03 00:03:28.382 [main] INFO  c.h.L.user.biz.LittleRedBookUserBizApplication - Started LittleRedBookUserBizApplication in 7.596 seconds (process running for 7.931)
2025-01-03 00:25:39.665 [Thread-10] WARN  c.alibaba.nacos.common.http.HttpClientBeanHolder - [HttpClientBeanHolder] Start destroying common HttpClient
2025-01-03 00:25:39.665 [Thread-7] WARN  com.alibaba.nacos.common.notify.NotifyCenter - [NotifyCenter] Start destroying Publisher
2025-01-03 00:25:39.666 [Thread-7] WARN  com.alibaba.nacos.common.notify.NotifyCenter - [NotifyCenter] Destruction of the end
2025-01-03 00:25:39.666 [Thread-10] WARN  c.alibaba.nacos.common.http.HttpClientBeanHolder - [HttpClientBeanHolder] Destruction of the end
2025-01-03 00:25:39.684 [SpringApplicationShutdownHook] INFO  com.alibaba.druid.pool.DruidDataSource - {dataSource-1} closing ...
2025-01-03 00:25:39.685 [SpringApplicationShutdownHook] INFO  com.alibaba.druid.pool.DruidDataSource - {dataSource-1} closed
2025-01-03 00:25:39.685 [SpringApplicationShutdownHook] INFO  c.a.cloud.nacos.registry.NacosServiceRegistry - De-registering from Nacos Server now...
2025-01-03 00:25:39.685 [SpringApplicationShutdownHook] INFO  com.alibaba.nacos.client.naming - [DEREGISTER-SERVICE] Little-Red-Book deregistering service LittleRedBook-user with instance: Instance{instanceId='null', ip='192.168.94.1', port=8082, weight=1.0, healthy=true, enabled=true, ephemeral=true, clusterName='DEFAULT', serviceName='null', metadata={}}
2025-01-03 00:25:39.687 [SpringApplicationShutdownHook] INFO  c.a.cloud.nacos.registry.NacosServiceRegistry - De-registration finished.
2025-01-03 00:25:39.687 [SpringApplicationShutdownHook] INFO  com.alibaba.nacos.client.naming - com.alibaba.nacos.client.naming.cache.ServiceInfoHolder do shutdown begin
2025-01-03 00:25:39.688 [SpringApplicationShutdownHook] INFO  com.alibaba.nacos.client.naming - com.alibaba.nacos.client.naming.backups.FailoverReactor do shutdown begin
2025-01-03 00:25:39.688 [SpringApplicationShutdownHook] INFO  com.alibaba.nacos.client.naming - com.alibaba.nacos.client.naming.backups.FailoverReactor do shutdown stop
2025-01-03 00:25:39.688 [SpringApplicationShutdownHook] INFO  com.alibaba.nacos.client.naming - com.alibaba.nacos.client.naming.cache.ServiceInfoHolder do shutdown stop
2025-01-03 00:25:39.688 [SpringApplicationShutdownHook] INFO  com.alibaba.nacos.client.naming - com.alibaba.nacos.client.naming.remote.NamingClientProxyDelegate do shutdown begin
2025-01-03 00:25:39.688 [SpringApplicationShutdownHook] INFO  com.alibaba.nacos.client.naming - com.alibaba.nacos.client.naming.core.ServiceInfoUpdateService do shutdown begin
2025-01-03 00:25:39.688 [SpringApplicationShutdownHook] INFO  com.alibaba.nacos.client.naming - com.alibaba.nacos.client.naming.core.ServiceInfoUpdateService do shutdown stop
2025-01-03 00:25:39.688 [SpringApplicationShutdownHook] INFO  com.alibaba.nacos.client.naming - com.alibaba.nacos.client.naming.core.ServerListManager do shutdown begin
2025-01-03 00:25:39.688 [SpringApplicationShutdownHook] WARN  com.alibaba.nacos.client.naming - [NamingHttpClientManager] Start destroying NacosRestTemplate
2025-01-03 00:25:39.688 [SpringApplicationShutdownHook] WARN  com.alibaba.nacos.client.naming - [NamingHttpClientManager] Destruction of the end
2025-01-03 00:25:39.688 [SpringApplicationShutdownHook] INFO  com.alibaba.nacos.client.naming - com.alibaba.nacos.client.naming.core.ServerListManager do shutdown stop
2025-01-03 00:25:39.688 [SpringApplicationShutdownHook] INFO  com.alibaba.nacos.client.naming - com.alibaba.nacos.client.naming.remote.http.NamingHttpClientProxy do shutdown begin
2025-01-03 00:25:39.688 [SpringApplicationShutdownHook] WARN  com.alibaba.nacos.client.naming - [NamingHttpClientManager] Start destroying NacosRestTemplate
2025-01-03 00:25:39.688 [SpringApplicationShutdownHook] WARN  com.alibaba.nacos.client.naming - [NamingHttpClientManager] Destruction of the end
2025-01-03 00:25:39.688 [SpringApplicationShutdownHook] INFO  com.alibaba.nacos.client.naming - com.alibaba.nacos.client.naming.remote.http.NamingHttpClientProxy do shutdown stop
2025-01-03 00:25:39.688 [SpringApplicationShutdownHook] INFO  com.alibaba.nacos.common.remote.client - Shutdown rpc client, set status to shutdown
2025-01-03 00:25:39.688 [SpringApplicationShutdownHook] INFO  com.alibaba.nacos.common.remote.client - Shutdown client event executor java.util.concurrent.ScheduledThreadPoolExecutor@24951f89[Running, pool size = 2, active threads = 2, queued tasks = 0, completed tasks = 0]
2025-01-03 00:25:39.688 [SpringApplicationShutdownHook] INFO  com.alibaba.nacos.common.remote.client - Close current connection 1735833807147_127.0.0.1_64548
2025-01-03 00:25:39.689 [nacos-grpc-client-executor-127.0.0.1-335] INFO  c.a.nacos.common.remote.client.grpc.GrpcClient - [1735833807147_127.0.0.1_64548]Ignore complete event,isRunning:false,isAbandon=false
2025-01-03 00:25:39.690 [SpringApplicationShutdownHook] INFO  c.a.nacos.common.remote.client.grpc.GrpcClient - Shutdown grpc executor java.util.concurrent.ThreadPoolExecutor@30c65fd8[Running, pool size = 4, active threads = 0, queued tasks = 0, completed tasks = 336]
2025-01-03 00:25:39.690 [SpringApplicationShutdownHook] INFO  com.alibaba.nacos.client.naming - Shutdown grpc redo service executor java.util.concurrent.ScheduledThreadPoolExecutor@1ee67216[Running, pool size = 1, active threads = 0, queued tasks = 1, completed tasks = 443]
2025-01-03 00:25:39.690 [SpringApplicationShutdownHook] INFO  c.a.n.client.auth.ram.identify.CredentialWatcher - [null] CredentialWatcher is stopped
2025-01-03 00:25:39.690 [SpringApplicationShutdownHook] INFO  c.a.n.client.auth.ram.identify.CredentialService - [null] CredentialService is freed
2025-01-03 00:25:39.690 [SpringApplicationShutdownHook] INFO  com.alibaba.nacos.client.naming - com.alibaba.nacos.client.naming.remote.NamingClientProxyDelegate do shutdown stop
2025-01-03 00:25:45.635 [main] WARN  com.alibaba.nacos.client.logging.NacosLogging - Load Logback Configuration of Nacos fail, message: Could not initialize Logback Nacos logging from classpath:nacos-logback.xml
2025-01-03 00:25:45.672 [main] WARN  com.alibaba.nacos.client.logging.NacosLogging - Load Logback Configuration of Nacos fail, message: Could not initialize Logback Nacos logging from classpath:nacos-logback.xml
2025-01-03 00:25:46.997 [main] WARN  com.alibaba.nacos.client.logging.NacosLogging - Load Logback Configuration of Nacos fail, message: Could not initialize Logback Nacos logging from classpath:nacos-logback.xml
2025-01-03 00:25:47.005 [main] WARN  com.alibaba.nacos.client.logging.NacosLogging - Load Logback Configuration of Nacos fail, message: Could not initialize Logback Nacos logging from classpath:nacos-logback.xml
2025-01-03 00:25:47.005 [main] INFO  c.h.L.user.biz.LittleRedBookUserBizApplication - The following 1 profile is active: "dev"
2025-01-03 00:25:47.384 [main] INFO  o.springframework.cloud.context.scope.GenericScope - BeanFactory id=f2f09576-19a5-3c16-a7e4-839c1a3c8877
2025-01-03 00:25:47.696 [main] INFO  o.s.boot.web.embedded.tomcat.TomcatWebServer - Tomcat initialized with port(s): 8082 (http)
2025-01-03 00:25:47.703 [main] INFO  org.apache.catalina.core.StandardService - Starting service [Tomcat]
2025-01-03 00:25:47.703 [main] INFO  org.apache.catalina.core.StandardEngine - Starting Servlet engine: [Apache Tomcat/10.1.5]
2025-01-03 00:25:47.777 [main] INFO  o.a.c.core.ContainerBase.[Tomcat].[localhost].[/] - Initializing Spring embedded WebApplicationContext
2025-01-03 00:25:47.777 [main] INFO  o.s.b.w.s.c.ServletWebServerApplicationContext - Root WebApplicationContext: initialization completed in 763 ms
2025-01-03 00:25:47.862 [main] INFO  c.a.d.s.b.a.DruidDataSourceAutoConfigure - Init DruidDataSource
2025-01-03 00:25:48.092 [main] INFO  com.alibaba.druid.pool.DruidDataSource - {dataSource-1} inited
2025-01-03 00:25:49.411 [main] INFO  org.springframework.cloud.commons.util.InetUtils - Cannot determine local hostname
2025-01-03 00:25:50.610 [main] INFO  org.springframework.cloud.commons.util.InetUtils - Cannot determine local hostname
2025-01-03 00:25:50.665 [main] INFO  o.s.boot.web.embedded.tomcat.TomcatWebServer - Tomcat started on port(s): 8082 (http) with context path ''
2025-01-03 00:25:50.669 [main] WARN  com.alibaba.nacos.client.logging.NacosLogging - Load Logback Configuration of Nacos fail, message: Could not initialize Logback Nacos logging from classpath:nacos-logback.xml
2025-01-03 00:25:50.669 [main] INFO  com.alibaba.nacos.client.naming - initializer namespace from ans.namespace attribute : null
2025-01-03 00:25:50.670 [main] INFO  com.alibaba.nacos.client.naming - initializer namespace from ALIBABA_ALIWARE_NAMESPACE attribute :null
2025-01-03 00:25:50.670 [main] INFO  com.alibaba.nacos.client.naming - initializer namespace from namespace attribute :null
2025-01-03 00:25:50.685 [main] INFO  com.alibaba.nacos.client.utils.ParamUtil - [settings] [req-serv] nacos-server port:8848
2025-01-03 00:25:50.686 [main] INFO  com.alibaba.nacos.client.utils.ParamUtil - [settings] [http-client] connect timeout:1000
2025-01-03 00:25:50.686 [main] INFO  com.alibaba.nacos.client.utils.ParamUtil - PER_TASK_CONFIG_SIZE: 3000.0
2025-01-03 00:25:50.689 [main] INFO  c.a.n.p.auth.spi.client.ClientAuthPluginManager - [ClientAuthPluginManager] Load ClientAuthService com.alibaba.nacos.client.auth.impl.NacosClientAuthServiceImpl success.
2025-01-03 00:25:50.690 [main] INFO  c.a.n.p.auth.spi.client.ClientAuthPluginManager - [ClientAuthPluginManager] Load ClientAuthService com.alibaba.nacos.client.auth.ram.RamClientAuthServiceImpl success.
2025-01-03 00:25:50.692 [main] INFO  c.a.n.client.auth.ram.identify.CredentialWatcher - null No credential found
2025-01-03 00:25:50.698 [main] INFO  com.alibaba.nacos.common.remote.client - [RpcClientFactory] create a new rpc client of acf84afb-660c-46b5-98a0-776ef9d781c0
2025-01-03 00:25:50.712 [main] INFO  com.alibaba.nacos.common.remote.client - [acf84afb-660c-46b5-98a0-776ef9d781c0] RpcClient init, ServerListFactory = com.alibaba.nacos.client.naming.core.ServerListManager
2025-01-03 00:25:50.712 [main] INFO  com.alibaba.nacos.common.remote.client - [acf84afb-660c-46b5-98a0-776ef9d781c0] Registry connection listener to current client:com.alibaba.nacos.client.naming.remote.gprc.redo.NamingGrpcRedoService
2025-01-03 00:25:50.712 [main] INFO  com.alibaba.nacos.common.remote.client - [acf84afb-660c-46b5-98a0-776ef9d781c0] Register server push request handler:com.alibaba.nacos.client.naming.remote.gprc.NamingPushRequestHandler
2025-01-03 00:25:50.714 [main] INFO  com.alibaba.nacos.common.remote.client - [acf84afb-660c-46b5-98a0-776ef9d781c0] Try to connect to server on start up, server: {serverIp = '127.0.0.1', server main port = 8848}
2025-01-03 00:25:50.739 [main] INFO  c.a.nacos.common.remote.client.grpc.GrpcClient - grpc client connection server:127.0.0.1 ip,serverPort:9848,grpcTslConfig:{"sslProvider":"OPENSSL","enableTls":false,"mutualAuthEnable":false,"trustAll":false}
2025-01-03 00:25:51.271 [main] INFO  com.alibaba.nacos.common.remote.client - [acf84afb-660c-46b5-98a0-776ef9d781c0] Success to connect to server [127.0.0.1:8848] on start up, connectionId = 1735835151097_127.0.0.1_64892
2025-01-03 00:25:51.271 [com.alibaba.nacos.client.remote.worker] INFO  com.alibaba.nacos.common.remote.client - [acf84afb-660c-46b5-98a0-776ef9d781c0] Notify connected event to listeners.
2025-01-03 00:25:51.271 [com.alibaba.nacos.client.remote.worker] INFO  com.alibaba.nacos.client.naming - Grpc connection connect
2025-01-03 00:25:51.272 [main] INFO  com.alibaba.nacos.common.remote.client - [acf84afb-660c-46b5-98a0-776ef9d781c0] Register server push request handler:com.alibaba.nacos.common.remote.client.RpcClient$ConnectResetRequestHandler
2025-01-03 00:25:51.272 [main] INFO  com.alibaba.nacos.common.remote.client - [acf84afb-660c-46b5-98a0-776ef9d781c0] Register server push request handler:com.alibaba.nacos.common.remote.client.RpcClient$$Lambda$1071/0x0000021bd87da510
2025-01-03 00:25:51.273 [main] INFO  com.alibaba.nacos.client.naming - [REGISTER-SERVICE] Little-Red-Book registering service LittleRedBook-user with instance Instance{instanceId='null', ip='192.168.94.1', port=8082, weight=1.0, healthy=true, enabled=true, ephemeral=true, clusterName='DEFAULT', serviceName='null', metadata={IPv6=[2409:8a28:ed3:fb64:0:0:0:1000], preserved.register.source=SPRING_CLOUD}}
2025-01-03 00:25:51.283 [main] INFO  c.a.cloud.nacos.registry.NacosServiceRegistry - nacos registry, DEFAULT_GROUP LittleRedBook-user 192.168.94.1:8082 register finished
2025-01-03 00:25:52.361 [main] INFO  org.springframework.cloud.commons.util.InetUtils - Cannot determine local hostname
2025-01-03 00:25:52.366 [main] INFO  c.h.L.user.biz.LittleRedBookUserBizApplication - Started LittleRedBookUserBizApplication in 8.113 seconds (process running for 8.453)
2025-01-03 00:33:14.050 [http-nio-8082-exec-1] INFO  o.a.c.core.ContainerBase.[Tomcat].[localhost].[/] - Initializing Spring DispatcherServlet 'dispatcherServlet'
2025-01-03 00:33:14.050 [http-nio-8082-exec-1] INFO  org.springframework.web.servlet.DispatcherServlet - Initializing Servlet 'dispatcherServlet'
2025-01-03 00:33:14.051 [http-nio-8082-exec-1] INFO  org.springframework.web.servlet.DispatcherServlet - Completed initialization in 1 ms
2025-01-03 00:33:14.060 [http-nio-8082-exec-1] INFO  c.h.f.b.context.filter.HeaderUserId2ContextFilter - ===== 设置 userId 到 ThreadLocal 中， 用户 ID: 3
2025-01-03 00:33:14.096 [http-nio-8082-exec-1] ERROR c.h.L.user.biz.exception.GlobalExceptionHandler - /user/update request error, 
org.springframework.web.multipart.MaxUploadSizeExceededException: Maximum upload size exceeded
	at org.springframework.web.multipart.support.StandardMultipartHttpServletRequest.handleParseFailure(StandardMultipartHttpServletRequest.java:119)
	at org.springframework.web.multipart.support.StandardMultipartHttpServletRequest.parseRequest(StandardMultipartHttpServletRequest.java:110)
	at org.springframework.web.multipart.support.StandardMultipartHttpServletRequest.<init>(StandardMultipartHttpServletRequest.java:86)
	at org.springframework.web.multipart.support.StandardServletMultipartResolver.resolveMultipart(StandardServletMultipartResolver.java:112)
	at org.springframework.web.servlet.DispatcherServlet.checkMultipart(DispatcherServlet.java:1218)
	at org.springframework.web.servlet.DispatcherServlet.doDispatch(DispatcherServlet.java:1052)
	at org.springframework.web.servlet.DispatcherServlet.doService(DispatcherServlet.java:973)
	at org.springframework.web.servlet.FrameworkServlet.processRequest(FrameworkServlet.java:1011)
	at org.springframework.web.servlet.FrameworkServlet.doPost(FrameworkServlet.java:914)
	at jakarta.servlet.http.HttpServlet.service(HttpServlet.java:547)
	at org.springframework.web.servlet.FrameworkServlet.service(FrameworkServlet.java:885)
	at jakarta.servlet.http.HttpServlet.service(HttpServlet.java:614)
	at org.apache.catalina.core.ApplicationFilterChain.internalDoFilter(ApplicationFilterChain.java:223)
	at org.apache.catalina.core.ApplicationFilterChain.doFilter(ApplicationFilterChain.java:158)
	at org.apache.tomcat.websocket.server.WsFilter.doFilter(WsFilter.java:53)
	at org.apache.catalina.core.ApplicationFilterChain.internalDoFilter(ApplicationFilterChain.java:185)
	at org.apache.catalina.core.ApplicationFilterChain.doFilter(ApplicationFilterChain.java:158)
	at com.haishi.framework.biz.context.filter.HeaderUserId2ContextFilter.doFilterInternal(HeaderUserId2ContextFilter.java:40)
	at org.springframework.web.filter.OncePerRequestFilter.doFilter(OncePerRequestFilter.java:116)
	at org.apache.catalina.core.ApplicationFilterChain.internalDoFilter(ApplicationFilterChain.java:185)
	at org.apache.catalina.core.ApplicationFilterChain.doFilter(ApplicationFilterChain.java:158)
	at com.alibaba.druid.support.jakarta.WebStatFilter.doFilter(WebStatFilter.java:113)
	at org.apache.catalina.core.ApplicationFilterChain.internalDoFilter(ApplicationFilterChain.java:185)
	at org.apache.catalina.core.ApplicationFilterChain.doFilter(ApplicationFilterChain.java:158)
	at org.springframework.web.filter.RequestContextFilter.doFilterInternal(RequestContextFilter.java:100)
	at org.springframework.web.filter.OncePerRequestFilter.doFilter(OncePerRequestFilter.java:116)
	at org.apache.catalina.core.ApplicationFilterChain.internalDoFilter(ApplicationFilterChain.java:185)
	at org.apache.catalina.core.ApplicationFilterChain.doFilter(ApplicationFilterChain.java:158)
	at org.springframework.web.filter.FormContentFilter.doFilterInternal(FormContentFilter.java:93)
	at org.springframework.web.filter.OncePerRequestFilter.doFilter(OncePerRequestFilter.java:116)
	at org.apache.catalina.core.ApplicationFilterChain.internalDoFilter(ApplicationFilterChain.java:185)
	at org.apache.catalina.core.ApplicationFilterChain.doFilter(ApplicationFilterChain.java:158)
	at org.springframework.web.filter.CharacterEncodingFilter.doFilterInternal(CharacterEncodingFilter.java:201)
	at org.springframework.web.filter.OncePerRequestFilter.doFilter(OncePerRequestFilter.java:116)
	at org.apache.catalina.core.ApplicationFilterChain.internalDoFilter(ApplicationFilterChain.java:185)
	at org.apache.catalina.core.ApplicationFilterChain.doFilter(ApplicationFilterChain.java:158)
	at org.apache.catalina.core.StandardWrapperValve.invoke(StandardWrapperValve.java:177)
	at org.apache.catalina.core.StandardContextValve.invoke(StandardContextValve.java:97)
	at org.apache.catalina.authenticator.AuthenticatorBase.invoke(AuthenticatorBase.java:542)
	at org.apache.catalina.core.StandardHostValve.invoke(StandardHostValve.java:119)
	at org.apache.catalina.valves.ErrorReportValve.invoke(ErrorReportValve.java:92)
	at org.apache.catalina.core.StandardEngineValve.invoke(StandardEngineValve.java:78)
	at org.apache.catalina.connector.CoyoteAdapter.service(CoyoteAdapter.java:357)
	at org.apache.coyote.http11.Http11Processor.service(Http11Processor.java:400)
	at org.apache.coyote.AbstractProcessorLight.process(AbstractProcessorLight.java:65)
	at org.apache.coyote.AbstractProtocol$ConnectionHandler.process(AbstractProtocol.java:859)
	at org.apache.tomcat.util.net.NioEndpoint$SocketProcessor.doRun(NioEndpoint.java:1734)
	at org.apache.tomcat.util.net.SocketProcessorBase.run(SocketProcessorBase.java:52)
	at org.apache.tomcat.util.threads.ThreadPoolExecutor.runWorker(ThreadPoolExecutor.java:1191)
	at org.apache.tomcat.util.threads.ThreadPoolExecutor$Worker.run(ThreadPoolExecutor.java:659)
	at org.apache.tomcat.util.threads.TaskThread$WrappingRunnable.run(TaskThread.java:61)
	at java.base/java.lang.Thread.run(Thread.java:842)
Caused by: java.lang.IllegalStateException: org.apache.tomcat.util.http.fileupload.impl.FileSizeLimitExceededException: The field avator exceeds its maximum permitted size of 1048576 bytes.
	at org.apache.catalina.connector.Request.parseParts(Request.java:2926)
	at org.apache.catalina.connector.Request.getParts(Request.java:2778)
	at org.apache.catalina.connector.RequestFacade.getParts(RequestFacade.java:1074)
	at org.springframework.web.multipart.support.StandardMultipartHttpServletRequest.parseRequest(StandardMultipartHttpServletRequest.java:93)
	... 50 common frames omitted
Caused by: org.apache.tomcat.util.http.fileupload.impl.FileSizeLimitExceededException: The field avator exceeds its maximum permitted size of 1048576 bytes.
	at org.apache.tomcat.util.http.fileupload.impl.FileItemStreamImpl$1.raiseError(FileItemStreamImpl.java:117)
	at org.apache.tomcat.util.http.fileupload.util.LimitedInputStream.checkLimit(LimitedInputStream.java:76)
	at org.apache.tomcat.util.http.fileupload.util.LimitedInputStream.read(LimitedInputStream.java:135)
	at java.base/java.io.FilterInputStream.read(FilterInputStream.java:106)
	at org.apache.tomcat.util.http.fileupload.util.Streams.copy(Streams.java:96)
	at org.apache.tomcat.util.http.fileupload.FileUploadBase.parseRequest(FileUploadBase.java:292)
	at org.apache.catalina.connector.Request.parseParts(Request.java:2884)
	... 53 common frames omitted
2025-01-03 00:33:14.117 [http-nio-8082-exec-1] INFO  c.h.f.b.context.filter.HeaderUserId2ContextFilter - ===== 删除 ThreadLocal， userId: 3
2025-01-03 00:37:25.877 [Thread-7] WARN  com.alibaba.nacos.common.notify.NotifyCenter - [NotifyCenter] Start destroying Publisher
2025-01-03 00:37:25.877 [Thread-10] WARN  c.alibaba.nacos.common.http.HttpClientBeanHolder - [HttpClientBeanHolder] Start destroying common HttpClient
2025-01-03 00:37:25.877 [Thread-7] WARN  com.alibaba.nacos.common.notify.NotifyCenter - [NotifyCenter] Destruction of the end
2025-01-03 00:37:25.878 [Thread-10] WARN  c.alibaba.nacos.common.http.HttpClientBeanHolder - [HttpClientBeanHolder] Destruction of the end
2025-01-03 00:37:25.896 [SpringApplicationShutdownHook] INFO  c.a.cloud.nacos.registry.NacosServiceRegistry - De-registering from Nacos Server now...
2025-01-03 00:37:25.897 [SpringApplicationShutdownHook] INFO  com.alibaba.nacos.client.naming - [DEREGISTER-SERVICE] Little-Red-Book deregistering service LittleRedBook-user with instance: Instance{instanceId='null', ip='192.168.94.1', port=8082, weight=1.0, healthy=true, enabled=true, ephemeral=true, clusterName='DEFAULT', serviceName='null', metadata={}}
2025-01-03 00:37:25.898 [SpringApplicationShutdownHook] INFO  c.a.cloud.nacos.registry.NacosServiceRegistry - De-registration finished.
2025-01-03 00:37:25.899 [SpringApplicationShutdownHook] INFO  com.alibaba.nacos.client.naming - com.alibaba.nacos.client.naming.cache.ServiceInfoHolder do shutdown begin
2025-01-03 00:37:25.899 [SpringApplicationShutdownHook] INFO  com.alibaba.nacos.client.naming - com.alibaba.nacos.client.naming.backups.FailoverReactor do shutdown begin
2025-01-03 00:37:25.899 [SpringApplicationShutdownHook] INFO  com.alibaba.nacos.client.naming - com.alibaba.nacos.client.naming.backups.FailoverReactor do shutdown stop
2025-01-03 00:37:25.899 [SpringApplicationShutdownHook] INFO  com.alibaba.nacos.client.naming - com.alibaba.nacos.client.naming.cache.ServiceInfoHolder do shutdown stop
2025-01-03 00:37:25.899 [SpringApplicationShutdownHook] INFO  com.alibaba.nacos.client.naming - com.alibaba.nacos.client.naming.remote.NamingClientProxyDelegate do shutdown begin
2025-01-03 00:37:25.899 [SpringApplicationShutdownHook] INFO  com.alibaba.nacos.client.naming - com.alibaba.nacos.client.naming.core.ServiceInfoUpdateService do shutdown begin
2025-01-03 00:37:25.899 [SpringApplicationShutdownHook] INFO  com.alibaba.nacos.client.naming - com.alibaba.nacos.client.naming.core.ServiceInfoUpdateService do shutdown stop
2025-01-03 00:37:25.899 [SpringApplicationShutdownHook] INFO  com.alibaba.nacos.client.naming - com.alibaba.nacos.client.naming.core.ServerListManager do shutdown begin
2025-01-03 00:37:25.899 [SpringApplicationShutdownHook] WARN  com.alibaba.nacos.client.naming - [NamingHttpClientManager] Start destroying NacosRestTemplate
2025-01-03 00:37:25.899 [SpringApplicationShutdownHook] WARN  com.alibaba.nacos.client.naming - [NamingHttpClientManager] Destruction of the end
2025-01-03 00:37:25.899 [SpringApplicationShutdownHook] INFO  com.alibaba.nacos.client.naming - com.alibaba.nacos.client.naming.core.ServerListManager do shutdown stop
2025-01-03 00:37:25.899 [SpringApplicationShutdownHook] INFO  com.alibaba.nacos.client.naming - com.alibaba.nacos.client.naming.remote.http.NamingHttpClientProxy do shutdown begin
2025-01-03 00:37:25.899 [SpringApplicationShutdownHook] WARN  com.alibaba.nacos.client.naming - [NamingHttpClientManager] Start destroying NacosRestTemplate
2025-01-03 00:37:25.899 [SpringApplicationShutdownHook] WARN  com.alibaba.nacos.client.naming - [NamingHttpClientManager] Destruction of the end
2025-01-03 00:37:25.899 [SpringApplicationShutdownHook] INFO  com.alibaba.nacos.client.naming - com.alibaba.nacos.client.naming.remote.http.NamingHttpClientProxy do shutdown stop
2025-01-03 00:37:25.899 [SpringApplicationShutdownHook] INFO  com.alibaba.nacos.common.remote.client - Shutdown rpc client, set status to shutdown
2025-01-03 00:37:25.899 [SpringApplicationShutdownHook] INFO  com.alibaba.nacos.common.remote.client - Shutdown client event executor java.util.concurrent.ScheduledThreadPoolExecutor@455db753[Running, pool size = 2, active threads = 2, queued tasks = 0, completed tasks = 0]
2025-01-03 00:37:25.899 [SpringApplicationShutdownHook] INFO  com.alibaba.nacos.common.remote.client - Close current connection 1735835151097_127.0.0.1_64892
2025-01-03 00:37:25.900 [nacos-grpc-client-executor-127.0.0.1-173] INFO  c.a.nacos.common.remote.client.grpc.GrpcClient - [1735835151097_127.0.0.1_64892]Ignore complete event,isRunning:false,isAbandon=false
2025-01-03 00:37:25.901 [SpringApplicationShutdownHook] INFO  c.a.nacos.common.remote.client.grpc.GrpcClient - Shutdown grpc executor java.util.concurrent.ThreadPoolExecutor@2a8b7338[Running, pool size = 4, active threads = 0, queued tasks = 0, completed tasks = 174]
2025-01-03 00:37:25.901 [SpringApplicationShutdownHook] INFO  com.alibaba.nacos.client.naming - Shutdown grpc redo service executor java.util.concurrent.ScheduledThreadPoolExecutor@60664d08[Running, pool size = 1, active threads = 0, queued tasks = 1, completed tasks = 231]
2025-01-03 00:37:25.901 [SpringApplicationShutdownHook] INFO  c.a.n.client.auth.ram.identify.CredentialWatcher - [null] CredentialWatcher is stopped
2025-01-03 00:37:25.901 [SpringApplicationShutdownHook] INFO  c.a.n.client.auth.ram.identify.CredentialService - [null] CredentialService is freed
2025-01-03 00:37:25.901 [SpringApplicationShutdownHook] INFO  com.alibaba.nacos.client.naming - com.alibaba.nacos.client.naming.remote.NamingClientProxyDelegate do shutdown stop
2025-01-03 00:37:25.902 [SpringApplicationShutdownHook] INFO  com.alibaba.druid.pool.DruidDataSource - {dataSource-1} closing ...
2025-01-03 00:37:25.906 [SpringApplicationShutdownHook] INFO  com.alibaba.druid.pool.DruidDataSource - {dataSource-1} closed
2025-01-03 00:37:29.944 [main] WARN  com.alibaba.nacos.client.logging.NacosLogging - Load Logback Configuration of Nacos fail, message: Could not initialize Logback Nacos logging from classpath:nacos-logback.xml
2025-01-03 00:37:29.980 [main] WARN  com.alibaba.nacos.client.logging.NacosLogging - Load Logback Configuration of Nacos fail, message: Could not initialize Logback Nacos logging from classpath:nacos-logback.xml
2025-01-03 00:37:31.285 [main] WARN  com.alibaba.nacos.client.logging.NacosLogging - Load Logback Configuration of Nacos fail, message: Could not initialize Logback Nacos logging from classpath:nacos-logback.xml
2025-01-03 00:37:31.292 [main] WARN  com.alibaba.nacos.client.logging.NacosLogging - Load Logback Configuration of Nacos fail, message: Could not initialize Logback Nacos logging from classpath:nacos-logback.xml
2025-01-03 00:37:31.293 [main] INFO  c.h.L.user.biz.LittleRedBookUserBizApplication - The following 1 profile is active: "dev"
2025-01-03 00:37:31.622 [main] INFO  o.springframework.cloud.context.scope.GenericScope - BeanFactory id=f2f09576-19a5-3c16-a7e4-839c1a3c8877
2025-01-03 00:37:31.862 [main] INFO  o.s.boot.web.embedded.tomcat.TomcatWebServer - Tomcat initialized with port(s): 8082 (http)
2025-01-03 00:37:31.868 [main] INFO  org.apache.catalina.core.StandardService - Starting service [Tomcat]
2025-01-03 00:37:31.869 [main] INFO  org.apache.catalina.core.StandardEngine - Starting Servlet engine: [Apache Tomcat/10.1.5]
2025-01-03 00:37:31.928 [main] INFO  o.a.c.core.ContainerBase.[Tomcat].[localhost].[/] - Initializing Spring embedded WebApplicationContext
2025-01-03 00:37:31.929 [main] INFO  o.s.b.w.s.c.ServletWebServerApplicationContext - Root WebApplicationContext: initialization completed in 627 ms
2025-01-03 00:37:31.982 [main] INFO  c.a.d.s.b.a.DruidDataSourceAutoConfigure - Init DruidDataSource
2025-01-03 00:37:32.170 [main] INFO  com.alibaba.druid.pool.DruidDataSource - {dataSource-1} inited
2025-01-03 00:37:33.481 [main] INFO  org.springframework.cloud.commons.util.InetUtils - Cannot determine local hostname
2025-01-03 00:37:34.665 [main] INFO  org.springframework.cloud.commons.util.InetUtils - Cannot determine local hostname
2025-01-03 00:37:34.717 [main] INFO  o.s.boot.web.embedded.tomcat.TomcatWebServer - Tomcat started on port(s): 8082 (http) with context path ''
2025-01-03 00:37:34.721 [main] WARN  com.alibaba.nacos.client.logging.NacosLogging - Load Logback Configuration of Nacos fail, message: Could not initialize Logback Nacos logging from classpath:nacos-logback.xml
2025-01-03 00:37:34.721 [main] INFO  com.alibaba.nacos.client.naming - initializer namespace from ans.namespace attribute : null
2025-01-03 00:37:34.722 [main] INFO  com.alibaba.nacos.client.naming - initializer namespace from ALIBABA_ALIWARE_NAMESPACE attribute :null
2025-01-03 00:37:34.722 [main] INFO  com.alibaba.nacos.client.naming - initializer namespace from namespace attribute :null
2025-01-03 00:37:34.735 [main] INFO  com.alibaba.nacos.client.utils.ParamUtil - [settings] [req-serv] nacos-server port:8848
2025-01-03 00:37:34.735 [main] INFO  com.alibaba.nacos.client.utils.ParamUtil - [settings] [http-client] connect timeout:1000
2025-01-03 00:37:34.735 [main] INFO  com.alibaba.nacos.client.utils.ParamUtil - PER_TASK_CONFIG_SIZE: 3000.0
2025-01-03 00:37:34.738 [main] INFO  c.a.n.p.auth.spi.client.ClientAuthPluginManager - [ClientAuthPluginManager] Load ClientAuthService com.alibaba.nacos.client.auth.impl.NacosClientAuthServiceImpl success.
2025-01-03 00:37:34.738 [main] INFO  c.a.n.p.auth.spi.client.ClientAuthPluginManager - [ClientAuthPluginManager] Load ClientAuthService com.alibaba.nacos.client.auth.ram.RamClientAuthServiceImpl success.
2025-01-03 00:37:34.739 [main] INFO  c.a.n.client.auth.ram.identify.CredentialWatcher - null No credential found
2025-01-03 00:37:34.745 [main] INFO  com.alibaba.nacos.common.remote.client - [RpcClientFactory] create a new rpc client of 8eb7a474-717d-4aa5-84be-503373557177
2025-01-03 00:37:34.754 [main] INFO  com.alibaba.nacos.common.remote.client - [8eb7a474-717d-4aa5-84be-503373557177] RpcClient init, ServerListFactory = com.alibaba.nacos.client.naming.core.ServerListManager
2025-01-03 00:37:34.754 [main] INFO  com.alibaba.nacos.common.remote.client - [8eb7a474-717d-4aa5-84be-503373557177] Registry connection listener to current client:com.alibaba.nacos.client.naming.remote.gprc.redo.NamingGrpcRedoService
2025-01-03 00:37:34.755 [main] INFO  com.alibaba.nacos.common.remote.client - [8eb7a474-717d-4aa5-84be-503373557177] Register server push request handler:com.alibaba.nacos.client.naming.remote.gprc.NamingPushRequestHandler
2025-01-03 00:37:34.756 [main] INFO  com.alibaba.nacos.common.remote.client - [8eb7a474-717d-4aa5-84be-503373557177] Try to connect to server on start up, server: {serverIp = '127.0.0.1', server main port = 8848}
2025-01-03 00:37:34.778 [main] INFO  c.a.nacos.common.remote.client.grpc.GrpcClient - grpc client connection server:127.0.0.1 ip,serverPort:9848,grpcTslConfig:{"sslProvider":"OPENSSL","enableTls":false,"mutualAuthEnable":false,"trustAll":false}
2025-01-03 00:37:35.300 [main] INFO  com.alibaba.nacos.common.remote.client - [8eb7a474-717d-4aa5-84be-503373557177] Success to connect to server [127.0.0.1:8848] on start up, connectionId = 1735835855136_127.0.0.1_65059
2025-01-03 00:37:35.300 [com.alibaba.nacos.client.remote.worker] INFO  com.alibaba.nacos.common.remote.client - [8eb7a474-717d-4aa5-84be-503373557177] Notify connected event to listeners.
2025-01-03 00:37:35.300 [com.alibaba.nacos.client.remote.worker] INFO  com.alibaba.nacos.client.naming - Grpc connection connect
2025-01-03 00:37:35.301 [main] INFO  com.alibaba.nacos.common.remote.client - [8eb7a474-717d-4aa5-84be-503373557177] Register server push request handler:com.alibaba.nacos.common.remote.client.RpcClient$ConnectResetRequestHandler
2025-01-03 00:37:35.301 [main] INFO  com.alibaba.nacos.common.remote.client - [8eb7a474-717d-4aa5-84be-503373557177] Register server push request handler:com.alibaba.nacos.common.remote.client.RpcClient$$Lambda$1071/0x000002589b7da510
2025-01-03 00:37:35.302 [main] INFO  com.alibaba.nacos.client.naming - [REGISTER-SERVICE] Little-Red-Book registering service LittleRedBook-user with instance Instance{instanceId='null', ip='192.168.94.1', port=8082, weight=1.0, healthy=true, enabled=true, ephemeral=true, clusterName='DEFAULT', serviceName='null', metadata={IPv6=[2409:8a28:ed3:fb64:0:0:0:1000], preserved.register.source=SPRING_CLOUD}}
2025-01-03 00:37:35.312 [main] INFO  c.a.cloud.nacos.registry.NacosServiceRegistry - nacos registry, DEFAULT_GROUP LittleRedBook-user 192.168.94.1:8082 register finished
2025-01-03 00:37:36.391 [main] INFO  org.springframework.cloud.commons.util.InetUtils - Cannot determine local hostname
2025-01-03 00:37:36.398 [main] INFO  c.h.L.user.biz.LittleRedBookUserBizApplication - Started LittleRedBookUserBizApplication in 7.82 seconds (process running for 8.154)
2025-01-03 00:38:00.960 [http-nio-8082-exec-1] INFO  o.a.c.core.ContainerBase.[Tomcat].[localhost].[/] - Initializing Spring DispatcherServlet 'dispatcherServlet'
2025-01-03 00:38:00.960 [http-nio-8082-exec-1] INFO  org.springframework.web.servlet.DispatcherServlet - Initializing Servlet 'dispatcherServlet'
2025-01-03 00:38:00.961 [http-nio-8082-exec-1] INFO  org.springframework.web.servlet.DispatcherServlet - Completed initialization in 1 ms
2025-01-03 00:38:00.969 [http-nio-8082-exec-1] INFO  c.h.f.b.context.filter.HeaderUserId2ContextFilter - ===== 设置 userId 到 ThreadLocal 中， 用户 ID: 3
2025-01-03 00:38:01.187 [http-nio-8082-exec-1] INFO  c.h.f.b.context.filter.HeaderUserId2ContextFilter - ===== 删除 ThreadLocal， userId: 3
2025-01-03 00:44:23.291 [Thread-7] WARN  com.alibaba.nacos.common.notify.NotifyCenter - [NotifyCenter] Start destroying Publisher
2025-01-03 00:44:23.291 [Thread-7] WARN  com.alibaba.nacos.common.notify.NotifyCenter - [NotifyCenter] Destruction of the end
2025-01-03 00:44:23.291 [Thread-10] WARN  c.alibaba.nacos.common.http.HttpClientBeanHolder - [HttpClientBeanHolder] Start destroying common HttpClient
2025-01-03 00:44:23.291 [Thread-10] WARN  c.alibaba.nacos.common.http.HttpClientBeanHolder - [HttpClientBeanHolder] Destruction of the end
2025-01-03 00:44:23.306 [SpringApplicationShutdownHook] INFO  c.a.cloud.nacos.registry.NacosServiceRegistry - De-registering from Nacos Server now...
2025-01-03 00:44:23.306 [SpringApplicationShutdownHook] INFO  com.alibaba.nacos.client.naming - [DEREGISTER-SERVICE] Little-Red-Book deregistering service LittleRedBook-user with instance: Instance{instanceId='null', ip='192.168.94.1', port=8082, weight=1.0, healthy=true, enabled=true, ephemeral=true, clusterName='DEFAULT', serviceName='null', metadata={}}
2025-01-03 00:44:23.309 [SpringApplicationShutdownHook] INFO  c.a.cloud.nacos.registry.NacosServiceRegistry - De-registration finished.
2025-01-03 00:44:23.309 [SpringApplicationShutdownHook] INFO  com.alibaba.nacos.client.naming - com.alibaba.nacos.client.naming.cache.ServiceInfoHolder do shutdown begin
2025-01-03 00:44:23.309 [SpringApplicationShutdownHook] INFO  com.alibaba.nacos.client.naming - com.alibaba.nacos.client.naming.backups.FailoverReactor do shutdown begin
2025-01-03 00:44:23.309 [SpringApplicationShutdownHook] INFO  com.alibaba.nacos.client.naming - com.alibaba.nacos.client.naming.backups.FailoverReactor do shutdown stop
2025-01-03 00:44:23.309 [SpringApplicationShutdownHook] INFO  com.alibaba.nacos.client.naming - com.alibaba.nacos.client.naming.cache.ServiceInfoHolder do shutdown stop
2025-01-03 00:44:23.309 [SpringApplicationShutdownHook] INFO  com.alibaba.nacos.client.naming - com.alibaba.nacos.client.naming.remote.NamingClientProxyDelegate do shutdown begin
2025-01-03 00:44:23.309 [SpringApplicationShutdownHook] INFO  com.alibaba.nacos.client.naming - com.alibaba.nacos.client.naming.core.ServiceInfoUpdateService do shutdown begin
2025-01-03 00:44:23.309 [SpringApplicationShutdownHook] INFO  com.alibaba.nacos.client.naming - com.alibaba.nacos.client.naming.core.ServiceInfoUpdateService do shutdown stop
2025-01-03 00:44:23.309 [SpringApplicationShutdownHook] INFO  com.alibaba.nacos.client.naming - com.alibaba.nacos.client.naming.core.ServerListManager do shutdown begin
2025-01-03 00:44:23.309 [SpringApplicationShutdownHook] WARN  com.alibaba.nacos.client.naming - [NamingHttpClientManager] Start destroying NacosRestTemplate
2025-01-03 00:44:23.309 [SpringApplicationShutdownHook] WARN  com.alibaba.nacos.client.naming - [NamingHttpClientManager] Destruction of the end
2025-01-03 00:44:23.309 [SpringApplicationShutdownHook] INFO  com.alibaba.nacos.client.naming - com.alibaba.nacos.client.naming.core.ServerListManager do shutdown stop
2025-01-03 00:44:23.309 [SpringApplicationShutdownHook] INFO  com.alibaba.nacos.client.naming - com.alibaba.nacos.client.naming.remote.http.NamingHttpClientProxy do shutdown begin
2025-01-03 00:44:23.309 [SpringApplicationShutdownHook] WARN  com.alibaba.nacos.client.naming - [NamingHttpClientManager] Start destroying NacosRestTemplate
2025-01-03 00:44:23.309 [SpringApplicationShutdownHook] WARN  com.alibaba.nacos.client.naming - [NamingHttpClientManager] Destruction of the end
2025-01-03 00:44:23.309 [SpringApplicationShutdownHook] INFO  com.alibaba.nacos.client.naming - com.alibaba.nacos.client.naming.remote.http.NamingHttpClientProxy do shutdown stop
2025-01-03 00:44:23.309 [SpringApplicationShutdownHook] INFO  com.alibaba.nacos.common.remote.client - Shutdown rpc client, set status to shutdown
2025-01-03 00:44:23.310 [SpringApplicationShutdownHook] INFO  com.alibaba.nacos.common.remote.client - Shutdown client event executor java.util.concurrent.ScheduledThreadPoolExecutor@693ca474[Running, pool size = 2, active threads = 2, queued tasks = 0, completed tasks = 0]
2025-01-03 00:44:23.310 [SpringApplicationShutdownHook] INFO  com.alibaba.nacos.common.remote.client - Close current connection 1735835855136_127.0.0.1_65059
2025-01-03 00:44:23.311 [nacos-grpc-client-executor-127.0.0.1-111] INFO  c.a.nacos.common.remote.client.grpc.GrpcClient - [1735835855136_127.0.0.1_65059]Ignore complete event,isRunning:false,isAbandon=false
2025-01-03 00:44:23.312 [SpringApplicationShutdownHook] INFO  c.a.nacos.common.remote.client.grpc.GrpcClient - Shutdown grpc executor java.util.concurrent.ThreadPoolExecutor@36596eed[Running, pool size = 4, active threads = 0, queued tasks = 0, completed tasks = 112]
2025-01-03 00:44:23.312 [SpringApplicationShutdownHook] INFO  com.alibaba.nacos.client.naming - Shutdown grpc redo service executor java.util.concurrent.ScheduledThreadPoolExecutor@6ac49790[Running, pool size = 1, active threads = 0, queued tasks = 1, completed tasks = 135]
2025-01-03 00:44:23.312 [SpringApplicationShutdownHook] INFO  c.a.n.client.auth.ram.identify.CredentialWatcher - [null] CredentialWatcher is stopped
2025-01-03 00:44:23.312 [SpringApplicationShutdownHook] INFO  c.a.n.client.auth.ram.identify.CredentialService - [null] CredentialService is freed
2025-01-03 00:44:23.312 [SpringApplicationShutdownHook] INFO  com.alibaba.nacos.client.naming - com.alibaba.nacos.client.naming.remote.NamingClientProxyDelegate do shutdown stop
2025-01-03 00:44:23.313 [SpringApplicationShutdownHook] INFO  com.alibaba.druid.pool.DruidDataSource - {dataSource-1} closing ...
2025-01-03 00:44:23.317 [SpringApplicationShutdownHook] INFO  com.alibaba.druid.pool.DruidDataSource - {dataSource-1} closed
2025-01-03 00:44:29.148 [main] WARN  com.alibaba.nacos.client.logging.NacosLogging - Load Logback Configuration of Nacos fail, message: Could not initialize Logback Nacos logging from classpath:nacos-logback.xml
2025-01-03 00:44:29.186 [main] WARN  com.alibaba.nacos.client.logging.NacosLogging - Load Logback Configuration of Nacos fail, message: Could not initialize Logback Nacos logging from classpath:nacos-logback.xml
2025-01-03 00:44:30.515 [main] WARN  com.alibaba.nacos.client.logging.NacosLogging - Load Logback Configuration of Nacos fail, message: Could not initialize Logback Nacos logging from classpath:nacos-logback.xml
2025-01-03 00:44:30.522 [main] WARN  com.alibaba.nacos.client.logging.NacosLogging - Load Logback Configuration of Nacos fail, message: Could not initialize Logback Nacos logging from classpath:nacos-logback.xml
2025-01-03 00:44:30.523 [main] INFO  c.h.L.user.biz.LittleRedBookUserBizApplication - The following 1 profile is active: "dev"
2025-01-03 00:44:30.902 [main] INFO  o.springframework.cloud.context.scope.GenericScope - BeanFactory id=481b01cd-260b-3117-ae42-6222f9b02fc1
2025-01-03 00:44:30.921 [main] INFO  o.s.c.s.PostProcessorRegistrationDelegate$BeanPostProcessorChecker - Bean 'com.haishi.LittleRedBook.oss.api.FileFeignApi' of type [org.springframework.cloud.openfeign.FeignClientFactoryBean] is not eligible for getting processed by all BeanPostProcessors (for example: not eligible for auto-proxying)
2025-01-03 00:44:31.209 [main] INFO  o.s.boot.web.embedded.tomcat.TomcatWebServer - Tomcat initialized with port(s): 8082 (http)
2025-01-03 00:44:31.215 [main] INFO  org.apache.catalina.core.StandardService - Starting service [Tomcat]
2025-01-03 00:44:31.215 [main] INFO  org.apache.catalina.core.StandardEngine - Starting Servlet engine: [Apache Tomcat/10.1.5]
2025-01-03 00:44:31.283 [main] INFO  o.a.c.core.ContainerBase.[Tomcat].[localhost].[/] - Initializing Spring embedded WebApplicationContext
2025-01-03 00:44:31.284 [main] INFO  o.s.b.w.s.c.ServletWebServerApplicationContext - Root WebApplicationContext: initialization completed in 750 ms
2025-01-03 00:44:31.346 [main] INFO  c.a.d.s.b.a.DruidDataSourceAutoConfigure - Init DruidDataSource
2025-01-03 00:44:31.539 [main] INFO  com.alibaba.druid.pool.DruidDataSource - {dataSource-1} inited
2025-01-03 00:44:31.698 [main] INFO  o.s.cloud.openfeign.FeignClientFactoryBean - For 'LittleRedBook-oss' URL not provided. Will try picking an instance via load-balancing.
2025-01-03 00:44:32.943 [main] INFO  org.springframework.cloud.commons.util.InetUtils - Cannot determine local hostname
2025-01-03 00:44:34.172 [main] INFO  org.springframework.cloud.commons.util.InetUtils - Cannot determine local hostname
2025-01-03 00:44:34.190 [main] WARN  o.s.c.l.c.LoadBalancerCacheAutoConfiguration$LoadBalancerCaffeineWarnLogger - Spring Cloud LoadBalancer is currently working with the default cache. While this cache implementation is useful for development and tests, it's recommended to use Caffeine cache in production.You can switch to using Caffeine cache, by adding it and org.springframework.cache.caffeine.CaffeineCacheManager to the classpath.
2025-01-03 00:44:34.237 [main] INFO  o.s.boot.web.embedded.tomcat.TomcatWebServer - Tomcat started on port(s): 8082 (http) with context path ''
2025-01-03 00:44:34.241 [main] WARN  com.alibaba.nacos.client.logging.NacosLogging - Load Logback Configuration of Nacos fail, message: Could not initialize Logback Nacos logging from classpath:nacos-logback.xml
2025-01-03 00:44:34.241 [main] INFO  com.alibaba.nacos.client.naming - initializer namespace from ans.namespace attribute : null
2025-01-03 00:44:34.241 [main] INFO  com.alibaba.nacos.client.naming - initializer namespace from ALIBABA_ALIWARE_NAMESPACE attribute :null
2025-01-03 00:44:34.241 [main] INFO  com.alibaba.nacos.client.naming - initializer namespace from namespace attribute :null
2025-01-03 00:44:34.257 [main] INFO  com.alibaba.nacos.client.utils.ParamUtil - [settings] [req-serv] nacos-server port:8848
2025-01-03 00:44:34.257 [main] INFO  com.alibaba.nacos.client.utils.ParamUtil - [settings] [http-client] connect timeout:1000
2025-01-03 00:44:34.258 [main] INFO  com.alibaba.nacos.client.utils.ParamUtil - PER_TASK_CONFIG_SIZE: 3000.0
2025-01-03 00:44:34.260 [main] INFO  c.a.n.p.auth.spi.client.ClientAuthPluginManager - [ClientAuthPluginManager] Load ClientAuthService com.alibaba.nacos.client.auth.impl.NacosClientAuthServiceImpl success.
2025-01-03 00:44:34.261 [main] INFO  c.a.n.p.auth.spi.client.ClientAuthPluginManager - [ClientAuthPluginManager] Load ClientAuthService com.alibaba.nacos.client.auth.ram.RamClientAuthServiceImpl success.
2025-01-03 00:44:34.262 [main] INFO  c.a.n.client.auth.ram.identify.CredentialWatcher - null No credential found
2025-01-03 00:44:34.268 [main] INFO  com.alibaba.nacos.common.remote.client - [RpcClientFactory] create a new rpc client of d09afc19-793a-4680-9458-462f6bb5b680
2025-01-03 00:44:34.278 [main] INFO  com.alibaba.nacos.common.remote.client - [d09afc19-793a-4680-9458-462f6bb5b680] RpcClient init, ServerListFactory = com.alibaba.nacos.client.naming.core.ServerListManager
2025-01-03 00:44:34.278 [main] INFO  com.alibaba.nacos.common.remote.client - [d09afc19-793a-4680-9458-462f6bb5b680] Registry connection listener to current client:com.alibaba.nacos.client.naming.remote.gprc.redo.NamingGrpcRedoService
2025-01-03 00:44:34.278 [main] INFO  com.alibaba.nacos.common.remote.client - [d09afc19-793a-4680-9458-462f6bb5b680] Register server push request handler:com.alibaba.nacos.client.naming.remote.gprc.NamingPushRequestHandler
2025-01-03 00:44:34.280 [main] INFO  com.alibaba.nacos.common.remote.client - [d09afc19-793a-4680-9458-462f6bb5b680] Try to connect to server on start up, server: {serverIp = '127.0.0.1', server main port = 8848}
2025-01-03 00:44:34.303 [main] INFO  c.a.nacos.common.remote.client.grpc.GrpcClient - grpc client connection server:127.0.0.1 ip,serverPort:9848,grpcTslConfig:{"sslProvider":"OPENSSL","enableTls":false,"mutualAuthEnable":false,"trustAll":false}
2025-01-03 00:44:34.872 [main] INFO  com.alibaba.nacos.common.remote.client - [d09afc19-793a-4680-9458-462f6bb5b680] Success to connect to server [127.0.0.1:8848] on start up, connectionId = 1735836274697_127.0.0.1_65256
2025-01-03 00:44:34.873 [main] INFO  com.alibaba.nacos.common.remote.client - [d09afc19-793a-4680-9458-462f6bb5b680] Register server push request handler:com.alibaba.nacos.common.remote.client.RpcClient$ConnectResetRequestHandler
2025-01-03 00:44:34.873 [com.alibaba.nacos.client.remote.worker] INFO  com.alibaba.nacos.common.remote.client - [d09afc19-793a-4680-9458-462f6bb5b680] Notify connected event to listeners.
2025-01-03 00:44:34.873 [com.alibaba.nacos.client.remote.worker] INFO  com.alibaba.nacos.client.naming - Grpc connection connect
2025-01-03 00:44:34.873 [main] INFO  com.alibaba.nacos.common.remote.client - [d09afc19-793a-4680-9458-462f6bb5b680] Register server push request handler:com.alibaba.nacos.common.remote.client.RpcClient$$Lambda$1132/0x000001d938846f50
2025-01-03 00:44:34.874 [main] INFO  com.alibaba.nacos.client.naming - [REGISTER-SERVICE] Little-Red-Book registering service LittleRedBook-user with instance Instance{instanceId='null', ip='192.168.94.1', port=8082, weight=1.0, healthy=true, enabled=true, ephemeral=true, clusterName='DEFAULT', serviceName='null', metadata={IPv6=[2409:8a28:ed3:fb64:0:0:0:1000], preserved.register.source=SPRING_CLOUD}}
2025-01-03 00:44:34.884 [main] INFO  c.a.cloud.nacos.registry.NacosServiceRegistry - nacos registry, DEFAULT_GROUP LittleRedBook-user 192.168.94.1:8082 register finished
2025-01-03 00:44:35.980 [main] INFO  org.springframework.cloud.commons.util.InetUtils - Cannot determine local hostname
2025-01-03 00:44:35.985 [main] INFO  c.h.L.user.biz.LittleRedBookUserBizApplication - Started LittleRedBookUserBizApplication in 8.215 seconds (process running for 8.562)
2025-01-03 00:45:28.265 [http-nio-8082-exec-1] INFO  o.a.c.core.ContainerBase.[Tomcat].[localhost].[/] - Initializing Spring DispatcherServlet 'dispatcherServlet'
2025-01-03 00:45:28.265 [http-nio-8082-exec-1] INFO  org.springframework.web.servlet.DispatcherServlet - Initializing Servlet 'dispatcherServlet'
2025-01-03 00:45:28.266 [http-nio-8082-exec-1] INFO  org.springframework.web.servlet.DispatcherServlet - Completed initialization in 1 ms
2025-01-03 00:45:28.274 [http-nio-8082-exec-1] INFO  c.h.f.b.context.filter.HeaderUserId2ContextFilter - ===== 设置 userId 到 ThreadLocal 中， 用户 ID: 3
2025-01-03 00:45:28.488 [http-nio-8082-exec-1] INFO  c.h.f.b.context.filter.HeaderUserId2ContextFilter - ===== 删除 ThreadLocal， userId: 3
2025-01-03 00:46:57.396 [http-nio-8082-exec-5] INFO  c.h.f.b.context.filter.HeaderUserId2ContextFilter - ===== 设置 userId 到 ThreadLocal 中， 用户 ID: 3
2025-01-03 00:46:57.422 [http-nio-8082-exec-5] INFO  c.h.f.b.context.filter.HeaderUserId2ContextFilter - ===== 删除 ThreadLocal， userId: 3
2025-01-03 00:47:29.792 [http-nio-8082-exec-6] INFO  c.h.f.b.context.filter.HeaderUserId2ContextFilter - ===== 设置 userId 到 ThreadLocal 中， 用户 ID: 3
2025-01-03 00:47:29.813 [http-nio-8082-exec-6] INFO  c.h.f.b.context.filter.HeaderUserId2ContextFilter - ===== 删除 ThreadLocal， userId: 3
2025-01-03 00:47:45.605 [http-nio-8082-exec-3] INFO  c.h.f.b.context.filter.HeaderUserId2ContextFilter - ===== 设置 userId 到 ThreadLocal 中， 用户 ID: 3
2025-01-03 00:47:45.627 [http-nio-8082-exec-3] INFO  c.h.f.b.context.filter.HeaderUserId2ContextFilter - ===== 删除 ThreadLocal， userId: 3
2025-01-03 00:48:12.081 [http-nio-8082-exec-7] INFO  c.h.f.b.context.filter.HeaderUserId2ContextFilter - ===== 设置 userId 到 ThreadLocal 中， 用户 ID: 3
2025-01-03 00:48:12.092 [http-nio-8082-exec-7] INFO  c.h.f.b.context.filter.HeaderUserId2ContextFilter - ===== 删除 ThreadLocal， userId: 3
2025-01-03 00:48:23.133 [Thread-10] WARN  c.alibaba.nacos.common.http.HttpClientBeanHolder - [HttpClientBeanHolder] Start destroying common HttpClient
2025-01-03 00:48:23.133 [Thread-7] WARN  com.alibaba.nacos.common.notify.NotifyCenter - [NotifyCenter] Start destroying Publisher
2025-01-03 00:48:23.133 [Thread-7] WARN  com.alibaba.nacos.common.notify.NotifyCenter - [NotifyCenter] Destruction of the end
2025-01-03 00:48:23.133 [Thread-10] WARN  c.alibaba.nacos.common.http.HttpClientBeanHolder - [HttpClientBeanHolder] Destruction of the end
2025-01-03 00:48:23.147 [SpringApplicationShutdownHook] INFO  c.a.cloud.nacos.registry.NacosServiceRegistry - De-registering from Nacos Server now...
2025-01-03 00:48:23.147 [SpringApplicationShutdownHook] INFO  com.alibaba.nacos.client.naming - [DEREGISTER-SERVICE] Little-Red-Book deregistering service LittleRedBook-user with instance: Instance{instanceId='null', ip='192.168.94.1', port=8082, weight=1.0, healthy=true, enabled=true, ephemeral=true, clusterName='DEFAULT', serviceName='null', metadata={}}
2025-01-03 00:48:23.149 [SpringApplicationShutdownHook] INFO  c.a.cloud.nacos.registry.NacosServiceRegistry - De-registration finished.
2025-01-03 00:48:23.149 [SpringApplicationShutdownHook] INFO  com.alibaba.nacos.client.naming - com.alibaba.nacos.client.naming.cache.ServiceInfoHolder do shutdown begin
2025-01-03 00:48:23.149 [SpringApplicationShutdownHook] INFO  com.alibaba.nacos.client.naming - com.alibaba.nacos.client.naming.backups.FailoverReactor do shutdown begin
2025-01-03 00:48:23.149 [SpringApplicationShutdownHook] INFO  com.alibaba.nacos.client.naming - com.alibaba.nacos.client.naming.backups.FailoverReactor do shutdown stop
2025-01-03 00:48:23.149 [SpringApplicationShutdownHook] INFO  com.alibaba.nacos.client.naming - com.alibaba.nacos.client.naming.cache.ServiceInfoHolder do shutdown stop
2025-01-03 00:48:23.149 [SpringApplicationShutdownHook] INFO  com.alibaba.nacos.client.naming - com.alibaba.nacos.client.naming.remote.NamingClientProxyDelegate do shutdown begin
2025-01-03 00:48:23.149 [SpringApplicationShutdownHook] INFO  com.alibaba.nacos.client.naming - com.alibaba.nacos.client.naming.core.ServiceInfoUpdateService do shutdown begin
2025-01-03 00:48:23.149 [SpringApplicationShutdownHook] INFO  com.alibaba.nacos.client.naming - com.alibaba.nacos.client.naming.core.ServiceInfoUpdateService do shutdown stop
2025-01-03 00:48:23.149 [SpringApplicationShutdownHook] INFO  com.alibaba.nacos.client.naming - com.alibaba.nacos.client.naming.core.ServerListManager do shutdown begin
2025-01-03 00:48:23.149 [SpringApplicationShutdownHook] WARN  com.alibaba.nacos.client.naming - [NamingHttpClientManager] Start destroying NacosRestTemplate
2025-01-03 00:48:23.149 [SpringApplicationShutdownHook] WARN  com.alibaba.nacos.client.naming - [NamingHttpClientManager] Destruction of the end
2025-01-03 00:48:23.149 [SpringApplicationShutdownHook] INFO  com.alibaba.nacos.client.naming - com.alibaba.nacos.client.naming.core.ServerListManager do shutdown stop
2025-01-03 00:48:23.149 [SpringApplicationShutdownHook] INFO  com.alibaba.nacos.client.naming - com.alibaba.nacos.client.naming.remote.http.NamingHttpClientProxy do shutdown begin
2025-01-03 00:48:23.149 [SpringApplicationShutdownHook] WARN  com.alibaba.nacos.client.naming - [NamingHttpClientManager] Start destroying NacosRestTemplate
2025-01-03 00:48:23.150 [SpringApplicationShutdownHook] WARN  com.alibaba.nacos.client.naming - [NamingHttpClientManager] Destruction of the end
2025-01-03 00:48:23.150 [SpringApplicationShutdownHook] INFO  com.alibaba.nacos.client.naming - com.alibaba.nacos.client.naming.remote.http.NamingHttpClientProxy do shutdown stop
2025-01-03 00:48:23.150 [SpringApplicationShutdownHook] INFO  com.alibaba.nacos.common.remote.client - Shutdown rpc client, set status to shutdown
2025-01-03 00:48:23.150 [SpringApplicationShutdownHook] INFO  com.alibaba.nacos.common.remote.client - Shutdown client event executor java.util.concurrent.ScheduledThreadPoolExecutor@74b879d6[Running, pool size = 2, active threads = 2, queued tasks = 0, completed tasks = 0]
2025-01-03 00:48:23.150 [SpringApplicationShutdownHook] INFO  com.alibaba.nacos.common.remote.client - Close current connection 1735836274697_127.0.0.1_65256
2025-01-03 00:48:23.151 [SpringApplicationShutdownHook] INFO  c.a.nacos.common.remote.client.grpc.GrpcClient - Shutdown grpc executor java.util.concurrent.ThreadPoolExecutor@3259d20[Running, pool size = 3, active threads = 0, queued tasks = 0, completed tasks = 70]
2025-01-03 00:48:23.151 [SpringApplicationShutdownHook] INFO  com.alibaba.nacos.client.naming - Shutdown grpc redo service executor java.util.concurrent.ScheduledThreadPoolExecutor@637c3b1a[Running, pool size = 1, active threads = 0, queued tasks = 1, completed tasks = 76]
2025-01-03 00:48:23.151 [SpringApplicationShutdownHook] INFO  c.a.n.client.auth.ram.identify.CredentialWatcher - [null] CredentialWatcher is stopped
2025-01-03 00:48:23.151 [SpringApplicationShutdownHook] INFO  c.a.n.client.auth.ram.identify.CredentialService - [null] CredentialService is freed
2025-01-03 00:48:23.151 [SpringApplicationShutdownHook] INFO  com.alibaba.nacos.client.naming - com.alibaba.nacos.client.naming.remote.NamingClientProxyDelegate do shutdown stop
2025-01-03 00:48:23.153 [SpringApplicationShutdownHook] INFO  com.alibaba.druid.pool.DruidDataSource - {dataSource-1} closing ...
2025-01-03 00:48:23.157 [SpringApplicationShutdownHook] INFO  com.alibaba.druid.pool.DruidDataSource - {dataSource-1} closed
2025-01-03 00:48:29.292 [main] WARN  com.alibaba.nacos.client.logging.NacosLogging - Load Logback Configuration of Nacos fail, message: Could not initialize Logback Nacos logging from classpath:nacos-logback.xml
2025-01-03 00:48:29.351 [main] WARN  com.alibaba.nacos.client.logging.NacosLogging - Load Logback Configuration of Nacos fail, message: Could not initialize Logback Nacos logging from classpath:nacos-logback.xml
2025-01-03 00:48:30.739 [main] WARN  com.alibaba.nacos.client.logging.NacosLogging - Load Logback Configuration of Nacos fail, message: Could not initialize Logback Nacos logging from classpath:nacos-logback.xml
2025-01-03 00:48:30.749 [main] WARN  com.alibaba.nacos.client.logging.NacosLogging - Load Logback Configuration of Nacos fail, message: Could not initialize Logback Nacos logging from classpath:nacos-logback.xml
2025-01-03 00:48:30.750 [main] INFO  c.h.L.user.biz.LittleRedBookUserBizApplication - The following 1 profile is active: "dev"
2025-01-03 00:48:31.190 [main] INFO  o.springframework.cloud.context.scope.GenericScope - BeanFactory id=481b01cd-260b-3117-ae42-6222f9b02fc1
2025-01-03 00:48:31.212 [main] INFO  o.s.c.s.PostProcessorRegistrationDelegate$BeanPostProcessorChecker - Bean 'com.haishi.LittleRedBook.oss.api.FileFeignApi' of type [org.springframework.cloud.openfeign.FeignClientFactoryBean] is not eligible for getting processed by all BeanPostProcessors (for example: not eligible for auto-proxying)
2025-01-03 00:48:31.538 [main] INFO  o.s.boot.web.embedded.tomcat.TomcatWebServer - Tomcat initialized with port(s): 8082 (http)
2025-01-03 00:48:31.553 [main] INFO  org.apache.catalina.core.StandardService - Starting service [Tomcat]
2025-01-03 00:48:31.553 [main] INFO  org.apache.catalina.core.StandardEngine - Starting Servlet engine: [Apache Tomcat/10.1.5]
2025-01-03 00:48:31.618 [main] INFO  o.a.c.core.ContainerBase.[Tomcat].[localhost].[/] - Initializing Spring embedded WebApplicationContext
2025-01-03 00:48:31.619 [main] INFO  o.s.b.w.s.c.ServletWebServerApplicationContext - Root WebApplicationContext: initialization completed in 856 ms
2025-01-03 00:48:31.684 [main] INFO  c.a.d.s.b.a.DruidDataSourceAutoConfigure - Init DruidDataSource
2025-01-03 00:48:31.895 [main] INFO  com.alibaba.druid.pool.DruidDataSource - {dataSource-1} inited
2025-01-03 00:48:32.084 [main] INFO  o.s.cloud.openfeign.FeignClientFactoryBean - For 'LittleRedBook-oss' URL not provided. Will try picking an instance via load-balancing.
2025-01-03 00:48:33.400 [main] INFO  org.springframework.cloud.commons.util.InetUtils - Cannot determine local hostname
2025-01-03 00:48:34.587 [main] INFO  org.springframework.cloud.commons.util.InetUtils - Cannot determine local hostname
2025-01-03 00:48:34.604 [main] WARN  o.s.c.l.c.LoadBalancerCacheAutoConfiguration$LoadBalancerCaffeineWarnLogger - Spring Cloud LoadBalancer is currently working with the default cache. While this cache implementation is useful for development and tests, it's recommended to use Caffeine cache in production.You can switch to using Caffeine cache, by adding it and org.springframework.cache.caffeine.CaffeineCacheManager to the classpath.
2025-01-03 00:48:34.651 [main] INFO  o.s.boot.web.embedded.tomcat.TomcatWebServer - Tomcat started on port(s): 8082 (http) with context path ''
2025-01-03 00:48:34.655 [main] WARN  com.alibaba.nacos.client.logging.NacosLogging - Load Logback Configuration of Nacos fail, message: Could not initialize Logback Nacos logging from classpath:nacos-logback.xml
2025-01-03 00:48:34.655 [main] INFO  com.alibaba.nacos.client.naming - initializer namespace from ans.namespace attribute : null
2025-01-03 00:48:34.656 [main] INFO  com.alibaba.nacos.client.naming - initializer namespace from ALIBABA_ALIWARE_NAMESPACE attribute :null
2025-01-03 00:48:34.656 [main] INFO  com.alibaba.nacos.client.naming - initializer namespace from namespace attribute :null
2025-01-03 00:48:34.671 [main] INFO  com.alibaba.nacos.client.utils.ParamUtil - [settings] [req-serv] nacos-server port:8848
2025-01-03 00:48:34.671 [main] INFO  com.alibaba.nacos.client.utils.ParamUtil - [settings] [http-client] connect timeout:1000
2025-01-03 00:48:34.672 [main] INFO  com.alibaba.nacos.client.utils.ParamUtil - PER_TASK_CONFIG_SIZE: 3000.0
2025-01-03 00:48:34.673 [main] INFO  c.a.n.p.auth.spi.client.ClientAuthPluginManager - [ClientAuthPluginManager] Load ClientAuthService com.alibaba.nacos.client.auth.impl.NacosClientAuthServiceImpl success.
2025-01-03 00:48:34.675 [main] INFO  c.a.n.p.auth.spi.client.ClientAuthPluginManager - [ClientAuthPluginManager] Load ClientAuthService com.alibaba.nacos.client.auth.ram.RamClientAuthServiceImpl success.
2025-01-03 00:48:34.676 [main] INFO  c.a.n.client.auth.ram.identify.CredentialWatcher - null No credential found
2025-01-03 00:48:34.682 [main] INFO  com.alibaba.nacos.common.remote.client - [RpcClientFactory] create a new rpc client of a2a9e3ff-f8ab-4a89-bc57-a44c4be955fa
2025-01-03 00:48:34.694 [main] INFO  com.alibaba.nacos.common.remote.client - [a2a9e3ff-f8ab-4a89-bc57-a44c4be955fa] RpcClient init, ServerListFactory = com.alibaba.nacos.client.naming.core.ServerListManager
2025-01-03 00:48:34.694 [main] INFO  com.alibaba.nacos.common.remote.client - [a2a9e3ff-f8ab-4a89-bc57-a44c4be955fa] Registry connection listener to current client:com.alibaba.nacos.client.naming.remote.gprc.redo.NamingGrpcRedoService
2025-01-03 00:48:34.694 [main] INFO  com.alibaba.nacos.common.remote.client - [a2a9e3ff-f8ab-4a89-bc57-a44c4be955fa] Register server push request handler:com.alibaba.nacos.client.naming.remote.gprc.NamingPushRequestHandler
2025-01-03 00:48:34.696 [main] INFO  com.alibaba.nacos.common.remote.client - [a2a9e3ff-f8ab-4a89-bc57-a44c4be955fa] Try to connect to server on start up, server: {serverIp = '127.0.0.1', server main port = 8848}
2025-01-03 00:48:34.722 [main] INFO  c.a.nacos.common.remote.client.grpc.GrpcClient - grpc client connection server:127.0.0.1 ip,serverPort:9848,grpcTslConfig:{"sslProvider":"OPENSSL","enableTls":false,"mutualAuthEnable":false,"trustAll":false}
2025-01-03 00:48:35.336 [main] INFO  com.alibaba.nacos.common.remote.client - [a2a9e3ff-f8ab-4a89-bc57-a44c4be955fa] Success to connect to server [127.0.0.1:8848] on start up, connectionId = 1735836515141_127.0.0.1_65474
2025-01-03 00:48:35.337 [com.alibaba.nacos.client.remote.worker] INFO  com.alibaba.nacos.common.remote.client - [a2a9e3ff-f8ab-4a89-bc57-a44c4be955fa] Notify connected event to listeners.
2025-01-03 00:48:35.337 [com.alibaba.nacos.client.remote.worker] INFO  com.alibaba.nacos.client.naming - Grpc connection connect
2025-01-03 00:48:35.337 [main] INFO  com.alibaba.nacos.common.remote.client - [a2a9e3ff-f8ab-4a89-bc57-a44c4be955fa] Register server push request handler:com.alibaba.nacos.common.remote.client.RpcClient$ConnectResetRequestHandler
2025-01-03 00:48:35.338 [main] INFO  com.alibaba.nacos.common.remote.client - [a2a9e3ff-f8ab-4a89-bc57-a44c4be955fa] Register server push request handler:com.alibaba.nacos.common.remote.client.RpcClient$$Lambda$1132/0x0000027e4e845630
2025-01-03 00:48:35.339 [main] INFO  com.alibaba.nacos.client.naming - [REGISTER-SERVICE] Little-Red-Book registering service LittleRedBook-user with instance Instance{instanceId='null', ip='192.168.94.1', port=8082, weight=1.0, healthy=true, enabled=true, ephemeral=true, clusterName='DEFAULT', serviceName='null', metadata={IPv6=[2409:8a28:ed3:fb64:0:0:0:1000], preserved.register.source=SPRING_CLOUD}}
2025-01-03 00:48:35.350 [main] INFO  c.a.cloud.nacos.registry.NacosServiceRegistry - nacos registry, DEFAULT_GROUP LittleRedBook-user 192.168.94.1:8082 register finished
2025-01-03 00:48:36.439 [main] INFO  org.springframework.cloud.commons.util.InetUtils - Cannot determine local hostname
2025-01-03 00:48:36.447 [main] INFO  c.h.L.user.biz.LittleRedBookUserBizApplication - Started LittleRedBookUserBizApplication in 8.647 seconds (process running for 9.185)
2025-01-03 00:48:50.900 [http-nio-8082-exec-1] INFO  o.a.c.core.ContainerBase.[Tomcat].[localhost].[/] - Initializing Spring DispatcherServlet 'dispatcherServlet'
2025-01-03 00:48:50.900 [http-nio-8082-exec-1] INFO  org.springframework.web.servlet.DispatcherServlet - Initializing Servlet 'dispatcherServlet'
2025-01-03 00:48:50.901 [http-nio-8082-exec-1] INFO  org.springframework.web.servlet.DispatcherServlet - Completed initialization in 1 ms
2025-01-03 00:48:50.909 [http-nio-8082-exec-1] INFO  c.h.f.b.context.filter.HeaderUserId2ContextFilter - ===== 设置 userId 到 ThreadLocal 中， 用户 ID: 3
2025-01-03 00:48:51.130 [http-nio-8082-exec-1] INFO  c.h.f.b.context.filter.HeaderUserId2ContextFilter - ===== 删除 ThreadLocal， userId: 3
2025-01-03 00:49:37.102 [http-nio-8082-exec-5] INFO  c.h.f.b.context.filter.HeaderUserId2ContextFilter - ===== 设置 userId 到 ThreadLocal 中， 用户 ID: 3
2025-01-03 00:50:30.166 [http-nio-8082-exec-5] INFO  c.h.f.b.context.filter.HeaderUserId2ContextFilter - ===== 删除 ThreadLocal， userId: 3
2025-01-03 00:50:50.288 [http-nio-8082-exec-3] INFO  c.h.f.b.context.filter.HeaderUserId2ContextFilter - ===== 设置 userId 到 ThreadLocal 中， 用户 ID: 3
2025-01-03 00:50:50.337 [http-nio-8082-exec-3] INFO  com.alibaba.nacos.client.naming - [SUBSCRIBE-SERVICE] service:LittleRedBook-oss, group:DEFAULT_GROUP, clusters: 
2025-01-03 00:50:50.348 [http-nio-8082-exec-3] INFO  com.alibaba.nacos.client.naming - init new ips(1) service: DEFAULT_GROUP@@LittleRedBook-oss -> [{"ip":"192.168.94.1","port":8081,"weight":1.0,"healthy":true,"enabled":true,"ephemeral":true,"clusterName":"DEFAULT","serviceName":"DEFAULT_GROUP@@LittleRedBook-oss","metadata":{"preserved.register.source":"SPRING_CLOUD","IPv6":"[2409:8a28:ed3:fb64:0:0:0:1000]"},"instanceHeartBeatInterval":5000,"instanceHeartBeatTimeOut":15000,"ipDeleteTimeout":30000}]
2025-01-03 00:50:50.354 [http-nio-8082-exec-3] INFO  com.alibaba.nacos.client.naming - current ips:(1) service: DEFAULT_GROUP@@LittleRedBook-oss -> [{"ip":"192.168.94.1","port":8081,"weight":1.0,"healthy":true,"enabled":true,"ephemeral":true,"clusterName":"DEFAULT","serviceName":"DEFAULT_GROUP@@LittleRedBook-oss","metadata":{"preserved.register.source":"SPRING_CLOUD","IPv6":"[2409:8a28:ed3:fb64:0:0:0:1000]"},"instanceHeartBeatInterval":5000,"instanceHeartBeatTimeOut":15000,"ipDeleteTimeout":30000}]
2025-01-03 00:50:50.886 [nacos-grpc-client-executor-127.0.0.1-34] INFO  com.alibaba.nacos.common.remote.client - [a2a9e3ff-f8ab-4a89-bc57-a44c4be955fa] Receive server push request, request = NotifySubscriberRequest, requestId = 8
2025-01-03 00:50:50.887 [nacos-grpc-client-executor-127.0.0.1-34] INFO  com.alibaba.nacos.common.remote.client - [a2a9e3ff-f8ab-4a89-bc57-a44c4be955fa] Ack server push request, request = NotifySubscriberRequest, requestId = 8
2025-01-03 00:50:54.379 [http-nio-8082-exec-3] INFO  c.h.f.b.context.filter.HeaderUserId2ContextFilter - ===== 删除 ThreadLocal， userId: 3
2025-01-03 00:51:32.422 [nacos-grpc-client-executor-127.0.0.1-45] INFO  com.alibaba.nacos.common.remote.client - [a2a9e3ff-f8ab-4a89-bc57-a44c4be955fa] Receive server push request, request = NotifySubscriberRequest, requestId = 9
2025-01-03 00:51:32.422 [nacos-grpc-client-executor-127.0.0.1-45] INFO  com.alibaba.nacos.client.naming - removed ips(1) service: DEFAULT_GROUP@@LittleRedBook-oss -> [{"ip":"192.168.94.1","port":8081,"weight":1.0,"healthy":true,"enabled":true,"ephemeral":true,"clusterName":"DEFAULT","serviceName":"DEFAULT_GROUP@@LittleRedBook-oss","metadata":{"preserved.register.source":"SPRING_CLOUD","IPv6":"[2409:8a28:ed3:fb64:0:0:0:1000]"},"instanceHeartBeatInterval":5000,"instanceHeartBeatTimeOut":15000,"ipDeleteTimeout":30000}]
2025-01-03 00:51:32.423 [nacos-grpc-client-executor-127.0.0.1-45] INFO  com.alibaba.nacos.client.naming - current ips:(0) service: DEFAULT_GROUP@@LittleRedBook-oss -> []
2025-01-03 00:51:32.424 [nacos-grpc-client-executor-127.0.0.1-45] INFO  com.alibaba.nacos.common.remote.client - [a2a9e3ff-f8ab-4a89-bc57-a44c4be955fa] Ack server push request, request = NotifySubscriberRequest, requestId = 9
2025-01-03 00:51:35.901 [Thread-7] WARN  com.alibaba.nacos.common.notify.NotifyCenter - [NotifyCenter] Start destroying Publisher
2025-01-03 00:51:35.901 [Thread-7] WARN  com.alibaba.nacos.common.notify.NotifyCenter - [NotifyCenter] Destruction of the end
2025-01-03 00:51:35.901 [Thread-10] WARN  c.alibaba.nacos.common.http.HttpClientBeanHolder - [HttpClientBeanHolder] Start destroying common HttpClient
2025-01-03 00:51:35.901 [Thread-10] WARN  c.alibaba.nacos.common.http.HttpClientBeanHolder - [HttpClientBeanHolder] Destruction of the end
2025-01-03 00:51:35.937 [SpringApplicationShutdownHook] INFO  c.a.cloud.nacos.registry.NacosServiceRegistry - De-registering from Nacos Server now...
2025-01-03 00:51:35.937 [SpringApplicationShutdownHook] INFO  com.alibaba.nacos.client.naming - [DEREGISTER-SERVICE] Little-Red-Book deregistering service LittleRedBook-user with instance: Instance{instanceId='null', ip='192.168.94.1', port=8082, weight=1.0, healthy=true, enabled=true, ephemeral=true, clusterName='DEFAULT', serviceName='null', metadata={}}
2025-01-03 00:51:35.940 [SpringApplicationShutdownHook] INFO  c.a.cloud.nacos.registry.NacosServiceRegistry - De-registration finished.
2025-01-03 00:51:35.940 [SpringApplicationShutdownHook] INFO  com.alibaba.nacos.client.naming - com.alibaba.nacos.client.naming.cache.ServiceInfoHolder do shutdown begin
2025-01-03 00:51:35.940 [SpringApplicationShutdownHook] INFO  com.alibaba.nacos.client.naming - com.alibaba.nacos.client.naming.backups.FailoverReactor do shutdown begin
2025-01-03 00:51:35.940 [SpringApplicationShutdownHook] INFO  com.alibaba.nacos.client.naming - com.alibaba.nacos.client.naming.backups.FailoverReactor do shutdown stop
2025-01-03 00:51:35.940 [SpringApplicationShutdownHook] INFO  com.alibaba.nacos.client.naming - com.alibaba.nacos.client.naming.cache.ServiceInfoHolder do shutdown stop
2025-01-03 00:51:35.940 [SpringApplicationShutdownHook] INFO  com.alibaba.nacos.client.naming - com.alibaba.nacos.client.naming.remote.NamingClientProxyDelegate do shutdown begin
2025-01-03 00:51:35.940 [SpringApplicationShutdownHook] INFO  com.alibaba.nacos.client.naming - com.alibaba.nacos.client.naming.core.ServiceInfoUpdateService do shutdown begin
2025-01-03 00:51:35.940 [SpringApplicationShutdownHook] INFO  com.alibaba.nacos.client.naming - com.alibaba.nacos.client.naming.core.ServiceInfoUpdateService do shutdown stop
2025-01-03 00:51:35.940 [SpringApplicationShutdownHook] INFO  com.alibaba.nacos.client.naming - com.alibaba.nacos.client.naming.core.ServerListManager do shutdown begin
2025-01-03 00:51:35.940 [SpringApplicationShutdownHook] WARN  com.alibaba.nacos.client.naming - [NamingHttpClientManager] Start destroying NacosRestTemplate
2025-01-03 00:51:35.940 [SpringApplicationShutdownHook] WARN  com.alibaba.nacos.client.naming - [NamingHttpClientManager] Destruction of the end
2025-01-03 00:51:35.940 [SpringApplicationShutdownHook] INFO  com.alibaba.nacos.client.naming - com.alibaba.nacos.client.naming.core.ServerListManager do shutdown stop
2025-01-03 00:51:35.940 [SpringApplicationShutdownHook] INFO  com.alibaba.nacos.client.naming - com.alibaba.nacos.client.naming.remote.http.NamingHttpClientProxy do shutdown begin
2025-01-03 00:51:35.940 [SpringApplicationShutdownHook] WARN  com.alibaba.nacos.client.naming - [NamingHttpClientManager] Start destroying NacosRestTemplate
2025-01-03 00:51:35.940 [SpringApplicationShutdownHook] WARN  com.alibaba.nacos.client.naming - [NamingHttpClientManager] Destruction of the end
2025-01-03 00:51:35.940 [SpringApplicationShutdownHook] INFO  com.alibaba.nacos.client.naming - com.alibaba.nacos.client.naming.remote.http.NamingHttpClientProxy do shutdown stop
2025-01-03 00:51:35.940 [SpringApplicationShutdownHook] INFO  com.alibaba.nacos.common.remote.client - Shutdown rpc client, set status to shutdown
2025-01-03 00:51:35.940 [SpringApplicationShutdownHook] INFO  com.alibaba.nacos.common.remote.client - Shutdown client event executor java.util.concurrent.ScheduledThreadPoolExecutor@104727d4[Running, pool size = 2, active threads = 2, queued tasks = 0, completed tasks = 0]
2025-01-03 00:51:35.940 [SpringApplicationShutdownHook] INFO  com.alibaba.nacos.common.remote.client - Close current connection 1735836515141_127.0.0.1_65474
2025-01-03 00:51:35.942 [nacos-grpc-client-executor-127.0.0.1-47] INFO  c.a.nacos.common.remote.client.grpc.GrpcClient - [1735836515141_127.0.0.1_65474]Ignore complete event,isRunning:false,isAbandon=false
2025-01-03 00:51:35.943 [SpringApplicationShutdownHook] INFO  c.a.nacos.common.remote.client.grpc.GrpcClient - Shutdown grpc executor java.util.concurrent.ThreadPoolExecutor@2801bc89[Running, pool size = 4, active threads = 0, queued tasks = 0, completed tasks = 48]
2025-01-03 00:51:35.943 [SpringApplicationShutdownHook] INFO  com.alibaba.nacos.client.naming - Shutdown grpc redo service executor java.util.concurrent.ScheduledThreadPoolExecutor@d88a79f[Running, pool size = 1, active threads = 0, queued tasks = 1, completed tasks = 44]
2025-01-03 00:51:35.943 [SpringApplicationShutdownHook] INFO  c.a.n.client.auth.ram.identify.CredentialWatcher - [null] CredentialWatcher is stopped
2025-01-03 00:51:35.943 [SpringApplicationShutdownHook] INFO  c.a.n.client.auth.ram.identify.CredentialService - [null] CredentialService is freed
2025-01-03 00:51:35.943 [SpringApplicationShutdownHook] INFO  com.alibaba.nacos.client.naming - com.alibaba.nacos.client.naming.remote.NamingClientProxyDelegate do shutdown stop
2025-01-03 00:51:35.945 [SpringApplicationShutdownHook] INFO  com.alibaba.druid.pool.DruidDataSource - {dataSource-1} closing ...
2025-01-03 00:51:35.949 [SpringApplicationShutdownHook] INFO  com.alibaba.druid.pool.DruidDataSource - {dataSource-1} closed
